<?xml version="1.0" encoding="UTF-8"?>
<testsuite name="qa.issart.com.tests.GroupCreationTests" tests="4" skipped="0" failures="0" errors="0" timestamp="2021-10-04T17:01:34" hostname="ALPHARETTA" time="7.288">
  <properties/>
  <testcase name="addToGroupList[0](GroupData{group_id=0, group_name='B4WKwetDQ0uGsHz4Rmwv'})" classname="qa.issart.com.tests.GroupCreationTests" time="1.97"/>
  <testcase name="addToGroupList[1](GroupData{group_id=0, group_name='UceMVpLrOyIE53ZRkzN5'})" classname="qa.issart.com.tests.GroupCreationTests" time="1.944"/>
  <testcase name="addToGroupList[2](GroupData{group_id=0, group_name='7DKvbDS9VtsoGNox9gCQ'})" classname="qa.issart.com.tests.GroupCreationTests" time="1.708"/>
  <testcase name="addToGroupList[3](GroupData{group_id=0, group_name='bgKyi30yjvEUNvOuUE0t'})" classname="qa.issart.com.tests.GroupCreationTests" time="1.657"/>
  <system-out><![CDATA[23:01:34.814 [Test worker] INFO  qa.issart.com.tests.TestBase - Started test addToGroupList
Hibernate: select groupdata0_.group_id as group_id1_2_, groupdata0_.group_footer as group_fo2_2_, groupdata0_.group_header as group_he3_2_, groupdata0_.group_name as group_na4_2_ from group_list groupdata0_
Hibernate: select groupconta0_.group_id as group_id2_0_0_, groupconta0_.id as id1_0_0_, contactdat1_.id as id1_1_1_, contactdat1_.aday as aday2_1_1_, contactdat1_.address as address3_1_1_, contactdat1_.address2 as address4_1_1_, contactdat1_.amonth as amonth5_1_1_, contactdat1_.ayear as ayear6_1_1_, contactdat1_.bday as bday7_1_1_, contactdat1_.bmonth as bmonth8_1_1_, contactdat1_.byear as byear9_1_1_, contactdat1_.company as company10_1_1_, contactdat1_.email as email11_1_1_, contactdat1_.email2 as email12_1_1_, contactdat1_.email3 as email13_1_1_, contactdat1_.fax as fax14_1_1_, contactdat1_.firstname as firstna15_1_1_, contactdat1_.home as home16_1_1_, contactdat1_.homepage as homepag17_1_1_, contactdat1_.lastname as lastnam18_1_1_, contactdat1_.middlename as middlen19_1_1_, contactdat1_.mobile as mobile20_1_1_, contactdat1_.nickname as nicknam21_1_1_, contactdat1_.notes as notes22_1_1_, contactdat1_.phone2 as phone23_1_1_, contactdat1_.photo as photo24_1_1_, contactdat1_.title as title25_1_1_, contactdat1_.work as work26_1_1_ from address_in_groups groupconta0_ inner join addressbook contactdat1_ on groupconta0_.id=contactdat1_.id where groupconta0_.group_id=?
Hibernate: select groupconta0_.group_id as group_id2_0_0_, groupconta0_.id as id1_0_0_, contactdat1_.id as id1_1_1_, contactdat1_.aday as aday2_1_1_, contactdat1_.address as address3_1_1_, contactdat1_.address2 as address4_1_1_, contactdat1_.amonth as amonth5_1_1_, contactdat1_.ayear as ayear6_1_1_, contactdat1_.bday as bday7_1_1_, contactdat1_.bmonth as bmonth8_1_1_, contactdat1_.byear as byear9_1_1_, contactdat1_.company as company10_1_1_, contactdat1_.email as email11_1_1_, contactdat1_.email2 as email12_1_1_, contactdat1_.email3 as email13_1_1_, contactdat1_.fax as fax14_1_1_, contactdat1_.firstname as firstna15_1_1_, contactdat1_.home as home16_1_1_, contactdat1_.homepage as homepag17_1_1_, contactdat1_.lastname as lastnam18_1_1_, contactdat1_.middlename as middlen19_1_1_, contactdat1_.mobile as mobile20_1_1_, contactdat1_.nickname as nicknam21_1_1_, contactdat1_.notes as notes22_1_1_, contactdat1_.phone2 as phone23_1_1_, contactdat1_.photo as photo24_1_1_, contactdat1_.title as title25_1_1_, contactdat1_.work as work26_1_1_ from address_in_groups groupconta0_ inner join addressbook contactdat1_ on groupconta0_.id=contactdat1_.id where groupconta0_.group_id=?
Hibernate: select groupconta0_.group_id as group_id2_0_0_, groupconta0_.id as id1_0_0_, contactdat1_.id as id1_1_1_, contactdat1_.aday as aday2_1_1_, contactdat1_.address as address3_1_1_, contactdat1_.address2 as address4_1_1_, contactdat1_.amonth as amonth5_1_1_, contactdat1_.ayear as ayear6_1_1_, contactdat1_.bday as bday7_1_1_, contactdat1_.bmonth as bmonth8_1_1_, contactdat1_.byear as byear9_1_1_, contactdat1_.company as company10_1_1_, contactdat1_.email as email11_1_1_, contactdat1_.email2 as email12_1_1_, contactdat1_.email3 as email13_1_1_, contactdat1_.fax as fax14_1_1_, contactdat1_.firstname as firstna15_1_1_, contactdat1_.home as home16_1_1_, contactdat1_.homepage as homepag17_1_1_, contactdat1_.lastname as lastnam18_1_1_, contactdat1_.middlename as middlen19_1_1_, contactdat1_.mobile as mobile20_1_1_, contactdat1_.nickname as nicknam21_1_1_, contactdat1_.notes as notes22_1_1_, contactdat1_.phone2 as phone23_1_1_, contactdat1_.photo as photo24_1_1_, contactdat1_.title as title25_1_1_, contactdat1_.work as work26_1_1_ from address_in_groups groupconta0_ inner join addressbook contactdat1_ on groupconta0_.id=contactdat1_.id where groupconta0_.group_id=?
Hibernate: select contactgro0_.id as id1_0_0_, contactgro0_.group_id as group_id2_0_0_, groupdata1_.group_id as group_id1_2_1_, groupdata1_.group_footer as group_fo2_2_1_, groupdata1_.group_header as group_he3_2_1_, groupdata1_.group_name as group_na4_2_1_ from address_in_groups contactgro0_ inner join group_list groupdata1_ on contactgro0_.group_id=groupdata1_.group_id where contactgro0_.id=?
Hibernate: select contactgro0_.id as id1_0_0_, contactgro0_.group_id as group_id2_0_0_, groupdata1_.group_id as group_id1_2_1_, groupdata1_.group_footer as group_fo2_2_1_, groupdata1_.group_header as group_he3_2_1_, groupdata1_.group_name as group_na4_2_1_ from address_in_groups contactgro0_ inner join group_list groupdata1_ on contactgro0_.group_id=groupdata1_.group_id where contactgro0_.id=?
Hibernate: select contactgro0_.id as id1_0_0_, contactgro0_.group_id as group_id2_0_0_, groupdata1_.group_id as group_id1_2_1_, groupdata1_.group_footer as group_fo2_2_1_, groupdata1_.group_header as group_he3_2_1_, groupdata1_.group_name as group_na4_2_1_ from address_in_groups contactgro0_ inner join group_list groupdata1_ on contactgro0_.group_id=groupdata1_.group_id where contactgro0_.id=?
Hibernate: select contactgro0_.id as id1_0_0_, contactgro0_.group_id as group_id2_0_0_, groupdata1_.group_id as group_id1_2_1_, groupdata1_.group_footer as group_fo2_2_1_, groupdata1_.group_header as group_he3_2_1_, groupdata1_.group_name as group_na4_2_1_ from address_in_groups contactgro0_ inner join group_list groupdata1_ on contactgro0_.group_id=groupdata1_.group_id where contactgro0_.id=?
Hibernate: select contactgro0_.id as id1_0_0_, contactgro0_.group_id as group_id2_0_0_, groupdata1_.group_id as group_id1_2_1_, groupdata1_.group_footer as group_fo2_2_1_, groupdata1_.group_header as group_he3_2_1_, groupdata1_.group_name as group_na4_2_1_ from address_in_groups contactgro0_ inner join group_list groupdata1_ on contactgro0_.group_id=groupdata1_.group_id where contactgro0_.id=?
Hibernate: select contactgro0_.id as id1_0_0_, contactgro0_.group_id as group_id2_0_0_, groupdata1_.group_id as group_id1_2_1_, groupdata1_.group_footer as group_fo2_2_1_, groupdata1_.group_header as group_he3_2_1_, groupdata1_.group_name as group_na4_2_1_ from address_in_groups contactgro0_ inner join group_list groupdata1_ on contactgro0_.group_id=groupdata1_.group_id where contactgro0_.id=?
Hibernate: select contactgro0_.id as id1_0_0_, contactgro0_.group_id as group_id2_0_0_, groupdata1_.group_id as group_id1_2_1_, groupdata1_.group_footer as group_fo2_2_1_, groupdata1_.group_header as group_he3_2_1_, groupdata1_.group_name as group_na4_2_1_ from address_in_groups contactgro0_ inner join group_list groupdata1_ on contactgro0_.group_id=groupdata1_.group_id where contactgro0_.id=?
Hibernate: select groupconta0_.group_id as group_id2_0_0_, groupconta0_.id as id1_0_0_, contactdat1_.id as id1_1_1_, contactdat1_.aday as aday2_1_1_, contactdat1_.address as address3_1_1_, contactdat1_.address2 as address4_1_1_, contactdat1_.amonth as amonth5_1_1_, contactdat1_.ayear as ayear6_1_1_, contactdat1_.bday as bday7_1_1_, contactdat1_.bmonth as bmonth8_1_1_, contactdat1_.byear as byear9_1_1_, contactdat1_.company as company10_1_1_, contactdat1_.email as email11_1_1_, contactdat1_.email2 as email12_1_1_, contactdat1_.email3 as email13_1_1_, contactdat1_.fax as fax14_1_1_, contactdat1_.firstname as firstna15_1_1_, contactdat1_.home as home16_1_1_, contactdat1_.homepage as homepag17_1_1_, contactdat1_.lastname as lastnam18_1_1_, contactdat1_.middlename as middlen19_1_1_, contactdat1_.mobile as mobile20_1_1_, contactdat1_.nickname as nicknam21_1_1_, contactdat1_.notes as notes22_1_1_, contactdat1_.phone2 as phone23_1_1_, contactdat1_.photo as photo24_1_1_, contactdat1_.title as title25_1_1_, contactdat1_.work as work26_1_1_ from address_in_groups groupconta0_ inner join addressbook contactdat1_ on groupconta0_.id=contactdat1_.id where groupconta0_.group_id=?
23:01:36.726 [Test worker] INFO  qa.issart.com.tests.TestBase - Added new group id:797 name: B4WKwetDQ0uGsHz4Rmwv
23:01:36.790 [Test worker] INFO  qa.issart.com.tests.TestBase - Started test addToGroupList
Hibernate: select groupdata0_.group_id as group_id1_2_, groupdata0_.group_footer as group_fo2_2_, groupdata0_.group_header as group_he3_2_, groupdata0_.group_name as group_na4_2_ from group_list groupdata0_
Hibernate: select groupconta0_.group_id as group_id2_0_0_, groupconta0_.id as id1_0_0_, contactdat1_.id as id1_1_1_, contactdat1_.aday as aday2_1_1_, contactdat1_.address as address3_1_1_, contactdat1_.address2 as address4_1_1_, contactdat1_.amonth as amonth5_1_1_, contactdat1_.ayear as ayear6_1_1_, contactdat1_.bday as bday7_1_1_, contactdat1_.bmonth as bmonth8_1_1_, contactdat1_.byear as byear9_1_1_, contactdat1_.company as company10_1_1_, contactdat1_.email as email11_1_1_, contactdat1_.email2 as email12_1_1_, contactdat1_.email3 as email13_1_1_, contactdat1_.fax as fax14_1_1_, contactdat1_.firstname as firstna15_1_1_, contactdat1_.home as home16_1_1_, contactdat1_.homepage as homepag17_1_1_, contactdat1_.lastname as lastnam18_1_1_, contactdat1_.middlename as middlen19_1_1_, contactdat1_.mobile as mobile20_1_1_, contactdat1_.nickname as nicknam21_1_1_, contactdat1_.notes as notes22_1_1_, contactdat1_.phone2 as phone23_1_1_, contactdat1_.photo as photo24_1_1_, contactdat1_.title as title25_1_1_, contactdat1_.work as work26_1_1_ from address_in_groups groupconta0_ inner join addressbook contactdat1_ on groupconta0_.id=contactdat1_.id where groupconta0_.group_id=?
Hibernate: select groupconta0_.group_id as group_id2_0_0_, groupconta0_.id as id1_0_0_, contactdat1_.id as id1_1_1_, contactdat1_.aday as aday2_1_1_, contactdat1_.address as address3_1_1_, contactdat1_.address2 as address4_1_1_, contactdat1_.amonth as amonth5_1_1_, contactdat1_.ayear as ayear6_1_1_, contactdat1_.bday as bday7_1_1_, contactdat1_.bmonth as bmonth8_1_1_, contactdat1_.byear as byear9_1_1_, contactdat1_.company as company10_1_1_, contactdat1_.email as email11_1_1_, contactdat1_.email2 as email12_1_1_, contactdat1_.email3 as email13_1_1_, contactdat1_.fax as fax14_1_1_, contactdat1_.firstname as firstna15_1_1_, contactdat1_.home as home16_1_1_, contactdat1_.homepage as homepag17_1_1_, contactdat1_.lastname as lastnam18_1_1_, contactdat1_.middlename as middlen19_1_1_, contactdat1_.mobile as mobile20_1_1_, contactdat1_.nickname as nicknam21_1_1_, contactdat1_.notes as notes22_1_1_, contactdat1_.phone2 as phone23_1_1_, contactdat1_.photo as photo24_1_1_, contactdat1_.title as title25_1_1_, contactdat1_.work as work26_1_1_ from address_in_groups groupconta0_ inner join addressbook contactdat1_ on groupconta0_.id=contactdat1_.id where groupconta0_.group_id=?
Hibernate: select groupconta0_.group_id as group_id2_0_0_, groupconta0_.id as id1_0_0_, contactdat1_.id as id1_1_1_, contactdat1_.aday as aday2_1_1_, contactdat1_.address as address3_1_1_, contactdat1_.address2 as address4_1_1_, contactdat1_.amonth as amonth5_1_1_, contactdat1_.ayear as ayear6_1_1_, contactdat1_.bday as bday7_1_1_, contactdat1_.bmonth as bmonth8_1_1_, contactdat1_.byear as byear9_1_1_, contactdat1_.company as company10_1_1_, contactdat1_.email as email11_1_1_, contactdat1_.email2 as email12_1_1_, contactdat1_.email3 as email13_1_1_, contactdat1_.fax as fax14_1_1_, contactdat1_.firstname as firstna15_1_1_, contactdat1_.home as home16_1_1_, contactdat1_.homepage as homepag17_1_1_, contactdat1_.lastname as lastnam18_1_1_, contactdat1_.middlename as middlen19_1_1_, contactdat1_.mobile as mobile20_1_1_, contactdat1_.nickname as nicknam21_1_1_, contactdat1_.notes as notes22_1_1_, contactdat1_.phone2 as phone23_1_1_, contactdat1_.photo as photo24_1_1_, contactdat1_.title as title25_1_1_, contactdat1_.work as work26_1_1_ from address_in_groups groupconta0_ inner join addressbook contactdat1_ on groupconta0_.id=contactdat1_.id where groupconta0_.group_id=?
Hibernate: select groupconta0_.group_id as group_id2_0_0_, groupconta0_.id as id1_0_0_, contactdat1_.id as id1_1_1_, contactdat1_.aday as aday2_1_1_, contactdat1_.address as address3_1_1_, contactdat1_.address2 as address4_1_1_, contactdat1_.amonth as amonth5_1_1_, contactdat1_.ayear as ayear6_1_1_, contactdat1_.bday as bday7_1_1_, contactdat1_.bmonth as bmonth8_1_1_, contactdat1_.byear as byear9_1_1_, contactdat1_.company as company10_1_1_, contactdat1_.email as email11_1_1_, contactdat1_.email2 as email12_1_1_, contactdat1_.email3 as email13_1_1_, contactdat1_.fax as fax14_1_1_, contactdat1_.firstname as firstna15_1_1_, contactdat1_.home as home16_1_1_, contactdat1_.homepage as homepag17_1_1_, contactdat1_.lastname as lastnam18_1_1_, contactdat1_.middlename as middlen19_1_1_, contactdat1_.mobile as mobile20_1_1_, contactdat1_.nickname as nicknam21_1_1_, contactdat1_.notes as notes22_1_1_, contactdat1_.phone2 as phone23_1_1_, contactdat1_.photo as photo24_1_1_, contactdat1_.title as title25_1_1_, contactdat1_.work as work26_1_1_ from address_in_groups groupconta0_ inner join addressbook contactdat1_ on groupconta0_.id=contactdat1_.id where groupconta0_.group_id=?
Hibernate: select contactgro0_.id as id1_0_0_, contactgro0_.group_id as group_id2_0_0_, groupdata1_.group_id as group_id1_2_1_, groupdata1_.group_footer as group_fo2_2_1_, groupdata1_.group_header as group_he3_2_1_, groupdata1_.group_name as group_na4_2_1_ from address_in_groups contactgro0_ inner join group_list groupdata1_ on contactgro0_.group_id=groupdata1_.group_id where contactgro0_.id=?
Hibernate: select contactgro0_.id as id1_0_0_, contactgro0_.group_id as group_id2_0_0_, groupdata1_.group_id as group_id1_2_1_, groupdata1_.group_footer as group_fo2_2_1_, groupdata1_.group_header as group_he3_2_1_, groupdata1_.group_name as group_na4_2_1_ from address_in_groups contactgro0_ inner join group_list groupdata1_ on contactgro0_.group_id=groupdata1_.group_id where contactgro0_.id=?
Hibernate: select contactgro0_.id as id1_0_0_, contactgro0_.group_id as group_id2_0_0_, groupdata1_.group_id as group_id1_2_1_, groupdata1_.group_footer as group_fo2_2_1_, groupdata1_.group_header as group_he3_2_1_, groupdata1_.group_name as group_na4_2_1_ from address_in_groups contactgro0_ inner join group_list groupdata1_ on contactgro0_.group_id=groupdata1_.group_id where contactgro0_.id=?
Hibernate: select contactgro0_.id as id1_0_0_, contactgro0_.group_id as group_id2_0_0_, groupdata1_.group_id as group_id1_2_1_, groupdata1_.group_footer as group_fo2_2_1_, groupdata1_.group_header as group_he3_2_1_, groupdata1_.group_name as group_na4_2_1_ from address_in_groups contactgro0_ inner join group_list groupdata1_ on contactgro0_.group_id=groupdata1_.group_id where contactgro0_.id=?
Hibernate: select contactgro0_.id as id1_0_0_, contactgro0_.group_id as group_id2_0_0_, groupdata1_.group_id as group_id1_2_1_, groupdata1_.group_footer as group_fo2_2_1_, groupdata1_.group_header as group_he3_2_1_, groupdata1_.group_name as group_na4_2_1_ from address_in_groups contactgro0_ inner join group_list groupdata1_ on contactgro0_.group_id=groupdata1_.group_id where contactgro0_.id=?
Hibernate: select contactgro0_.id as id1_0_0_, contactgro0_.group_id as group_id2_0_0_, groupdata1_.group_id as group_id1_2_1_, groupdata1_.group_footer as group_fo2_2_1_, groupdata1_.group_header as group_he3_2_1_, groupdata1_.group_name as group_na4_2_1_ from address_in_groups contactgro0_ inner join group_list groupdata1_ on contactgro0_.group_id=groupdata1_.group_id where contactgro0_.id=?
Hibernate: select contactgro0_.id as id1_0_0_, contactgro0_.group_id as group_id2_0_0_, groupdata1_.group_id as group_id1_2_1_, groupdata1_.group_footer as group_fo2_2_1_, groupdata1_.group_header as group_he3_2_1_, groupdata1_.group_name as group_na4_2_1_ from address_in_groups contactgro0_ inner join group_list groupdata1_ on contactgro0_.group_id=groupdata1_.group_id where contactgro0_.id=?
Hibernate: select groupconta0_.group_id as group_id2_0_0_, groupconta0_.id as id1_0_0_, contactdat1_.id as id1_1_1_, contactdat1_.aday as aday2_1_1_, contactdat1_.address as address3_1_1_, contactdat1_.address2 as address4_1_1_, contactdat1_.amonth as amonth5_1_1_, contactdat1_.ayear as ayear6_1_1_, contactdat1_.bday as bday7_1_1_, contactdat1_.bmonth as bmonth8_1_1_, contactdat1_.byear as byear9_1_1_, contactdat1_.company as company10_1_1_, contactdat1_.email as email11_1_1_, contactdat1_.email2 as email12_1_1_, contactdat1_.email3 as email13_1_1_, contactdat1_.fax as fax14_1_1_, contactdat1_.firstname as firstna15_1_1_, contactdat1_.home as home16_1_1_, contactdat1_.homepage as homepag17_1_1_, contactdat1_.lastname as lastnam18_1_1_, contactdat1_.middlename as middlen19_1_1_, contactdat1_.mobile as mobile20_1_1_, contactdat1_.nickname as nicknam21_1_1_, contactdat1_.notes as notes22_1_1_, contactdat1_.phone2 as phone23_1_1_, contactdat1_.photo as photo24_1_1_, contactdat1_.title as title25_1_1_, contactdat1_.work as work26_1_1_ from address_in_groups groupconta0_ inner join addressbook contactdat1_ on groupconta0_.id=contactdat1_.id where groupconta0_.group_id=?
23:01:38.734 [Test worker] INFO  qa.issart.com.tests.TestBase - Added new group id:798 name: UceMVpLrOyIE53ZRkzN5
23:01:38.736 [Test worker] INFO  qa.issart.com.tests.TestBase - Started test addToGroupList
Hibernate: select groupdata0_.group_id as group_id1_2_, groupdata0_.group_footer as group_fo2_2_, groupdata0_.group_header as group_he3_2_, groupdata0_.group_name as group_na4_2_ from group_list groupdata0_
Hibernate: select groupconta0_.group_id as group_id2_0_0_, groupconta0_.id as id1_0_0_, contactdat1_.id as id1_1_1_, contactdat1_.aday as aday2_1_1_, contactdat1_.address as address3_1_1_, contactdat1_.address2 as address4_1_1_, contactdat1_.amonth as amonth5_1_1_, contactdat1_.ayear as ayear6_1_1_, contactdat1_.bday as bday7_1_1_, contactdat1_.bmonth as bmonth8_1_1_, contactdat1_.byear as byear9_1_1_, contactdat1_.company as company10_1_1_, contactdat1_.email as email11_1_1_, contactdat1_.email2 as email12_1_1_, contactdat1_.email3 as email13_1_1_, contactdat1_.fax as fax14_1_1_, contactdat1_.firstname as firstna15_1_1_, contactdat1_.home as home16_1_1_, contactdat1_.homepage as homepag17_1_1_, contactdat1_.lastname as lastnam18_1_1_, contactdat1_.middlename as middlen19_1_1_, contactdat1_.mobile as mobile20_1_1_, contactdat1_.nickname as nicknam21_1_1_, contactdat1_.notes as notes22_1_1_, contactdat1_.phone2 as phone23_1_1_, contactdat1_.photo as photo24_1_1_, contactdat1_.title as title25_1_1_, contactdat1_.work as work26_1_1_ from address_in_groups groupconta0_ inner join addressbook contactdat1_ on groupconta0_.id=contactdat1_.id where groupconta0_.group_id=?
Hibernate: select groupconta0_.group_id as group_id2_0_0_, groupconta0_.id as id1_0_0_, contactdat1_.id as id1_1_1_, contactdat1_.aday as aday2_1_1_, contactdat1_.address as address3_1_1_, contactdat1_.address2 as address4_1_1_, contactdat1_.amonth as amonth5_1_1_, contactdat1_.ayear as ayear6_1_1_, contactdat1_.bday as bday7_1_1_, contactdat1_.bmonth as bmonth8_1_1_, contactdat1_.byear as byear9_1_1_, contactdat1_.company as company10_1_1_, contactdat1_.email as email11_1_1_, contactdat1_.email2 as email12_1_1_, contactdat1_.email3 as email13_1_1_, contactdat1_.fax as fax14_1_1_, contactdat1_.firstname as firstna15_1_1_, contactdat1_.home as home16_1_1_, contactdat1_.homepage as homepag17_1_1_, contactdat1_.lastname as lastnam18_1_1_, contactdat1_.middlename as middlen19_1_1_, contactdat1_.mobile as mobile20_1_1_, contactdat1_.nickname as nicknam21_1_1_, contactdat1_.notes as notes22_1_1_, contactdat1_.phone2 as phone23_1_1_, contactdat1_.photo as photo24_1_1_, contactdat1_.title as title25_1_1_, contactdat1_.work as work26_1_1_ from address_in_groups groupconta0_ inner join addressbook contactdat1_ on groupconta0_.id=contactdat1_.id where groupconta0_.group_id=?
Hibernate: select groupconta0_.group_id as group_id2_0_0_, groupconta0_.id as id1_0_0_, contactdat1_.id as id1_1_1_, contactdat1_.aday as aday2_1_1_, contactdat1_.address as address3_1_1_, contactdat1_.address2 as address4_1_1_, contactdat1_.amonth as amonth5_1_1_, contactdat1_.ayear as ayear6_1_1_, contactdat1_.bday as bday7_1_1_, contactdat1_.bmonth as bmonth8_1_1_, contactdat1_.byear as byear9_1_1_, contactdat1_.company as company10_1_1_, contactdat1_.email as email11_1_1_, contactdat1_.email2 as email12_1_1_, contactdat1_.email3 as email13_1_1_, contactdat1_.fax as fax14_1_1_, contactdat1_.firstname as firstna15_1_1_, contactdat1_.home as home16_1_1_, contactdat1_.homepage as homepag17_1_1_, contactdat1_.lastname as lastnam18_1_1_, contactdat1_.middlename as middlen19_1_1_, contactdat1_.mobile as mobile20_1_1_, contactdat1_.nickname as nicknam21_1_1_, contactdat1_.notes as notes22_1_1_, contactdat1_.phone2 as phone23_1_1_, contactdat1_.photo as photo24_1_1_, contactdat1_.title as title25_1_1_, contactdat1_.work as work26_1_1_ from address_in_groups groupconta0_ inner join addressbook contactdat1_ on groupconta0_.id=contactdat1_.id where groupconta0_.group_id=?
Hibernate: select groupconta0_.group_id as group_id2_0_0_, groupconta0_.id as id1_0_0_, contactdat1_.id as id1_1_1_, contactdat1_.aday as aday2_1_1_, contactdat1_.address as address3_1_1_, contactdat1_.address2 as address4_1_1_, contactdat1_.amonth as amonth5_1_1_, contactdat1_.ayear as ayear6_1_1_, contactdat1_.bday as bday7_1_1_, contactdat1_.bmonth as bmonth8_1_1_, contactdat1_.byear as byear9_1_1_, contactdat1_.company as company10_1_1_, contactdat1_.email as email11_1_1_, contactdat1_.email2 as email12_1_1_, contactdat1_.email3 as email13_1_1_, contactdat1_.fax as fax14_1_1_, contactdat1_.firstname as firstna15_1_1_, contactdat1_.home as home16_1_1_, contactdat1_.homepage as homepag17_1_1_, contactdat1_.lastname as lastnam18_1_1_, contactdat1_.middlename as middlen19_1_1_, contactdat1_.mobile as mobile20_1_1_, contactdat1_.nickname as nicknam21_1_1_, contactdat1_.notes as notes22_1_1_, contactdat1_.phone2 as phone23_1_1_, contactdat1_.photo as photo24_1_1_, contactdat1_.title as title25_1_1_, contactdat1_.work as work26_1_1_ from address_in_groups groupconta0_ inner join addressbook contactdat1_ on groupconta0_.id=contactdat1_.id where groupconta0_.group_id=?
Hibernate: select groupconta0_.group_id as group_id2_0_0_, groupconta0_.id as id1_0_0_, contactdat1_.id as id1_1_1_, contactdat1_.aday as aday2_1_1_, contactdat1_.address as address3_1_1_, contactdat1_.address2 as address4_1_1_, contactdat1_.amonth as amonth5_1_1_, contactdat1_.ayear as ayear6_1_1_, contactdat1_.bday as bday7_1_1_, contactdat1_.bmonth as bmonth8_1_1_, contactdat1_.byear as byear9_1_1_, contactdat1_.company as company10_1_1_, contactdat1_.email as email11_1_1_, contactdat1_.email2 as email12_1_1_, contactdat1_.email3 as email13_1_1_, contactdat1_.fax as fax14_1_1_, contactdat1_.firstname as firstna15_1_1_, contactdat1_.home as home16_1_1_, contactdat1_.homepage as homepag17_1_1_, contactdat1_.lastname as lastnam18_1_1_, contactdat1_.middlename as middlen19_1_1_, contactdat1_.mobile as mobile20_1_1_, contactdat1_.nickname as nicknam21_1_1_, contactdat1_.notes as notes22_1_1_, contactdat1_.phone2 as phone23_1_1_, contactdat1_.photo as photo24_1_1_, contactdat1_.title as title25_1_1_, contactdat1_.work as work26_1_1_ from address_in_groups groupconta0_ inner join addressbook contactdat1_ on groupconta0_.id=contactdat1_.id where groupconta0_.group_id=?
Hibernate: select contactgro0_.id as id1_0_0_, contactgro0_.group_id as group_id2_0_0_, groupdata1_.group_id as group_id1_2_1_, groupdata1_.group_footer as group_fo2_2_1_, groupdata1_.group_header as group_he3_2_1_, groupdata1_.group_name as group_na4_2_1_ from address_in_groups contactgro0_ inner join group_list groupdata1_ on contactgro0_.group_id=groupdata1_.group_id where contactgro0_.id=?
Hibernate: select contactgro0_.id as id1_0_0_, contactgro0_.group_id as group_id2_0_0_, groupdata1_.group_id as group_id1_2_1_, groupdata1_.group_footer as group_fo2_2_1_, groupdata1_.group_header as group_he3_2_1_, groupdata1_.group_name as group_na4_2_1_ from address_in_groups contactgro0_ inner join group_list groupdata1_ on contactgro0_.group_id=groupdata1_.group_id where contactgro0_.id=?
Hibernate: select contactgro0_.id as id1_0_0_, contactgro0_.group_id as group_id2_0_0_, groupdata1_.group_id as group_id1_2_1_, groupdata1_.group_footer as group_fo2_2_1_, groupdata1_.group_header as group_he3_2_1_, groupdata1_.group_name as group_na4_2_1_ from address_in_groups contactgro0_ inner join group_list groupdata1_ on contactgro0_.group_id=groupdata1_.group_id where contactgro0_.id=?
Hibernate: select contactgro0_.id as id1_0_0_, contactgro0_.group_id as group_id2_0_0_, groupdata1_.group_id as group_id1_2_1_, groupdata1_.group_footer as group_fo2_2_1_, groupdata1_.group_header as group_he3_2_1_, groupdata1_.group_name as group_na4_2_1_ from address_in_groups contactgro0_ inner join group_list groupdata1_ on contactgro0_.group_id=groupdata1_.group_id where contactgro0_.id=?
Hibernate: select contactgro0_.id as id1_0_0_, contactgro0_.group_id as group_id2_0_0_, groupdata1_.group_id as group_id1_2_1_, groupdata1_.group_footer as group_fo2_2_1_, groupdata1_.group_header as group_he3_2_1_, groupdata1_.group_name as group_na4_2_1_ from address_in_groups contactgro0_ inner join group_list groupdata1_ on contactgro0_.group_id=groupdata1_.group_id where contactgro0_.id=?
Hibernate: select contactgro0_.id as id1_0_0_, contactgro0_.group_id as group_id2_0_0_, groupdata1_.group_id as group_id1_2_1_, groupdata1_.group_footer as group_fo2_2_1_, groupdata1_.group_header as group_he3_2_1_, groupdata1_.group_name as group_na4_2_1_ from address_in_groups contactgro0_ inner join group_list groupdata1_ on contactgro0_.group_id=groupdata1_.group_id where contactgro0_.id=?
Hibernate: select contactgro0_.id as id1_0_0_, contactgro0_.group_id as group_id2_0_0_, groupdata1_.group_id as group_id1_2_1_, groupdata1_.group_footer as group_fo2_2_1_, groupdata1_.group_header as group_he3_2_1_, groupdata1_.group_name as group_na4_2_1_ from address_in_groups contactgro0_ inner join group_list groupdata1_ on contactgro0_.group_id=groupdata1_.group_id where contactgro0_.id=?
Hibernate: select groupconta0_.group_id as group_id2_0_0_, groupconta0_.id as id1_0_0_, contactdat1_.id as id1_1_1_, contactdat1_.aday as aday2_1_1_, contactdat1_.address as address3_1_1_, contactdat1_.address2 as address4_1_1_, contactdat1_.amonth as amonth5_1_1_, contactdat1_.ayear as ayear6_1_1_, contactdat1_.bday as bday7_1_1_, contactdat1_.bmonth as bmonth8_1_1_, contactdat1_.byear as byear9_1_1_, contactdat1_.company as company10_1_1_, contactdat1_.email as email11_1_1_, contactdat1_.email2 as email12_1_1_, contactdat1_.email3 as email13_1_1_, contactdat1_.fax as fax14_1_1_, contactdat1_.firstname as firstna15_1_1_, contactdat1_.home as home16_1_1_, contactdat1_.homepage as homepag17_1_1_, contactdat1_.lastname as lastnam18_1_1_, contactdat1_.middlename as middlen19_1_1_, contactdat1_.mobile as mobile20_1_1_, contactdat1_.nickname as nicknam21_1_1_, contactdat1_.notes as notes22_1_1_, contactdat1_.phone2 as phone23_1_1_, contactdat1_.photo as photo24_1_1_, contactdat1_.title as title25_1_1_, contactdat1_.work as work26_1_1_ from address_in_groups groupconta0_ inner join addressbook contactdat1_ on groupconta0_.id=contactdat1_.id where groupconta0_.group_id=?
23:01:40.445 [Test worker] INFO  qa.issart.com.tests.TestBase - Added new group id:799 name: 7DKvbDS9VtsoGNox9gCQ
23:01:40.446 [Test worker] INFO  qa.issart.com.tests.TestBase - Started test addToGroupList
Hibernate: select groupdata0_.group_id as group_id1_2_, groupdata0_.group_footer as group_fo2_2_, groupdata0_.group_header as group_he3_2_, groupdata0_.group_name as group_na4_2_ from group_list groupdata0_
Hibernate: select groupconta0_.group_id as group_id2_0_0_, groupconta0_.id as id1_0_0_, contactdat1_.id as id1_1_1_, contactdat1_.aday as aday2_1_1_, contactdat1_.address as address3_1_1_, contactdat1_.address2 as address4_1_1_, contactdat1_.amonth as amonth5_1_1_, contactdat1_.ayear as ayear6_1_1_, contactdat1_.bday as bday7_1_1_, contactdat1_.bmonth as bmonth8_1_1_, contactdat1_.byear as byear9_1_1_, contactdat1_.company as company10_1_1_, contactdat1_.email as email11_1_1_, contactdat1_.email2 as email12_1_1_, contactdat1_.email3 as email13_1_1_, contactdat1_.fax as fax14_1_1_, contactdat1_.firstname as firstna15_1_1_, contactdat1_.home as home16_1_1_, contactdat1_.homepage as homepag17_1_1_, contactdat1_.lastname as lastnam18_1_1_, contactdat1_.middlename as middlen19_1_1_, contactdat1_.mobile as mobile20_1_1_, contactdat1_.nickname as nicknam21_1_1_, contactdat1_.notes as notes22_1_1_, contactdat1_.phone2 as phone23_1_1_, contactdat1_.photo as photo24_1_1_, contactdat1_.title as title25_1_1_, contactdat1_.work as work26_1_1_ from address_in_groups groupconta0_ inner join addressbook contactdat1_ on groupconta0_.id=contactdat1_.id where groupconta0_.group_id=?
Hibernate: select groupconta0_.group_id as group_id2_0_0_, groupconta0_.id as id1_0_0_, contactdat1_.id as id1_1_1_, contactdat1_.aday as aday2_1_1_, contactdat1_.address as address3_1_1_, contactdat1_.address2 as address4_1_1_, contactdat1_.amonth as amonth5_1_1_, contactdat1_.ayear as ayear6_1_1_, contactdat1_.bday as bday7_1_1_, contactdat1_.bmonth as bmonth8_1_1_, contactdat1_.byear as byear9_1_1_, contactdat1_.company as company10_1_1_, contactdat1_.email as email11_1_1_, contactdat1_.email2 as email12_1_1_, contactdat1_.email3 as email13_1_1_, contactdat1_.fax as fax14_1_1_, contactdat1_.firstname as firstna15_1_1_, contactdat1_.home as home16_1_1_, contactdat1_.homepage as homepag17_1_1_, contactdat1_.lastname as lastnam18_1_1_, contactdat1_.middlename as middlen19_1_1_, contactdat1_.mobile as mobile20_1_1_, contactdat1_.nickname as nicknam21_1_1_, contactdat1_.notes as notes22_1_1_, contactdat1_.phone2 as phone23_1_1_, contactdat1_.photo as photo24_1_1_, contactdat1_.title as title25_1_1_, contactdat1_.work as work26_1_1_ from address_in_groups groupconta0_ inner join addressbook contactdat1_ on groupconta0_.id=contactdat1_.id where groupconta0_.group_id=?
Hibernate: select groupconta0_.group_id as group_id2_0_0_, groupconta0_.id as id1_0_0_, contactdat1_.id as id1_1_1_, contactdat1_.aday as aday2_1_1_, contactdat1_.address as address3_1_1_, contactdat1_.address2 as address4_1_1_, contactdat1_.amonth as amonth5_1_1_, contactdat1_.ayear as ayear6_1_1_, contactdat1_.bday as bday7_1_1_, contactdat1_.bmonth as bmonth8_1_1_, contactdat1_.byear as byear9_1_1_, contactdat1_.company as company10_1_1_, contactdat1_.email as email11_1_1_, contactdat1_.email2 as email12_1_1_, contactdat1_.email3 as email13_1_1_, contactdat1_.fax as fax14_1_1_, contactdat1_.firstname as firstna15_1_1_, contactdat1_.home as home16_1_1_, contactdat1_.homepage as homepag17_1_1_, contactdat1_.lastname as lastnam18_1_1_, contactdat1_.middlename as middlen19_1_1_, contactdat1_.mobile as mobile20_1_1_, contactdat1_.nickname as nicknam21_1_1_, contactdat1_.notes as notes22_1_1_, contactdat1_.phone2 as phone23_1_1_, contactdat1_.photo as photo24_1_1_, contactdat1_.title as title25_1_1_, contactdat1_.work as work26_1_1_ from address_in_groups groupconta0_ inner join addressbook contactdat1_ on groupconta0_.id=contactdat1_.id where groupconta0_.group_id=?
Hibernate: select groupconta0_.group_id as group_id2_0_0_, groupconta0_.id as id1_0_0_, contactdat1_.id as id1_1_1_, contactdat1_.aday as aday2_1_1_, contactdat1_.address as address3_1_1_, contactdat1_.address2 as address4_1_1_, contactdat1_.amonth as amonth5_1_1_, contactdat1_.ayear as ayear6_1_1_, contactdat1_.bday as bday7_1_1_, contactdat1_.bmonth as bmonth8_1_1_, contactdat1_.byear as byear9_1_1_, contactdat1_.company as company10_1_1_, contactdat1_.email as email11_1_1_, contactdat1_.email2 as email12_1_1_, contactdat1_.email3 as email13_1_1_, contactdat1_.fax as fax14_1_1_, contactdat1_.firstname as firstna15_1_1_, contactdat1_.home as home16_1_1_, contactdat1_.homepage as homepag17_1_1_, contactdat1_.lastname as lastnam18_1_1_, contactdat1_.middlename as middlen19_1_1_, contactdat1_.mobile as mobile20_1_1_, contactdat1_.nickname as nicknam21_1_1_, contactdat1_.notes as notes22_1_1_, contactdat1_.phone2 as phone23_1_1_, contactdat1_.photo as photo24_1_1_, contactdat1_.title as title25_1_1_, contactdat1_.work as work26_1_1_ from address_in_groups groupconta0_ inner join addressbook contactdat1_ on groupconta0_.id=contactdat1_.id where groupconta0_.group_id=?
Hibernate: select groupconta0_.group_id as group_id2_0_0_, groupconta0_.id as id1_0_0_, contactdat1_.id as id1_1_1_, contactdat1_.aday as aday2_1_1_, contactdat1_.address as address3_1_1_, contactdat1_.address2 as address4_1_1_, contactdat1_.amonth as amonth5_1_1_, contactdat1_.ayear as ayear6_1_1_, contactdat1_.bday as bday7_1_1_, contactdat1_.bmonth as bmonth8_1_1_, contactdat1_.byear as byear9_1_1_, contactdat1_.company as company10_1_1_, contactdat1_.email as email11_1_1_, contactdat1_.email2 as email12_1_1_, contactdat1_.email3 as email13_1_1_, contactdat1_.fax as fax14_1_1_, contactdat1_.firstname as firstna15_1_1_, contactdat1_.home as home16_1_1_, contactdat1_.homepage as homepag17_1_1_, contactdat1_.lastname as lastnam18_1_1_, contactdat1_.middlename as middlen19_1_1_, contactdat1_.mobile as mobile20_1_1_, contactdat1_.nickname as nicknam21_1_1_, contactdat1_.notes as notes22_1_1_, contactdat1_.phone2 as phone23_1_1_, contactdat1_.photo as photo24_1_1_, contactdat1_.title as title25_1_1_, contactdat1_.work as work26_1_1_ from address_in_groups groupconta0_ inner join addressbook contactdat1_ on groupconta0_.id=contactdat1_.id where groupconta0_.group_id=?
Hibernate: select groupconta0_.group_id as group_id2_0_0_, groupconta0_.id as id1_0_0_, contactdat1_.id as id1_1_1_, contactdat1_.aday as aday2_1_1_, contactdat1_.address as address3_1_1_, contactdat1_.address2 as address4_1_1_, contactdat1_.amonth as amonth5_1_1_, contactdat1_.ayear as ayear6_1_1_, contactdat1_.bday as bday7_1_1_, contactdat1_.bmonth as bmonth8_1_1_, contactdat1_.byear as byear9_1_1_, contactdat1_.company as company10_1_1_, contactdat1_.email as email11_1_1_, contactdat1_.email2 as email12_1_1_, contactdat1_.email3 as email13_1_1_, contactdat1_.fax as fax14_1_1_, contactdat1_.firstname as firstna15_1_1_, contactdat1_.home as home16_1_1_, contactdat1_.homepage as homepag17_1_1_, contactdat1_.lastname as lastnam18_1_1_, contactdat1_.middlename as middlen19_1_1_, contactdat1_.mobile as mobile20_1_1_, contactdat1_.nickname as nicknam21_1_1_, contactdat1_.notes as notes22_1_1_, contactdat1_.phone2 as phone23_1_1_, contactdat1_.photo as photo24_1_1_, contactdat1_.title as title25_1_1_, contactdat1_.work as work26_1_1_ from address_in_groups groupconta0_ inner join addressbook contactdat1_ on groupconta0_.id=contactdat1_.id where groupconta0_.group_id=?
Hibernate: select contactgro0_.id as id1_0_0_, contactgro0_.group_id as group_id2_0_0_, groupdata1_.group_id as group_id1_2_1_, groupdata1_.group_footer as group_fo2_2_1_, groupdata1_.group_header as group_he3_2_1_, groupdata1_.group_name as group_na4_2_1_ from address_in_groups contactgro0_ inner join group_list groupdata1_ on contactgro0_.group_id=groupdata1_.group_id where contactgro0_.id=?
Hibernate: select contactgro0_.id as id1_0_0_, contactgro0_.group_id as group_id2_0_0_, groupdata1_.group_id as group_id1_2_1_, groupdata1_.group_footer as group_fo2_2_1_, groupdata1_.group_header as group_he3_2_1_, groupdata1_.group_name as group_na4_2_1_ from address_in_groups contactgro0_ inner join group_list groupdata1_ on contactgro0_.group_id=groupdata1_.group_id where contactgro0_.id=?
Hibernate: select contactgro0_.id as id1_0_0_, contactgro0_.group_id as group_id2_0_0_, groupdata1_.group_id as group_id1_2_1_, groupdata1_.group_footer as group_fo2_2_1_, groupdata1_.group_header as group_he3_2_1_, groupdata1_.group_name as group_na4_2_1_ from address_in_groups contactgro0_ inner join group_list groupdata1_ on contactgro0_.group_id=groupdata1_.group_id where contactgro0_.id=?
Hibernate: select contactgro0_.id as id1_0_0_, contactgro0_.group_id as group_id2_0_0_, groupdata1_.group_id as group_id1_2_1_, groupdata1_.group_footer as group_fo2_2_1_, groupdata1_.group_header as group_he3_2_1_, groupdata1_.group_name as group_na4_2_1_ from address_in_groups contactgro0_ inner join group_list groupdata1_ on contactgro0_.group_id=groupdata1_.group_id where contactgro0_.id=?
Hibernate: select contactgro0_.id as id1_0_0_, contactgro0_.group_id as group_id2_0_0_, groupdata1_.group_id as group_id1_2_1_, groupdata1_.group_footer as group_fo2_2_1_, groupdata1_.group_header as group_he3_2_1_, groupdata1_.group_name as group_na4_2_1_ from address_in_groups contactgro0_ inner join group_list groupdata1_ on contactgro0_.group_id=groupdata1_.group_id where contactgro0_.id=?
Hibernate: select contactgro0_.id as id1_0_0_, contactgro0_.group_id as group_id2_0_0_, groupdata1_.group_id as group_id1_2_1_, groupdata1_.group_footer as group_fo2_2_1_, groupdata1_.group_header as group_he3_2_1_, groupdata1_.group_name as group_na4_2_1_ from address_in_groups contactgro0_ inner join group_list groupdata1_ on contactgro0_.group_id=groupdata1_.group_id where contactgro0_.id=?
Hibernate: select contactgro0_.id as id1_0_0_, contactgro0_.group_id as group_id2_0_0_, groupdata1_.group_id as group_id1_2_1_, groupdata1_.group_footer as group_fo2_2_1_, groupdata1_.group_header as group_he3_2_1_, groupdata1_.group_name as group_na4_2_1_ from address_in_groups contactgro0_ inner join group_list groupdata1_ on contactgro0_.group_id=groupdata1_.group_id where contactgro0_.id=?
Hibernate: select groupconta0_.group_id as group_id2_0_0_, groupconta0_.id as id1_0_0_, contactdat1_.id as id1_1_1_, contactdat1_.aday as aday2_1_1_, contactdat1_.address as address3_1_1_, contactdat1_.address2 as address4_1_1_, contactdat1_.amonth as amonth5_1_1_, contactdat1_.ayear as ayear6_1_1_, contactdat1_.bday as bday7_1_1_, contactdat1_.bmonth as bmonth8_1_1_, contactdat1_.byear as byear9_1_1_, contactdat1_.company as company10_1_1_, contactdat1_.email as email11_1_1_, contactdat1_.email2 as email12_1_1_, contactdat1_.email3 as email13_1_1_, contactdat1_.fax as fax14_1_1_, contactdat1_.firstname as firstna15_1_1_, contactdat1_.home as home16_1_1_, contactdat1_.homepage as homepag17_1_1_, contactdat1_.lastname as lastnam18_1_1_, contactdat1_.middlename as middlen19_1_1_, contactdat1_.mobile as mobile20_1_1_, contactdat1_.nickname as nicknam21_1_1_, contactdat1_.notes as notes22_1_1_, contactdat1_.phone2 as phone23_1_1_, contactdat1_.photo as photo24_1_1_, contactdat1_.title as title25_1_1_, contactdat1_.work as work26_1_1_ from address_in_groups groupconta0_ inner join addressbook contactdat1_ on groupconta0_.id=contactdat1_.id where groupconta0_.group_id=?
23:01:42.104 [Test worker] INFO  qa.issart.com.tests.TestBase - Added new group id:800 name: bgKyi30yjvEUNvOuUE0t
]]></system-out>
  <system-err><![CDATA[]]></system-err>
</testsuite>
