<?xml version="1.0" encoding="UTF-8"?>
<testsuite name="qa.issart.com.tests.ContactCreationTests" tests="4" skipped="0" failures="0" errors="0" timestamp="2021-10-04T17:01:59" hostname="ALPHARETTA" time="43.381">
  <properties/>
  <testcase name="addToContactList[0](ContactData{id=0, firstname='icvmni51stVkZgKW42IE', lastname='EyO25UqrNUuZs0YqVpUG', address='Ehtfto52jcB1mXWoUSHi', allEmails='3mnxFP3nrA@aFrIEjbH0a.nl&#10;vLGIwTbqMe@WA7nqPc97F.org&#10;feX5XqZbSP@ShDiaC6UPP.net', allPhones='2817928053&#10;4717322693&#10;3055795812&#10;5271005968'})" classname="qa.issart.com.tests.ContactCreationTests" time="11.659"/>
  <testcase name="addToContactList[1](ContactData{id=0, firstname='uPDXZHGOTk0KkMZ0Oxj3', lastname='oxDC5Fx21QTPgWNz9MTm', address='qFc9vNAMrSC6mGX5Vhme', allEmails='TEmKgGWS5y@vw75Xth8SA.am&#10;4VmgzO0D3k@QT0rx6Yv9I.us&#10;gpyBPOQ3dA@vpJ5WYZWKd.com', allPhones='8214844366&#10;1388849955&#10;0305140050&#10;0518382577'})" classname="qa.issart.com.tests.ContactCreationTests" time="13.34"/>
  <testcase name="addToContactList[2](ContactData{id=0, firstname='RkSjRprDMKy1vdM8Mdgm', lastname='l40nJnLxu6wjkVy9X3Hl', address='lpeACRo7u5hvj2edpO6Q', allEmails='YmA7kKmwhq@rEn6I2a8Jw.edu&#10;z3oaNmwVLI@Yu7idxKk50.com&#10;6be3FyeLpe@0ZTCf2fIz8.su', allPhones='9672929929&#10;0493914328&#10;2455005809&#10;1329456758'})" classname="qa.issart.com.tests.ContactCreationTests" time="9.22"/>
  <testcase name="addToContactList[3](ContactData{id=0, firstname='pjJjPVokVcqFkiD2C9wO', lastname='tkfwBx1jEjV4HswCyQuQ', address='8yBUJfdhKvtwosthinuS', allEmails='DYyUqmIEXV@XnUQeFIu4h.pl&#10;Kk96r6pJ1N@qGVFmwTZff.lv&#10;myLcnb2yRW@Q4p4cks4eu.net', allPhones='7934054468&#10;6321987927&#10;9898777603&#10;0774648895'})" classname="qa.issart.com.tests.ContactCreationTests" time="9.14"/>
  <system-out><![CDATA[23:01:59.260 [Test worker] INFO  qa.issart.com.tests.TestBase - Started test addToContactList
Hibernate: select contactdat0_.id as id1_1_, contactdat0_.aday as aday2_1_, contactdat0_.address as address3_1_, contactdat0_.address2 as address4_1_, contactdat0_.amonth as amonth5_1_, contactdat0_.ayear as ayear6_1_, contactdat0_.bday as bday7_1_, contactdat0_.bmonth as bmonth8_1_, contactdat0_.byear as byear9_1_, contactdat0_.company as company10_1_, contactdat0_.email as email11_1_, contactdat0_.email2 as email12_1_, contactdat0_.email3 as email13_1_, contactdat0_.fax as fax14_1_, contactdat0_.firstname as firstna15_1_, contactdat0_.home as home16_1_, contactdat0_.homepage as homepag17_1_, contactdat0_.lastname as lastnam18_1_, contactdat0_.middlename as middlen19_1_, contactdat0_.mobile as mobile20_1_, contactdat0_.nickname as nicknam21_1_, contactdat0_.notes as notes22_1_, contactdat0_.phone2 as phone23_1_, contactdat0_.photo as photo24_1_, contactdat0_.title as title25_1_, contactdat0_.work as work26_1_ from addressbook contactdat0_ where deprecated=''
Hibernate: select contactgro0_.id as id1_0_0_, contactgro0_.group_id as group_id2_0_0_, groupdata1_.group_id as group_id1_2_1_, groupdata1_.group_footer as group_fo2_2_1_, groupdata1_.group_header as group_he3_2_1_, groupdata1_.group_name as group_na4_2_1_ from address_in_groups contactgro0_ inner join group_list groupdata1_ on contactgro0_.group_id=groupdata1_.group_id where contactgro0_.id=?
Hibernate: select groupconta0_.group_id as group_id2_0_0_, groupconta0_.id as id1_0_0_, contactdat1_.id as id1_1_1_, contactdat1_.aday as aday2_1_1_, contactdat1_.address as address3_1_1_, contactdat1_.address2 as address4_1_1_, contactdat1_.amonth as amonth5_1_1_, contactdat1_.ayear as ayear6_1_1_, contactdat1_.bday as bday7_1_1_, contactdat1_.bmonth as bmonth8_1_1_, contactdat1_.byear as byear9_1_1_, contactdat1_.company as company10_1_1_, contactdat1_.email as email11_1_1_, contactdat1_.email2 as email12_1_1_, contactdat1_.email3 as email13_1_1_, contactdat1_.fax as fax14_1_1_, contactdat1_.firstname as firstna15_1_1_, contactdat1_.home as home16_1_1_, contactdat1_.homepage as homepag17_1_1_, contactdat1_.lastname as lastnam18_1_1_, contactdat1_.middlename as middlen19_1_1_, contactdat1_.mobile as mobile20_1_1_, contactdat1_.nickname as nicknam21_1_1_, contactdat1_.notes as notes22_1_1_, contactdat1_.phone2 as phone23_1_1_, contactdat1_.photo as photo24_1_1_, contactdat1_.title as title25_1_1_, contactdat1_.work as work26_1_1_ from address_in_groups groupconta0_ inner join addressbook contactdat1_ on groupconta0_.id=contactdat1_.id where groupconta0_.group_id=?
Hibernate: select contactgro0_.id as id1_0_0_, contactgro0_.group_id as group_id2_0_0_, groupdata1_.group_id as group_id1_2_1_, groupdata1_.group_footer as group_fo2_2_1_, groupdata1_.group_header as group_he3_2_1_, groupdata1_.group_name as group_na4_2_1_ from address_in_groups contactgro0_ inner join group_list groupdata1_ on contactgro0_.group_id=groupdata1_.group_id where contactgro0_.id=?
Hibernate: select groupconta0_.group_id as group_id2_0_0_, groupconta0_.id as id1_0_0_, contactdat1_.id as id1_1_1_, contactdat1_.aday as aday2_1_1_, contactdat1_.address as address3_1_1_, contactdat1_.address2 as address4_1_1_, contactdat1_.amonth as amonth5_1_1_, contactdat1_.ayear as ayear6_1_1_, contactdat1_.bday as bday7_1_1_, contactdat1_.bmonth as bmonth8_1_1_, contactdat1_.byear as byear9_1_1_, contactdat1_.company as company10_1_1_, contactdat1_.email as email11_1_1_, contactdat1_.email2 as email12_1_1_, contactdat1_.email3 as email13_1_1_, contactdat1_.fax as fax14_1_1_, contactdat1_.firstname as firstna15_1_1_, contactdat1_.home as home16_1_1_, contactdat1_.homepage as homepag17_1_1_, contactdat1_.lastname as lastnam18_1_1_, contactdat1_.middlename as middlen19_1_1_, contactdat1_.mobile as mobile20_1_1_, contactdat1_.nickname as nicknam21_1_1_, contactdat1_.notes as notes22_1_1_, contactdat1_.phone2 as phone23_1_1_, contactdat1_.photo as photo24_1_1_, contactdat1_.title as title25_1_1_, contactdat1_.work as work26_1_1_ from address_in_groups groupconta0_ inner join addressbook contactdat1_ on groupconta0_.id=contactdat1_.id where groupconta0_.group_id=?
Hibernate: select contactgro0_.id as id1_0_0_, contactgro0_.group_id as group_id2_0_0_, groupdata1_.group_id as group_id1_2_1_, groupdata1_.group_footer as group_fo2_2_1_, groupdata1_.group_header as group_he3_2_1_, groupdata1_.group_name as group_na4_2_1_ from address_in_groups contactgro0_ inner join group_list groupdata1_ on contactgro0_.group_id=groupdata1_.group_id where contactgro0_.id=?
Hibernate: select contactgro0_.id as id1_0_0_, contactgro0_.group_id as group_id2_0_0_, groupdata1_.group_id as group_id1_2_1_, groupdata1_.group_footer as group_fo2_2_1_, groupdata1_.group_header as group_he3_2_1_, groupdata1_.group_name as group_na4_2_1_ from address_in_groups contactgro0_ inner join group_list groupdata1_ on contactgro0_.group_id=groupdata1_.group_id where contactgro0_.id=?
Hibernate: select contactgro0_.id as id1_0_0_, contactgro0_.group_id as group_id2_0_0_, groupdata1_.group_id as group_id1_2_1_, groupdata1_.group_footer as group_fo2_2_1_, groupdata1_.group_header as group_he3_2_1_, groupdata1_.group_name as group_na4_2_1_ from address_in_groups contactgro0_ inner join group_list groupdata1_ on contactgro0_.group_id=groupdata1_.group_id where contactgro0_.id=?
Hibernate: select contactgro0_.id as id1_0_0_, contactgro0_.group_id as group_id2_0_0_, groupdata1_.group_id as group_id1_2_1_, groupdata1_.group_footer as group_fo2_2_1_, groupdata1_.group_header as group_he3_2_1_, groupdata1_.group_name as group_na4_2_1_ from address_in_groups contactgro0_ inner join group_list groupdata1_ on contactgro0_.group_id=groupdata1_.group_id where contactgro0_.id=?
Hibernate: select contactgro0_.id as id1_0_0_, contactgro0_.group_id as group_id2_0_0_, groupdata1_.group_id as group_id1_2_1_, groupdata1_.group_footer as group_fo2_2_1_, groupdata1_.group_header as group_he3_2_1_, groupdata1_.group_name as group_na4_2_1_ from address_in_groups contactgro0_ inner join group_list groupdata1_ on contactgro0_.group_id=groupdata1_.group_id where contactgro0_.id=?
Hibernate: select contactgro0_.id as id1_0_0_, contactgro0_.group_id as group_id2_0_0_, groupdata1_.group_id as group_id1_2_1_, groupdata1_.group_footer as group_fo2_2_1_, groupdata1_.group_header as group_he3_2_1_, groupdata1_.group_name as group_na4_2_1_ from address_in_groups contactgro0_ inner join group_list groupdata1_ on contactgro0_.group_id=groupdata1_.group_id where contactgro0_.id=?
Hibernate: select contactgro0_.id as id1_0_0_, contactgro0_.group_id as group_id2_0_0_, groupdata1_.group_id as group_id1_2_1_, groupdata1_.group_footer as group_fo2_2_1_, groupdata1_.group_header as group_he3_2_1_, groupdata1_.group_name as group_na4_2_1_ from address_in_groups contactgro0_ inner join group_list groupdata1_ on contactgro0_.group_id=groupdata1_.group_id where contactgro0_.id=?
23:02:10.919 [Test worker] INFO  qa.issart.com.tests.TestBase - Added new contact id:709 first name: icvmni51stVkZgKW42IE last name: EyO25UqrNUuZs0YqVpUG address: Ehtfto52jcB1mXWoUSHi phones: 2817928053, 4717322693, 3055795812, 5271005968 emails: 3mnxFP3nrA@aFrIEjbH0a.nl, vLGIwTbqMe@WA7nqPc97F.org, feX5XqZbSP@ShDiaC6UPP.net
23:02:10.921 [Test worker] INFO  qa.issart.com.tests.TestBase - Started test addToContactList
Hibernate: select contactdat0_.id as id1_1_, contactdat0_.aday as aday2_1_, contactdat0_.address as address3_1_, contactdat0_.address2 as address4_1_, contactdat0_.amonth as amonth5_1_, contactdat0_.ayear as ayear6_1_, contactdat0_.bday as bday7_1_, contactdat0_.bmonth as bmonth8_1_, contactdat0_.byear as byear9_1_, contactdat0_.company as company10_1_, contactdat0_.email as email11_1_, contactdat0_.email2 as email12_1_, contactdat0_.email3 as email13_1_, contactdat0_.fax as fax14_1_, contactdat0_.firstname as firstna15_1_, contactdat0_.home as home16_1_, contactdat0_.homepage as homepag17_1_, contactdat0_.lastname as lastnam18_1_, contactdat0_.middlename as middlen19_1_, contactdat0_.mobile as mobile20_1_, contactdat0_.nickname as nicknam21_1_, contactdat0_.notes as notes22_1_, contactdat0_.phone2 as phone23_1_, contactdat0_.photo as photo24_1_, contactdat0_.title as title25_1_, contactdat0_.work as work26_1_ from addressbook contactdat0_ where deprecated=''
Hibernate: select contactgro0_.id as id1_0_0_, contactgro0_.group_id as group_id2_0_0_, groupdata1_.group_id as group_id1_2_1_, groupdata1_.group_footer as group_fo2_2_1_, groupdata1_.group_header as group_he3_2_1_, groupdata1_.group_name as group_na4_2_1_ from address_in_groups contactgro0_ inner join group_list groupdata1_ on contactgro0_.group_id=groupdata1_.group_id where contactgro0_.id=?
Hibernate: select groupconta0_.group_id as group_id2_0_0_, groupconta0_.id as id1_0_0_, contactdat1_.id as id1_1_1_, contactdat1_.aday as aday2_1_1_, contactdat1_.address as address3_1_1_, contactdat1_.address2 as address4_1_1_, contactdat1_.amonth as amonth5_1_1_, contactdat1_.ayear as ayear6_1_1_, contactdat1_.bday as bday7_1_1_, contactdat1_.bmonth as bmonth8_1_1_, contactdat1_.byear as byear9_1_1_, contactdat1_.company as company10_1_1_, contactdat1_.email as email11_1_1_, contactdat1_.email2 as email12_1_1_, contactdat1_.email3 as email13_1_1_, contactdat1_.fax as fax14_1_1_, contactdat1_.firstname as firstna15_1_1_, contactdat1_.home as home16_1_1_, contactdat1_.homepage as homepag17_1_1_, contactdat1_.lastname as lastnam18_1_1_, contactdat1_.middlename as middlen19_1_1_, contactdat1_.mobile as mobile20_1_1_, contactdat1_.nickname as nicknam21_1_1_, contactdat1_.notes as notes22_1_1_, contactdat1_.phone2 as phone23_1_1_, contactdat1_.photo as photo24_1_1_, contactdat1_.title as title25_1_1_, contactdat1_.work as work26_1_1_ from address_in_groups groupconta0_ inner join addressbook contactdat1_ on groupconta0_.id=contactdat1_.id where groupconta0_.group_id=?
Hibernate: select contactgro0_.id as id1_0_0_, contactgro0_.group_id as group_id2_0_0_, groupdata1_.group_id as group_id1_2_1_, groupdata1_.group_footer as group_fo2_2_1_, groupdata1_.group_header as group_he3_2_1_, groupdata1_.group_name as group_na4_2_1_ from address_in_groups contactgro0_ inner join group_list groupdata1_ on contactgro0_.group_id=groupdata1_.group_id where contactgro0_.id=?
Hibernate: select groupconta0_.group_id as group_id2_0_0_, groupconta0_.id as id1_0_0_, contactdat1_.id as id1_1_1_, contactdat1_.aday as aday2_1_1_, contactdat1_.address as address3_1_1_, contactdat1_.address2 as address4_1_1_, contactdat1_.amonth as amonth5_1_1_, contactdat1_.ayear as ayear6_1_1_, contactdat1_.bday as bday7_1_1_, contactdat1_.bmonth as bmonth8_1_1_, contactdat1_.byear as byear9_1_1_, contactdat1_.company as company10_1_1_, contactdat1_.email as email11_1_1_, contactdat1_.email2 as email12_1_1_, contactdat1_.email3 as email13_1_1_, contactdat1_.fax as fax14_1_1_, contactdat1_.firstname as firstna15_1_1_, contactdat1_.home as home16_1_1_, contactdat1_.homepage as homepag17_1_1_, contactdat1_.lastname as lastnam18_1_1_, contactdat1_.middlename as middlen19_1_1_, contactdat1_.mobile as mobile20_1_1_, contactdat1_.nickname as nicknam21_1_1_, contactdat1_.notes as notes22_1_1_, contactdat1_.phone2 as phone23_1_1_, contactdat1_.photo as photo24_1_1_, contactdat1_.title as title25_1_1_, contactdat1_.work as work26_1_1_ from address_in_groups groupconta0_ inner join addressbook contactdat1_ on groupconta0_.id=contactdat1_.id where groupconta0_.group_id=?
Hibernate: select contactgro0_.id as id1_0_0_, contactgro0_.group_id as group_id2_0_0_, groupdata1_.group_id as group_id1_2_1_, groupdata1_.group_footer as group_fo2_2_1_, groupdata1_.group_header as group_he3_2_1_, groupdata1_.group_name as group_na4_2_1_ from address_in_groups contactgro0_ inner join group_list groupdata1_ on contactgro0_.group_id=groupdata1_.group_id where contactgro0_.id=?
Hibernate: select groupconta0_.group_id as group_id2_0_0_, groupconta0_.id as id1_0_0_, contactdat1_.id as id1_1_1_, contactdat1_.aday as aday2_1_1_, contactdat1_.address as address3_1_1_, contactdat1_.address2 as address4_1_1_, contactdat1_.amonth as amonth5_1_1_, contactdat1_.ayear as ayear6_1_1_, contactdat1_.bday as bday7_1_1_, contactdat1_.bmonth as bmonth8_1_1_, contactdat1_.byear as byear9_1_1_, contactdat1_.company as company10_1_1_, contactdat1_.email as email11_1_1_, contactdat1_.email2 as email12_1_1_, contactdat1_.email3 as email13_1_1_, contactdat1_.fax as fax14_1_1_, contactdat1_.firstname as firstna15_1_1_, contactdat1_.home as home16_1_1_, contactdat1_.homepage as homepag17_1_1_, contactdat1_.lastname as lastnam18_1_1_, contactdat1_.middlename as middlen19_1_1_, contactdat1_.mobile as mobile20_1_1_, contactdat1_.nickname as nicknam21_1_1_, contactdat1_.notes as notes22_1_1_, contactdat1_.phone2 as phone23_1_1_, contactdat1_.photo as photo24_1_1_, contactdat1_.title as title25_1_1_, contactdat1_.work as work26_1_1_ from address_in_groups groupconta0_ inner join addressbook contactdat1_ on groupconta0_.id=contactdat1_.id where groupconta0_.group_id=?
Hibernate: select contactgro0_.id as id1_0_0_, contactgro0_.group_id as group_id2_0_0_, groupdata1_.group_id as group_id1_2_1_, groupdata1_.group_footer as group_fo2_2_1_, groupdata1_.group_header as group_he3_2_1_, groupdata1_.group_name as group_na4_2_1_ from address_in_groups contactgro0_ inner join group_list groupdata1_ on contactgro0_.group_id=groupdata1_.group_id where contactgro0_.id=?
Hibernate: select contactgro0_.id as id1_0_0_, contactgro0_.group_id as group_id2_0_0_, groupdata1_.group_id as group_id1_2_1_, groupdata1_.group_footer as group_fo2_2_1_, groupdata1_.group_header as group_he3_2_1_, groupdata1_.group_name as group_na4_2_1_ from address_in_groups contactgro0_ inner join group_list groupdata1_ on contactgro0_.group_id=groupdata1_.group_id where contactgro0_.id=?
Hibernate: select contactgro0_.id as id1_0_0_, contactgro0_.group_id as group_id2_0_0_, groupdata1_.group_id as group_id1_2_1_, groupdata1_.group_footer as group_fo2_2_1_, groupdata1_.group_header as group_he3_2_1_, groupdata1_.group_name as group_na4_2_1_ from address_in_groups contactgro0_ inner join group_list groupdata1_ on contactgro0_.group_id=groupdata1_.group_id where contactgro0_.id=?
Hibernate: select contactgro0_.id as id1_0_0_, contactgro0_.group_id as group_id2_0_0_, groupdata1_.group_id as group_id1_2_1_, groupdata1_.group_footer as group_fo2_2_1_, groupdata1_.group_header as group_he3_2_1_, groupdata1_.group_name as group_na4_2_1_ from address_in_groups contactgro0_ inner join group_list groupdata1_ on contactgro0_.group_id=groupdata1_.group_id where contactgro0_.id=?
Hibernate: select contactgro0_.id as id1_0_0_, contactgro0_.group_id as group_id2_0_0_, groupdata1_.group_id as group_id1_2_1_, groupdata1_.group_footer as group_fo2_2_1_, groupdata1_.group_header as group_he3_2_1_, groupdata1_.group_name as group_na4_2_1_ from address_in_groups contactgro0_ inner join group_list groupdata1_ on contactgro0_.group_id=groupdata1_.group_id where contactgro0_.id=?
Hibernate: select contactgro0_.id as id1_0_0_, contactgro0_.group_id as group_id2_0_0_, groupdata1_.group_id as group_id1_2_1_, groupdata1_.group_footer as group_fo2_2_1_, groupdata1_.group_header as group_he3_2_1_, groupdata1_.group_name as group_na4_2_1_ from address_in_groups contactgro0_ inner join group_list groupdata1_ on contactgro0_.group_id=groupdata1_.group_id where contactgro0_.id=?
Hibernate: select contactgro0_.id as id1_0_0_, contactgro0_.group_id as group_id2_0_0_, groupdata1_.group_id as group_id1_2_1_, groupdata1_.group_footer as group_fo2_2_1_, groupdata1_.group_header as group_he3_2_1_, groupdata1_.group_name as group_na4_2_1_ from address_in_groups contactgro0_ inner join group_list groupdata1_ on contactgro0_.group_id=groupdata1_.group_id where contactgro0_.id=?
23:02:24.279 [Test worker] INFO  qa.issart.com.tests.TestBase - Added new contact id:710 first name: uPDXZHGOTk0KkMZ0Oxj3 last name: oxDC5Fx21QTPgWNz9MTm address: qFc9vNAMrSC6mGX5Vhme phones: 8214844366, 1388849955, 0305140050, 0518382577 emails: TEmKgGWS5y@vw75Xth8SA.am, 4VmgzO0D3k@QT0rx6Yv9I.us, gpyBPOQ3dA@vpJ5WYZWKd.com
23:02:24.280 [Test worker] INFO  qa.issart.com.tests.TestBase - Started test addToContactList
Hibernate: select contactdat0_.id as id1_1_, contactdat0_.aday as aday2_1_, contactdat0_.address as address3_1_, contactdat0_.address2 as address4_1_, contactdat0_.amonth as amonth5_1_, contactdat0_.ayear as ayear6_1_, contactdat0_.bday as bday7_1_, contactdat0_.bmonth as bmonth8_1_, contactdat0_.byear as byear9_1_, contactdat0_.company as company10_1_, contactdat0_.email as email11_1_, contactdat0_.email2 as email12_1_, contactdat0_.email3 as email13_1_, contactdat0_.fax as fax14_1_, contactdat0_.firstname as firstna15_1_, contactdat0_.home as home16_1_, contactdat0_.homepage as homepag17_1_, contactdat0_.lastname as lastnam18_1_, contactdat0_.middlename as middlen19_1_, contactdat0_.mobile as mobile20_1_, contactdat0_.nickname as nicknam21_1_, contactdat0_.notes as notes22_1_, contactdat0_.phone2 as phone23_1_, contactdat0_.photo as photo24_1_, contactdat0_.title as title25_1_, contactdat0_.work as work26_1_ from addressbook contactdat0_ where deprecated=''
Hibernate: select contactgro0_.id as id1_0_0_, contactgro0_.group_id as group_id2_0_0_, groupdata1_.group_id as group_id1_2_1_, groupdata1_.group_footer as group_fo2_2_1_, groupdata1_.group_header as group_he3_2_1_, groupdata1_.group_name as group_na4_2_1_ from address_in_groups contactgro0_ inner join group_list groupdata1_ on contactgro0_.group_id=groupdata1_.group_id where contactgro0_.id=?
Hibernate: select groupconta0_.group_id as group_id2_0_0_, groupconta0_.id as id1_0_0_, contactdat1_.id as id1_1_1_, contactdat1_.aday as aday2_1_1_, contactdat1_.address as address3_1_1_, contactdat1_.address2 as address4_1_1_, contactdat1_.amonth as amonth5_1_1_, contactdat1_.ayear as ayear6_1_1_, contactdat1_.bday as bday7_1_1_, contactdat1_.bmonth as bmonth8_1_1_, contactdat1_.byear as byear9_1_1_, contactdat1_.company as company10_1_1_, contactdat1_.email as email11_1_1_, contactdat1_.email2 as email12_1_1_, contactdat1_.email3 as email13_1_1_, contactdat1_.fax as fax14_1_1_, contactdat1_.firstname as firstna15_1_1_, contactdat1_.home as home16_1_1_, contactdat1_.homepage as homepag17_1_1_, contactdat1_.lastname as lastnam18_1_1_, contactdat1_.middlename as middlen19_1_1_, contactdat1_.mobile as mobile20_1_1_, contactdat1_.nickname as nicknam21_1_1_, contactdat1_.notes as notes22_1_1_, contactdat1_.phone2 as phone23_1_1_, contactdat1_.photo as photo24_1_1_, contactdat1_.title as title25_1_1_, contactdat1_.work as work26_1_1_ from address_in_groups groupconta0_ inner join addressbook contactdat1_ on groupconta0_.id=contactdat1_.id where groupconta0_.group_id=?
Hibernate: select contactgro0_.id as id1_0_0_, contactgro0_.group_id as group_id2_0_0_, groupdata1_.group_id as group_id1_2_1_, groupdata1_.group_footer as group_fo2_2_1_, groupdata1_.group_header as group_he3_2_1_, groupdata1_.group_name as group_na4_2_1_ from address_in_groups contactgro0_ inner join group_list groupdata1_ on contactgro0_.group_id=groupdata1_.group_id where contactgro0_.id=?
Hibernate: select groupconta0_.group_id as group_id2_0_0_, groupconta0_.id as id1_0_0_, contactdat1_.id as id1_1_1_, contactdat1_.aday as aday2_1_1_, contactdat1_.address as address3_1_1_, contactdat1_.address2 as address4_1_1_, contactdat1_.amonth as amonth5_1_1_, contactdat1_.ayear as ayear6_1_1_, contactdat1_.bday as bday7_1_1_, contactdat1_.bmonth as bmonth8_1_1_, contactdat1_.byear as byear9_1_1_, contactdat1_.company as company10_1_1_, contactdat1_.email as email11_1_1_, contactdat1_.email2 as email12_1_1_, contactdat1_.email3 as email13_1_1_, contactdat1_.fax as fax14_1_1_, contactdat1_.firstname as firstna15_1_1_, contactdat1_.home as home16_1_1_, contactdat1_.homepage as homepag17_1_1_, contactdat1_.lastname as lastnam18_1_1_, contactdat1_.middlename as middlen19_1_1_, contactdat1_.mobile as mobile20_1_1_, contactdat1_.nickname as nicknam21_1_1_, contactdat1_.notes as notes22_1_1_, contactdat1_.phone2 as phone23_1_1_, contactdat1_.photo as photo24_1_1_, contactdat1_.title as title25_1_1_, contactdat1_.work as work26_1_1_ from address_in_groups groupconta0_ inner join addressbook contactdat1_ on groupconta0_.id=contactdat1_.id where groupconta0_.group_id=?
Hibernate: select contactgro0_.id as id1_0_0_, contactgro0_.group_id as group_id2_0_0_, groupdata1_.group_id as group_id1_2_1_, groupdata1_.group_footer as group_fo2_2_1_, groupdata1_.group_header as group_he3_2_1_, groupdata1_.group_name as group_na4_2_1_ from address_in_groups contactgro0_ inner join group_list groupdata1_ on contactgro0_.group_id=groupdata1_.group_id where contactgro0_.id=?
Hibernate: select groupconta0_.group_id as group_id2_0_0_, groupconta0_.id as id1_0_0_, contactdat1_.id as id1_1_1_, contactdat1_.aday as aday2_1_1_, contactdat1_.address as address3_1_1_, contactdat1_.address2 as address4_1_1_, contactdat1_.amonth as amonth5_1_1_, contactdat1_.ayear as ayear6_1_1_, contactdat1_.bday as bday7_1_1_, contactdat1_.bmonth as bmonth8_1_1_, contactdat1_.byear as byear9_1_1_, contactdat1_.company as company10_1_1_, contactdat1_.email as email11_1_1_, contactdat1_.email2 as email12_1_1_, contactdat1_.email3 as email13_1_1_, contactdat1_.fax as fax14_1_1_, contactdat1_.firstname as firstna15_1_1_, contactdat1_.home as home16_1_1_, contactdat1_.homepage as homepag17_1_1_, contactdat1_.lastname as lastnam18_1_1_, contactdat1_.middlename as middlen19_1_1_, contactdat1_.mobile as mobile20_1_1_, contactdat1_.nickname as nicknam21_1_1_, contactdat1_.notes as notes22_1_1_, contactdat1_.phone2 as phone23_1_1_, contactdat1_.photo as photo24_1_1_, contactdat1_.title as title25_1_1_, contactdat1_.work as work26_1_1_ from address_in_groups groupconta0_ inner join addressbook contactdat1_ on groupconta0_.id=contactdat1_.id where groupconta0_.group_id=?
Hibernate: select contactgro0_.id as id1_0_0_, contactgro0_.group_id as group_id2_0_0_, groupdata1_.group_id as group_id1_2_1_, groupdata1_.group_footer as group_fo2_2_1_, groupdata1_.group_header as group_he3_2_1_, groupdata1_.group_name as group_na4_2_1_ from address_in_groups contactgro0_ inner join group_list groupdata1_ on contactgro0_.group_id=groupdata1_.group_id where contactgro0_.id=?
Hibernate: select groupconta0_.group_id as group_id2_0_0_, groupconta0_.id as id1_0_0_, contactdat1_.id as id1_1_1_, contactdat1_.aday as aday2_1_1_, contactdat1_.address as address3_1_1_, contactdat1_.address2 as address4_1_1_, contactdat1_.amonth as amonth5_1_1_, contactdat1_.ayear as ayear6_1_1_, contactdat1_.bday as bday7_1_1_, contactdat1_.bmonth as bmonth8_1_1_, contactdat1_.byear as byear9_1_1_, contactdat1_.company as company10_1_1_, contactdat1_.email as email11_1_1_, contactdat1_.email2 as email12_1_1_, contactdat1_.email3 as email13_1_1_, contactdat1_.fax as fax14_1_1_, contactdat1_.firstname as firstna15_1_1_, contactdat1_.home as home16_1_1_, contactdat1_.homepage as homepag17_1_1_, contactdat1_.lastname as lastnam18_1_1_, contactdat1_.middlename as middlen19_1_1_, contactdat1_.mobile as mobile20_1_1_, contactdat1_.nickname as nicknam21_1_1_, contactdat1_.notes as notes22_1_1_, contactdat1_.phone2 as phone23_1_1_, contactdat1_.photo as photo24_1_1_, contactdat1_.title as title25_1_1_, contactdat1_.work as work26_1_1_ from address_in_groups groupconta0_ inner join addressbook contactdat1_ on groupconta0_.id=contactdat1_.id where groupconta0_.group_id=?
Hibernate: select contactgro0_.id as id1_0_0_, contactgro0_.group_id as group_id2_0_0_, groupdata1_.group_id as group_id1_2_1_, groupdata1_.group_footer as group_fo2_2_1_, groupdata1_.group_header as group_he3_2_1_, groupdata1_.group_name as group_na4_2_1_ from address_in_groups contactgro0_ inner join group_list groupdata1_ on contactgro0_.group_id=groupdata1_.group_id where contactgro0_.id=?
Hibernate: select contactgro0_.id as id1_0_0_, contactgro0_.group_id as group_id2_0_0_, groupdata1_.group_id as group_id1_2_1_, groupdata1_.group_footer as group_fo2_2_1_, groupdata1_.group_header as group_he3_2_1_, groupdata1_.group_name as group_na4_2_1_ from address_in_groups contactgro0_ inner join group_list groupdata1_ on contactgro0_.group_id=groupdata1_.group_id where contactgro0_.id=?
Hibernate: select contactgro0_.id as id1_0_0_, contactgro0_.group_id as group_id2_0_0_, groupdata1_.group_id as group_id1_2_1_, groupdata1_.group_footer as group_fo2_2_1_, groupdata1_.group_header as group_he3_2_1_, groupdata1_.group_name as group_na4_2_1_ from address_in_groups contactgro0_ inner join group_list groupdata1_ on contactgro0_.group_id=groupdata1_.group_id where contactgro0_.id=?
Hibernate: select contactgro0_.id as id1_0_0_, contactgro0_.group_id as group_id2_0_0_, groupdata1_.group_id as group_id1_2_1_, groupdata1_.group_footer as group_fo2_2_1_, groupdata1_.group_header as group_he3_2_1_, groupdata1_.group_name as group_na4_2_1_ from address_in_groups contactgro0_ inner join group_list groupdata1_ on contactgro0_.group_id=groupdata1_.group_id where contactgro0_.id=?
Hibernate: select contactgro0_.id as id1_0_0_, contactgro0_.group_id as group_id2_0_0_, groupdata1_.group_id as group_id1_2_1_, groupdata1_.group_footer as group_fo2_2_1_, groupdata1_.group_header as group_he3_2_1_, groupdata1_.group_name as group_na4_2_1_ from address_in_groups contactgro0_ inner join group_list groupdata1_ on contactgro0_.group_id=groupdata1_.group_id where contactgro0_.id=?
Hibernate: select contactgro0_.id as id1_0_0_, contactgro0_.group_id as group_id2_0_0_, groupdata1_.group_id as group_id1_2_1_, groupdata1_.group_footer as group_fo2_2_1_, groupdata1_.group_header as group_he3_2_1_, groupdata1_.group_name as group_na4_2_1_ from address_in_groups contactgro0_ inner join group_list groupdata1_ on contactgro0_.group_id=groupdata1_.group_id where contactgro0_.id=?
Hibernate: select contactgro0_.id as id1_0_0_, contactgro0_.group_id as group_id2_0_0_, groupdata1_.group_id as group_id1_2_1_, groupdata1_.group_footer as group_fo2_2_1_, groupdata1_.group_header as group_he3_2_1_, groupdata1_.group_name as group_na4_2_1_ from address_in_groups contactgro0_ inner join group_list groupdata1_ on contactgro0_.group_id=groupdata1_.group_id where contactgro0_.id=?
23:02:33.500 [Test worker] INFO  qa.issart.com.tests.TestBase - Added new contact id:711 first name: RkSjRprDMKy1vdM8Mdgm last name: l40nJnLxu6wjkVy9X3Hl address: lpeACRo7u5hvj2edpO6Q phones: 9672929929, 0493914328, 2455005809, 1329456758 emails: YmA7kKmwhq@rEn6I2a8Jw.edu, z3oaNmwVLI@Yu7idxKk50.com, 6be3FyeLpe@0ZTCf2fIz8.su
23:02:33.501 [Test worker] INFO  qa.issart.com.tests.TestBase - Started test addToContactList
Hibernate: select contactdat0_.id as id1_1_, contactdat0_.aday as aday2_1_, contactdat0_.address as address3_1_, contactdat0_.address2 as address4_1_, contactdat0_.amonth as amonth5_1_, contactdat0_.ayear as ayear6_1_, contactdat0_.bday as bday7_1_, contactdat0_.bmonth as bmonth8_1_, contactdat0_.byear as byear9_1_, contactdat0_.company as company10_1_, contactdat0_.email as email11_1_, contactdat0_.email2 as email12_1_, contactdat0_.email3 as email13_1_, contactdat0_.fax as fax14_1_, contactdat0_.firstname as firstna15_1_, contactdat0_.home as home16_1_, contactdat0_.homepage as homepag17_1_, contactdat0_.lastname as lastnam18_1_, contactdat0_.middlename as middlen19_1_, contactdat0_.mobile as mobile20_1_, contactdat0_.nickname as nicknam21_1_, contactdat0_.notes as notes22_1_, contactdat0_.phone2 as phone23_1_, contactdat0_.photo as photo24_1_, contactdat0_.title as title25_1_, contactdat0_.work as work26_1_ from addressbook contactdat0_ where deprecated=''
Hibernate: select contactgro0_.id as id1_0_0_, contactgro0_.group_id as group_id2_0_0_, groupdata1_.group_id as group_id1_2_1_, groupdata1_.group_footer as group_fo2_2_1_, groupdata1_.group_header as group_he3_2_1_, groupdata1_.group_name as group_na4_2_1_ from address_in_groups contactgro0_ inner join group_list groupdata1_ on contactgro0_.group_id=groupdata1_.group_id where contactgro0_.id=?
Hibernate: select groupconta0_.group_id as group_id2_0_0_, groupconta0_.id as id1_0_0_, contactdat1_.id as id1_1_1_, contactdat1_.aday as aday2_1_1_, contactdat1_.address as address3_1_1_, contactdat1_.address2 as address4_1_1_, contactdat1_.amonth as amonth5_1_1_, contactdat1_.ayear as ayear6_1_1_, contactdat1_.bday as bday7_1_1_, contactdat1_.bmonth as bmonth8_1_1_, contactdat1_.byear as byear9_1_1_, contactdat1_.company as company10_1_1_, contactdat1_.email as email11_1_1_, contactdat1_.email2 as email12_1_1_, contactdat1_.email3 as email13_1_1_, contactdat1_.fax as fax14_1_1_, contactdat1_.firstname as firstna15_1_1_, contactdat1_.home as home16_1_1_, contactdat1_.homepage as homepag17_1_1_, contactdat1_.lastname as lastnam18_1_1_, contactdat1_.middlename as middlen19_1_1_, contactdat1_.mobile as mobile20_1_1_, contactdat1_.nickname as nicknam21_1_1_, contactdat1_.notes as notes22_1_1_, contactdat1_.phone2 as phone23_1_1_, contactdat1_.photo as photo24_1_1_, contactdat1_.title as title25_1_1_, contactdat1_.work as work26_1_1_ from address_in_groups groupconta0_ inner join addressbook contactdat1_ on groupconta0_.id=contactdat1_.id where groupconta0_.group_id=?
Hibernate: select contactgro0_.id as id1_0_0_, contactgro0_.group_id as group_id2_0_0_, groupdata1_.group_id as group_id1_2_1_, groupdata1_.group_footer as group_fo2_2_1_, groupdata1_.group_header as group_he3_2_1_, groupdata1_.group_name as group_na4_2_1_ from address_in_groups contactgro0_ inner join group_list groupdata1_ on contactgro0_.group_id=groupdata1_.group_id where contactgro0_.id=?
Hibernate: select groupconta0_.group_id as group_id2_0_0_, groupconta0_.id as id1_0_0_, contactdat1_.id as id1_1_1_, contactdat1_.aday as aday2_1_1_, contactdat1_.address as address3_1_1_, contactdat1_.address2 as address4_1_1_, contactdat1_.amonth as amonth5_1_1_, contactdat1_.ayear as ayear6_1_1_, contactdat1_.bday as bday7_1_1_, contactdat1_.bmonth as bmonth8_1_1_, contactdat1_.byear as byear9_1_1_, contactdat1_.company as company10_1_1_, contactdat1_.email as email11_1_1_, contactdat1_.email2 as email12_1_1_, contactdat1_.email3 as email13_1_1_, contactdat1_.fax as fax14_1_1_, contactdat1_.firstname as firstna15_1_1_, contactdat1_.home as home16_1_1_, contactdat1_.homepage as homepag17_1_1_, contactdat1_.lastname as lastnam18_1_1_, contactdat1_.middlename as middlen19_1_1_, contactdat1_.mobile as mobile20_1_1_, contactdat1_.nickname as nicknam21_1_1_, contactdat1_.notes as notes22_1_1_, contactdat1_.phone2 as phone23_1_1_, contactdat1_.photo as photo24_1_1_, contactdat1_.title as title25_1_1_, contactdat1_.work as work26_1_1_ from address_in_groups groupconta0_ inner join addressbook contactdat1_ on groupconta0_.id=contactdat1_.id where groupconta0_.group_id=?
Hibernate: select contactgro0_.id as id1_0_0_, contactgro0_.group_id as group_id2_0_0_, groupdata1_.group_id as group_id1_2_1_, groupdata1_.group_footer as group_fo2_2_1_, groupdata1_.group_header as group_he3_2_1_, groupdata1_.group_name as group_na4_2_1_ from address_in_groups contactgro0_ inner join group_list groupdata1_ on contactgro0_.group_id=groupdata1_.group_id where contactgro0_.id=?
Hibernate: select groupconta0_.group_id as group_id2_0_0_, groupconta0_.id as id1_0_0_, contactdat1_.id as id1_1_1_, contactdat1_.aday as aday2_1_1_, contactdat1_.address as address3_1_1_, contactdat1_.address2 as address4_1_1_, contactdat1_.amonth as amonth5_1_1_, contactdat1_.ayear as ayear6_1_1_, contactdat1_.bday as bday7_1_1_, contactdat1_.bmonth as bmonth8_1_1_, contactdat1_.byear as byear9_1_1_, contactdat1_.company as company10_1_1_, contactdat1_.email as email11_1_1_, contactdat1_.email2 as email12_1_1_, contactdat1_.email3 as email13_1_1_, contactdat1_.fax as fax14_1_1_, contactdat1_.firstname as firstna15_1_1_, contactdat1_.home as home16_1_1_, contactdat1_.homepage as homepag17_1_1_, contactdat1_.lastname as lastnam18_1_1_, contactdat1_.middlename as middlen19_1_1_, contactdat1_.mobile as mobile20_1_1_, contactdat1_.nickname as nicknam21_1_1_, contactdat1_.notes as notes22_1_1_, contactdat1_.phone2 as phone23_1_1_, contactdat1_.photo as photo24_1_1_, contactdat1_.title as title25_1_1_, contactdat1_.work as work26_1_1_ from address_in_groups groupconta0_ inner join addressbook contactdat1_ on groupconta0_.id=contactdat1_.id where groupconta0_.group_id=?
Hibernate: select contactgro0_.id as id1_0_0_, contactgro0_.group_id as group_id2_0_0_, groupdata1_.group_id as group_id1_2_1_, groupdata1_.group_footer as group_fo2_2_1_, groupdata1_.group_header as group_he3_2_1_, groupdata1_.group_name as group_na4_2_1_ from address_in_groups contactgro0_ inner join group_list groupdata1_ on contactgro0_.group_id=groupdata1_.group_id where contactgro0_.id=?
Hibernate: select groupconta0_.group_id as group_id2_0_0_, groupconta0_.id as id1_0_0_, contactdat1_.id as id1_1_1_, contactdat1_.aday as aday2_1_1_, contactdat1_.address as address3_1_1_, contactdat1_.address2 as address4_1_1_, contactdat1_.amonth as amonth5_1_1_, contactdat1_.ayear as ayear6_1_1_, contactdat1_.bday as bday7_1_1_, contactdat1_.bmonth as bmonth8_1_1_, contactdat1_.byear as byear9_1_1_, contactdat1_.company as company10_1_1_, contactdat1_.email as email11_1_1_, contactdat1_.email2 as email12_1_1_, contactdat1_.email3 as email13_1_1_, contactdat1_.fax as fax14_1_1_, contactdat1_.firstname as firstna15_1_1_, contactdat1_.home as home16_1_1_, contactdat1_.homepage as homepag17_1_1_, contactdat1_.lastname as lastnam18_1_1_, contactdat1_.middlename as middlen19_1_1_, contactdat1_.mobile as mobile20_1_1_, contactdat1_.nickname as nicknam21_1_1_, contactdat1_.notes as notes22_1_1_, contactdat1_.phone2 as phone23_1_1_, contactdat1_.photo as photo24_1_1_, contactdat1_.title as title25_1_1_, contactdat1_.work as work26_1_1_ from address_in_groups groupconta0_ inner join addressbook contactdat1_ on groupconta0_.id=contactdat1_.id where groupconta0_.group_id=?
Hibernate: select contactgro0_.id as id1_0_0_, contactgro0_.group_id as group_id2_0_0_, groupdata1_.group_id as group_id1_2_1_, groupdata1_.group_footer as group_fo2_2_1_, groupdata1_.group_header as group_he3_2_1_, groupdata1_.group_name as group_na4_2_1_ from address_in_groups contactgro0_ inner join group_list groupdata1_ on contactgro0_.group_id=groupdata1_.group_id where contactgro0_.id=?
Hibernate: select groupconta0_.group_id as group_id2_0_0_, groupconta0_.id as id1_0_0_, contactdat1_.id as id1_1_1_, contactdat1_.aday as aday2_1_1_, contactdat1_.address as address3_1_1_, contactdat1_.address2 as address4_1_1_, contactdat1_.amonth as amonth5_1_1_, contactdat1_.ayear as ayear6_1_1_, contactdat1_.bday as bday7_1_1_, contactdat1_.bmonth as bmonth8_1_1_, contactdat1_.byear as byear9_1_1_, contactdat1_.company as company10_1_1_, contactdat1_.email as email11_1_1_, contactdat1_.email2 as email12_1_1_, contactdat1_.email3 as email13_1_1_, contactdat1_.fax as fax14_1_1_, contactdat1_.firstname as firstna15_1_1_, contactdat1_.home as home16_1_1_, contactdat1_.homepage as homepag17_1_1_, contactdat1_.lastname as lastnam18_1_1_, contactdat1_.middlename as middlen19_1_1_, contactdat1_.mobile as mobile20_1_1_, contactdat1_.nickname as nicknam21_1_1_, contactdat1_.notes as notes22_1_1_, contactdat1_.phone2 as phone23_1_1_, contactdat1_.photo as photo24_1_1_, contactdat1_.title as title25_1_1_, contactdat1_.work as work26_1_1_ from address_in_groups groupconta0_ inner join addressbook contactdat1_ on groupconta0_.id=contactdat1_.id where groupconta0_.group_id=?
Hibernate: select contactgro0_.id as id1_0_0_, contactgro0_.group_id as group_id2_0_0_, groupdata1_.group_id as group_id1_2_1_, groupdata1_.group_footer as group_fo2_2_1_, groupdata1_.group_header as group_he3_2_1_, groupdata1_.group_name as group_na4_2_1_ from address_in_groups contactgro0_ inner join group_list groupdata1_ on contactgro0_.group_id=groupdata1_.group_id where contactgro0_.id=?
Hibernate: select contactgro0_.id as id1_0_0_, contactgro0_.group_id as group_id2_0_0_, groupdata1_.group_id as group_id1_2_1_, groupdata1_.group_footer as group_fo2_2_1_, groupdata1_.group_header as group_he3_2_1_, groupdata1_.group_name as group_na4_2_1_ from address_in_groups contactgro0_ inner join group_list groupdata1_ on contactgro0_.group_id=groupdata1_.group_id where contactgro0_.id=?
Hibernate: select contactgro0_.id as id1_0_0_, contactgro0_.group_id as group_id2_0_0_, groupdata1_.group_id as group_id1_2_1_, groupdata1_.group_footer as group_fo2_2_1_, groupdata1_.group_header as group_he3_2_1_, groupdata1_.group_name as group_na4_2_1_ from address_in_groups contactgro0_ inner join group_list groupdata1_ on contactgro0_.group_id=groupdata1_.group_id where contactgro0_.id=?
Hibernate: select contactgro0_.id as id1_0_0_, contactgro0_.group_id as group_id2_0_0_, groupdata1_.group_id as group_id1_2_1_, groupdata1_.group_footer as group_fo2_2_1_, groupdata1_.group_header as group_he3_2_1_, groupdata1_.group_name as group_na4_2_1_ from address_in_groups contactgro0_ inner join group_list groupdata1_ on contactgro0_.group_id=groupdata1_.group_id where contactgro0_.id=?
Hibernate: select contactgro0_.id as id1_0_0_, contactgro0_.group_id as group_id2_0_0_, groupdata1_.group_id as group_id1_2_1_, groupdata1_.group_footer as group_fo2_2_1_, groupdata1_.group_header as group_he3_2_1_, groupdata1_.group_name as group_na4_2_1_ from address_in_groups contactgro0_ inner join group_list groupdata1_ on contactgro0_.group_id=groupdata1_.group_id where contactgro0_.id=?
Hibernate: select contactgro0_.id as id1_0_0_, contactgro0_.group_id as group_id2_0_0_, groupdata1_.group_id as group_id1_2_1_, groupdata1_.group_footer as group_fo2_2_1_, groupdata1_.group_header as group_he3_2_1_, groupdata1_.group_name as group_na4_2_1_ from address_in_groups contactgro0_ inner join group_list groupdata1_ on contactgro0_.group_id=groupdata1_.group_id where contactgro0_.id=?
Hibernate: select contactgro0_.id as id1_0_0_, contactgro0_.group_id as group_id2_0_0_, groupdata1_.group_id as group_id1_2_1_, groupdata1_.group_footer as group_fo2_2_1_, groupdata1_.group_header as group_he3_2_1_, groupdata1_.group_name as group_na4_2_1_ from address_in_groups contactgro0_ inner join group_list groupdata1_ on contactgro0_.group_id=groupdata1_.group_id where contactgro0_.id=?
23:02:42.642 [Test worker] INFO  qa.issart.com.tests.TestBase - Added new contact id:712 first name: pjJjPVokVcqFkiD2C9wO last name: tkfwBx1jEjV4HswCyQuQ address: 8yBUJfdhKvtwosthinuS phones: 7934054468, 6321987927, 9898777603, 0774648895 emails: DYyUqmIEXV@XnUQeFIu4h.pl, Kk96r6pJ1N@qGVFmwTZff.lv, myLcnb2yRW@Q4p4cks4eu.net
]]></system-out>
  <system-err><![CDATA[]]></system-err>
</testsuite>
