<?xml version="1.0" encoding="UTF-8"?>
<testsuite name="qa.issart.com.tests.GroupDeletionTests" tests="5" skipped="0" failures="0" errors="0" timestamp="2021-10-04T17:05:53" hostname="ALPHARETTA" time="7.298">
  <properties/>
  <testcase name="deleteGroupsByIndices[0]([Ljava.lang.String;@313607c3)" classname="qa.issart.com.tests.GroupDeletionTests" time="0.791"/>
  <testcase name="deleteGroupsByIndices[1]([Ljava.lang.String;@33521fcb)" classname="qa.issart.com.tests.GroupDeletionTests" time="0.718"/>
  <testcase name="deleteGroupsByIndices[2]([Ljava.lang.String;@370fa6e6)" classname="qa.issart.com.tests.GroupDeletionTests" time="0.636"/>
  <testcase name="deleteGroupsByIndices[3]([Ljava.lang.String;@73bcfaea)" classname="qa.issart.com.tests.GroupDeletionTests" time="1.384"/>
  <testcase name="deleteGroupsByIndices[4]([Ljava.lang.String;@5ede2ec)" classname="qa.issart.com.tests.GroupDeletionTests" time="1.708"/>
  <system-out><![CDATA[23:05:53.076 [Test worker] INFO  qa.issart.com.tests.TestBase - Started test deleteGroupsByIndices
23:05:53.798 [Test worker] INFO  qa.issart.com.tests.TestBase - Indices for groups are [1]
23:05:53.799 [Test worker] INFO  qa.issart.com.tests.TestBase - Deleted groups are [GroupData{group_id=797, group_name='1M74S4cqqeijaDvEHoFf'}]
Hibernate: select groupdata0_.group_id as group_id1_2_, groupdata0_.group_footer as group_fo2_2_, groupdata0_.group_header as group_he3_2_, groupdata0_.group_name as group_na4_2_ from group_list groupdata0_
Hibernate: select groupconta0_.group_id as group_id2_0_0_, groupconta0_.id as id1_0_0_, contactdat1_.id as id1_1_1_, contactdat1_.aday as aday2_1_1_, contactdat1_.address as address3_1_1_, contactdat1_.address2 as address4_1_1_, contactdat1_.amonth as amonth5_1_1_, contactdat1_.ayear as ayear6_1_1_, contactdat1_.bday as bday7_1_1_, contactdat1_.bmonth as bmonth8_1_1_, contactdat1_.byear as byear9_1_1_, contactdat1_.company as company10_1_1_, contactdat1_.email as email11_1_1_, contactdat1_.email2 as email12_1_1_, contactdat1_.email3 as email13_1_1_, contactdat1_.fax as fax14_1_1_, contactdat1_.firstname as firstna15_1_1_, contactdat1_.home as home16_1_1_, contactdat1_.homepage as homepag17_1_1_, contactdat1_.lastname as lastnam18_1_1_, contactdat1_.middlename as middlen19_1_1_, contactdat1_.mobile as mobile20_1_1_, contactdat1_.nickname as nicknam21_1_1_, contactdat1_.notes as notes22_1_1_, contactdat1_.phone2 as phone23_1_1_, contactdat1_.photo as photo24_1_1_, contactdat1_.title as title25_1_1_, contactdat1_.work as work26_1_1_ from address_in_groups groupconta0_ inner join addressbook contactdat1_ on groupconta0_.id=contactdat1_.id where groupconta0_.group_id=?
Hibernate: select groupconta0_.group_id as group_id2_0_0_, groupconta0_.id as id1_0_0_, contactdat1_.id as id1_1_1_, contactdat1_.aday as aday2_1_1_, contactdat1_.address as address3_1_1_, contactdat1_.address2 as address4_1_1_, contactdat1_.amonth as amonth5_1_1_, contactdat1_.ayear as ayear6_1_1_, contactdat1_.bday as bday7_1_1_, contactdat1_.bmonth as bmonth8_1_1_, contactdat1_.byear as byear9_1_1_, contactdat1_.company as company10_1_1_, contactdat1_.email as email11_1_1_, contactdat1_.email2 as email12_1_1_, contactdat1_.email3 as email13_1_1_, contactdat1_.fax as fax14_1_1_, contactdat1_.firstname as firstna15_1_1_, contactdat1_.home as home16_1_1_, contactdat1_.homepage as homepag17_1_1_, contactdat1_.lastname as lastnam18_1_1_, contactdat1_.middlename as middlen19_1_1_, contactdat1_.mobile as mobile20_1_1_, contactdat1_.nickname as nicknam21_1_1_, contactdat1_.notes as notes22_1_1_, contactdat1_.phone2 as phone23_1_1_, contactdat1_.photo as photo24_1_1_, contactdat1_.title as title25_1_1_, contactdat1_.work as work26_1_1_ from address_in_groups groupconta0_ inner join addressbook contactdat1_ on groupconta0_.id=contactdat1_.id where groupconta0_.group_id=?
Hibernate: select groupconta0_.group_id as group_id2_0_0_, groupconta0_.id as id1_0_0_, contactdat1_.id as id1_1_1_, contactdat1_.aday as aday2_1_1_, contactdat1_.address as address3_1_1_, contactdat1_.address2 as address4_1_1_, contactdat1_.amonth as amonth5_1_1_, contactdat1_.ayear as ayear6_1_1_, contactdat1_.bday as bday7_1_1_, contactdat1_.bmonth as bmonth8_1_1_, contactdat1_.byear as byear9_1_1_, contactdat1_.company as company10_1_1_, contactdat1_.email as email11_1_1_, contactdat1_.email2 as email12_1_1_, contactdat1_.email3 as email13_1_1_, contactdat1_.fax as fax14_1_1_, contactdat1_.firstname as firstna15_1_1_, contactdat1_.home as home16_1_1_, contactdat1_.homepage as homepag17_1_1_, contactdat1_.lastname as lastnam18_1_1_, contactdat1_.middlename as middlen19_1_1_, contactdat1_.mobile as mobile20_1_1_, contactdat1_.nickname as nicknam21_1_1_, contactdat1_.notes as notes22_1_1_, contactdat1_.phone2 as phone23_1_1_, contactdat1_.photo as photo24_1_1_, contactdat1_.title as title25_1_1_, contactdat1_.work as work26_1_1_ from address_in_groups groupconta0_ inner join addressbook contactdat1_ on groupconta0_.id=contactdat1_.id where groupconta0_.group_id=?
Hibernate: select groupconta0_.group_id as group_id2_0_0_, groupconta0_.id as id1_0_0_, contactdat1_.id as id1_1_1_, contactdat1_.aday as aday2_1_1_, contactdat1_.address as address3_1_1_, contactdat1_.address2 as address4_1_1_, contactdat1_.amonth as amonth5_1_1_, contactdat1_.ayear as ayear6_1_1_, contactdat1_.bday as bday7_1_1_, contactdat1_.bmonth as bmonth8_1_1_, contactdat1_.byear as byear9_1_1_, contactdat1_.company as company10_1_1_, contactdat1_.email as email11_1_1_, contactdat1_.email2 as email12_1_1_, contactdat1_.email3 as email13_1_1_, contactdat1_.fax as fax14_1_1_, contactdat1_.firstname as firstna15_1_1_, contactdat1_.home as home16_1_1_, contactdat1_.homepage as homepag17_1_1_, contactdat1_.lastname as lastnam18_1_1_, contactdat1_.middlename as middlen19_1_1_, contactdat1_.mobile as mobile20_1_1_, contactdat1_.nickname as nicknam21_1_1_, contactdat1_.notes as notes22_1_1_, contactdat1_.phone2 as phone23_1_1_, contactdat1_.photo as photo24_1_1_, contactdat1_.title as title25_1_1_, contactdat1_.work as work26_1_1_ from address_in_groups groupconta0_ inner join addressbook contactdat1_ on groupconta0_.id=contactdat1_.id where groupconta0_.group_id=?
Hibernate: select groupconta0_.group_id as group_id2_0_0_, groupconta0_.id as id1_0_0_, contactdat1_.id as id1_1_1_, contactdat1_.aday as aday2_1_1_, contactdat1_.address as address3_1_1_, contactdat1_.address2 as address4_1_1_, contactdat1_.amonth as amonth5_1_1_, contactdat1_.ayear as ayear6_1_1_, contactdat1_.bday as bday7_1_1_, contactdat1_.bmonth as bmonth8_1_1_, contactdat1_.byear as byear9_1_1_, contactdat1_.company as company10_1_1_, contactdat1_.email as email11_1_1_, contactdat1_.email2 as email12_1_1_, contactdat1_.email3 as email13_1_1_, contactdat1_.fax as fax14_1_1_, contactdat1_.firstname as firstna15_1_1_, contactdat1_.home as home16_1_1_, contactdat1_.homepage as homepag17_1_1_, contactdat1_.lastname as lastnam18_1_1_, contactdat1_.middlename as middlen19_1_1_, contactdat1_.mobile as mobile20_1_1_, contactdat1_.nickname as nicknam21_1_1_, contactdat1_.notes as notes22_1_1_, contactdat1_.phone2 as phone23_1_1_, contactdat1_.photo as photo24_1_1_, contactdat1_.title as title25_1_1_, contactdat1_.work as work26_1_1_ from address_in_groups groupconta0_ inner join addressbook contactdat1_ on groupconta0_.id=contactdat1_.id where groupconta0_.group_id=?
Hibernate: select groupconta0_.group_id as group_id2_0_0_, groupconta0_.id as id1_0_0_, contactdat1_.id as id1_1_1_, contactdat1_.aday as aday2_1_1_, contactdat1_.address as address3_1_1_, contactdat1_.address2 as address4_1_1_, contactdat1_.amonth as amonth5_1_1_, contactdat1_.ayear as ayear6_1_1_, contactdat1_.bday as bday7_1_1_, contactdat1_.bmonth as bmonth8_1_1_, contactdat1_.byear as byear9_1_1_, contactdat1_.company as company10_1_1_, contactdat1_.email as email11_1_1_, contactdat1_.email2 as email12_1_1_, contactdat1_.email3 as email13_1_1_, contactdat1_.fax as fax14_1_1_, contactdat1_.firstname as firstna15_1_1_, contactdat1_.home as home16_1_1_, contactdat1_.homepage as homepag17_1_1_, contactdat1_.lastname as lastnam18_1_1_, contactdat1_.middlename as middlen19_1_1_, contactdat1_.mobile as mobile20_1_1_, contactdat1_.nickname as nicknam21_1_1_, contactdat1_.notes as notes22_1_1_, contactdat1_.phone2 as phone23_1_1_, contactdat1_.photo as photo24_1_1_, contactdat1_.title as title25_1_1_, contactdat1_.work as work26_1_1_ from address_in_groups groupconta0_ inner join addressbook contactdat1_ on groupconta0_.id=contactdat1_.id where groupconta0_.group_id=?
Hibernate: select groupconta0_.group_id as group_id2_0_0_, groupconta0_.id as id1_0_0_, contactdat1_.id as id1_1_1_, contactdat1_.aday as aday2_1_1_, contactdat1_.address as address3_1_1_, contactdat1_.address2 as address4_1_1_, contactdat1_.amonth as amonth5_1_1_, contactdat1_.ayear as ayear6_1_1_, contactdat1_.bday as bday7_1_1_, contactdat1_.bmonth as bmonth8_1_1_, contactdat1_.byear as byear9_1_1_, contactdat1_.company as company10_1_1_, contactdat1_.email as email11_1_1_, contactdat1_.email2 as email12_1_1_, contactdat1_.email3 as email13_1_1_, contactdat1_.fax as fax14_1_1_, contactdat1_.firstname as firstna15_1_1_, contactdat1_.home as home16_1_1_, contactdat1_.homepage as homepag17_1_1_, contactdat1_.lastname as lastnam18_1_1_, contactdat1_.middlename as middlen19_1_1_, contactdat1_.mobile as mobile20_1_1_, contactdat1_.nickname as nicknam21_1_1_, contactdat1_.notes as notes22_1_1_, contactdat1_.phone2 as phone23_1_1_, contactdat1_.photo as photo24_1_1_, contactdat1_.title as title25_1_1_, contactdat1_.work as work26_1_1_ from address_in_groups groupconta0_ inner join addressbook contactdat1_ on groupconta0_.id=contactdat1_.id where groupconta0_.group_id=?
Hibernate: select groupconta0_.group_id as group_id2_0_0_, groupconta0_.id as id1_0_0_, contactdat1_.id as id1_1_1_, contactdat1_.aday as aday2_1_1_, contactdat1_.address as address3_1_1_, contactdat1_.address2 as address4_1_1_, contactdat1_.amonth as amonth5_1_1_, contactdat1_.ayear as ayear6_1_1_, contactdat1_.bday as bday7_1_1_, contactdat1_.bmonth as bmonth8_1_1_, contactdat1_.byear as byear9_1_1_, contactdat1_.company as company10_1_1_, contactdat1_.email as email11_1_1_, contactdat1_.email2 as email12_1_1_, contactdat1_.email3 as email13_1_1_, contactdat1_.fax as fax14_1_1_, contactdat1_.firstname as firstna15_1_1_, contactdat1_.home as home16_1_1_, contactdat1_.homepage as homepag17_1_1_, contactdat1_.lastname as lastnam18_1_1_, contactdat1_.middlename as middlen19_1_1_, contactdat1_.mobile as mobile20_1_1_, contactdat1_.nickname as nicknam21_1_1_, contactdat1_.notes as notes22_1_1_, contactdat1_.phone2 as phone23_1_1_, contactdat1_.photo as photo24_1_1_, contactdat1_.title as title25_1_1_, contactdat1_.work as work26_1_1_ from address_in_groups groupconta0_ inner join addressbook contactdat1_ on groupconta0_.id=contactdat1_.id where groupconta0_.group_id=?
Hibernate: select groupconta0_.group_id as group_id2_0_0_, groupconta0_.id as id1_0_0_, contactdat1_.id as id1_1_1_, contactdat1_.aday as aday2_1_1_, contactdat1_.address as address3_1_1_, contactdat1_.address2 as address4_1_1_, contactdat1_.amonth as amonth5_1_1_, contactdat1_.ayear as ayear6_1_1_, contactdat1_.bday as bday7_1_1_, contactdat1_.bmonth as bmonth8_1_1_, contactdat1_.byear as byear9_1_1_, contactdat1_.company as company10_1_1_, contactdat1_.email as email11_1_1_, contactdat1_.email2 as email12_1_1_, contactdat1_.email3 as email13_1_1_, contactdat1_.fax as fax14_1_1_, contactdat1_.firstname as firstna15_1_1_, contactdat1_.home as home16_1_1_, contactdat1_.homepage as homepag17_1_1_, contactdat1_.lastname as lastnam18_1_1_, contactdat1_.middlename as middlen19_1_1_, contactdat1_.mobile as mobile20_1_1_, contactdat1_.nickname as nicknam21_1_1_, contactdat1_.notes as notes22_1_1_, contactdat1_.phone2 as phone23_1_1_, contactdat1_.photo as photo24_1_1_, contactdat1_.title as title25_1_1_, contactdat1_.work as work26_1_1_ from address_in_groups groupconta0_ inner join addressbook contactdat1_ on groupconta0_.id=contactdat1_.id where groupconta0_.group_id=?
Hibernate: select groupconta0_.group_id as group_id2_0_0_, groupconta0_.id as id1_0_0_, contactdat1_.id as id1_1_1_, contactdat1_.aday as aday2_1_1_, contactdat1_.address as address3_1_1_, contactdat1_.address2 as address4_1_1_, contactdat1_.amonth as amonth5_1_1_, contactdat1_.ayear as ayear6_1_1_, contactdat1_.bday as bday7_1_1_, contactdat1_.bmonth as bmonth8_1_1_, contactdat1_.byear as byear9_1_1_, contactdat1_.company as company10_1_1_, contactdat1_.email as email11_1_1_, contactdat1_.email2 as email12_1_1_, contactdat1_.email3 as email13_1_1_, contactdat1_.fax as fax14_1_1_, contactdat1_.firstname as firstna15_1_1_, contactdat1_.home as home16_1_1_, contactdat1_.homepage as homepag17_1_1_, contactdat1_.lastname as lastnam18_1_1_, contactdat1_.middlename as middlen19_1_1_, contactdat1_.mobile as mobile20_1_1_, contactdat1_.nickname as nicknam21_1_1_, contactdat1_.notes as notes22_1_1_, contactdat1_.phone2 as phone23_1_1_, contactdat1_.photo as photo24_1_1_, contactdat1_.title as title25_1_1_, contactdat1_.work as work26_1_1_ from address_in_groups groupconta0_ inner join addressbook contactdat1_ on groupconta0_.id=contactdat1_.id where groupconta0_.group_id=?
Hibernate: select groupconta0_.group_id as group_id2_0_0_, groupconta0_.id as id1_0_0_, contactdat1_.id as id1_1_1_, contactdat1_.aday as aday2_1_1_, contactdat1_.address as address3_1_1_, contactdat1_.address2 as address4_1_1_, contactdat1_.amonth as amonth5_1_1_, contactdat1_.ayear as ayear6_1_1_, contactdat1_.bday as bday7_1_1_, contactdat1_.bmonth as bmonth8_1_1_, contactdat1_.byear as byear9_1_1_, contactdat1_.company as company10_1_1_, contactdat1_.email as email11_1_1_, contactdat1_.email2 as email12_1_1_, contactdat1_.email3 as email13_1_1_, contactdat1_.fax as fax14_1_1_, contactdat1_.firstname as firstna15_1_1_, contactdat1_.home as home16_1_1_, contactdat1_.homepage as homepag17_1_1_, contactdat1_.lastname as lastnam18_1_1_, contactdat1_.middlename as middlen19_1_1_, contactdat1_.mobile as mobile20_1_1_, contactdat1_.nickname as nicknam21_1_1_, contactdat1_.notes as notes22_1_1_, contactdat1_.phone2 as phone23_1_1_, contactdat1_.photo as photo24_1_1_, contactdat1_.title as title25_1_1_, contactdat1_.work as work26_1_1_ from address_in_groups groupconta0_ inner join addressbook contactdat1_ on groupconta0_.id=contactdat1_.id where groupconta0_.group_id=?
Hibernate: select contactgro0_.id as id1_0_0_, contactgro0_.group_id as group_id2_0_0_, groupdata1_.group_id as group_id1_2_1_, groupdata1_.group_footer as group_fo2_2_1_, groupdata1_.group_header as group_he3_2_1_, groupdata1_.group_name as group_na4_2_1_ from address_in_groups contactgro0_ inner join group_list groupdata1_ on contactgro0_.group_id=groupdata1_.group_id where contactgro0_.id=?
Hibernate: select groupconta0_.group_id as group_id2_0_0_, groupconta0_.id as id1_0_0_, contactdat1_.id as id1_1_1_, contactdat1_.aday as aday2_1_1_, contactdat1_.address as address3_1_1_, contactdat1_.address2 as address4_1_1_, contactdat1_.amonth as amonth5_1_1_, contactdat1_.ayear as ayear6_1_1_, contactdat1_.bday as bday7_1_1_, contactdat1_.bmonth as bmonth8_1_1_, contactdat1_.byear as byear9_1_1_, contactdat1_.company as company10_1_1_, contactdat1_.email as email11_1_1_, contactdat1_.email2 as email12_1_1_, contactdat1_.email3 as email13_1_1_, contactdat1_.fax as fax14_1_1_, contactdat1_.firstname as firstna15_1_1_, contactdat1_.home as home16_1_1_, contactdat1_.homepage as homepag17_1_1_, contactdat1_.lastname as lastnam18_1_1_, contactdat1_.middlename as middlen19_1_1_, contactdat1_.mobile as mobile20_1_1_, contactdat1_.nickname as nicknam21_1_1_, contactdat1_.notes as notes22_1_1_, contactdat1_.phone2 as phone23_1_1_, contactdat1_.photo as photo24_1_1_, contactdat1_.title as title25_1_1_, contactdat1_.work as work26_1_1_ from address_in_groups groupconta0_ inner join addressbook contactdat1_ on groupconta0_.id=contactdat1_.id where groupconta0_.group_id=?
Hibernate: select groupconta0_.group_id as group_id2_0_0_, groupconta0_.id as id1_0_0_, contactdat1_.id as id1_1_1_, contactdat1_.aday as aday2_1_1_, contactdat1_.address as address3_1_1_, contactdat1_.address2 as address4_1_1_, contactdat1_.amonth as amonth5_1_1_, contactdat1_.ayear as ayear6_1_1_, contactdat1_.bday as bday7_1_1_, contactdat1_.bmonth as bmonth8_1_1_, contactdat1_.byear as byear9_1_1_, contactdat1_.company as company10_1_1_, contactdat1_.email as email11_1_1_, contactdat1_.email2 as email12_1_1_, contactdat1_.email3 as email13_1_1_, contactdat1_.fax as fax14_1_1_, contactdat1_.firstname as firstna15_1_1_, contactdat1_.home as home16_1_1_, contactdat1_.homepage as homepag17_1_1_, contactdat1_.lastname as lastnam18_1_1_, contactdat1_.middlename as middlen19_1_1_, contactdat1_.mobile as mobile20_1_1_, contactdat1_.nickname as nicknam21_1_1_, contactdat1_.notes as notes22_1_1_, contactdat1_.phone2 as phone23_1_1_, contactdat1_.photo as photo24_1_1_, contactdat1_.title as title25_1_1_, contactdat1_.work as work26_1_1_ from address_in_groups groupconta0_ inner join addressbook contactdat1_ on groupconta0_.id=contactdat1_.id where groupconta0_.group_id=?
Hibernate: select contactgro0_.id as id1_0_0_, contactgro0_.group_id as group_id2_0_0_, groupdata1_.group_id as group_id1_2_1_, groupdata1_.group_footer as group_fo2_2_1_, groupdata1_.group_header as group_he3_2_1_, groupdata1_.group_name as group_na4_2_1_ from address_in_groups contactgro0_ inner join group_list groupdata1_ on contactgro0_.group_id=groupdata1_.group_id where contactgro0_.id=?
Hibernate: select groupconta0_.group_id as group_id2_0_0_, groupconta0_.id as id1_0_0_, contactdat1_.id as id1_1_1_, contactdat1_.aday as aday2_1_1_, contactdat1_.address as address3_1_1_, contactdat1_.address2 as address4_1_1_, contactdat1_.amonth as amonth5_1_1_, contactdat1_.ayear as ayear6_1_1_, contactdat1_.bday as bday7_1_1_, contactdat1_.bmonth as bmonth8_1_1_, contactdat1_.byear as byear9_1_1_, contactdat1_.company as company10_1_1_, contactdat1_.email as email11_1_1_, contactdat1_.email2 as email12_1_1_, contactdat1_.email3 as email13_1_1_, contactdat1_.fax as fax14_1_1_, contactdat1_.firstname as firstna15_1_1_, contactdat1_.home as home16_1_1_, contactdat1_.homepage as homepag17_1_1_, contactdat1_.lastname as lastnam18_1_1_, contactdat1_.middlename as middlen19_1_1_, contactdat1_.mobile as mobile20_1_1_, contactdat1_.nickname as nicknam21_1_1_, contactdat1_.notes as notes22_1_1_, contactdat1_.phone2 as phone23_1_1_, contactdat1_.photo as photo24_1_1_, contactdat1_.title as title25_1_1_, contactdat1_.work as work26_1_1_ from address_in_groups groupconta0_ inner join addressbook contactdat1_ on groupconta0_.id=contactdat1_.id where groupconta0_.group_id=?
Hibernate: select contactgro0_.id as id1_0_0_, contactgro0_.group_id as group_id2_0_0_, groupdata1_.group_id as group_id1_2_1_, groupdata1_.group_footer as group_fo2_2_1_, groupdata1_.group_header as group_he3_2_1_, groupdata1_.group_name as group_na4_2_1_ from address_in_groups contactgro0_ inner join group_list groupdata1_ on contactgro0_.group_id=groupdata1_.group_id where contactgro0_.id=?
Hibernate: select groupconta0_.group_id as group_id2_0_0_, groupconta0_.id as id1_0_0_, contactdat1_.id as id1_1_1_, contactdat1_.aday as aday2_1_1_, contactdat1_.address as address3_1_1_, contactdat1_.address2 as address4_1_1_, contactdat1_.amonth as amonth5_1_1_, contactdat1_.ayear as ayear6_1_1_, contactdat1_.bday as bday7_1_1_, contactdat1_.bmonth as bmonth8_1_1_, contactdat1_.byear as byear9_1_1_, contactdat1_.company as company10_1_1_, contactdat1_.email as email11_1_1_, contactdat1_.email2 as email12_1_1_, contactdat1_.email3 as email13_1_1_, contactdat1_.fax as fax14_1_1_, contactdat1_.firstname as firstna15_1_1_, contactdat1_.home as home16_1_1_, contactdat1_.homepage as homepag17_1_1_, contactdat1_.lastname as lastnam18_1_1_, contactdat1_.middlename as middlen19_1_1_, contactdat1_.mobile as mobile20_1_1_, contactdat1_.nickname as nicknam21_1_1_, contactdat1_.notes as notes22_1_1_, contactdat1_.phone2 as phone23_1_1_, contactdat1_.photo as photo24_1_1_, contactdat1_.title as title25_1_1_, contactdat1_.work as work26_1_1_ from address_in_groups groupconta0_ inner join addressbook contactdat1_ on groupconta0_.id=contactdat1_.id where groupconta0_.group_id=?
Hibernate: select contactgro0_.id as id1_0_0_, contactgro0_.group_id as group_id2_0_0_, groupdata1_.group_id as group_id1_2_1_, groupdata1_.group_footer as group_fo2_2_1_, groupdata1_.group_header as group_he3_2_1_, groupdata1_.group_name as group_na4_2_1_ from address_in_groups contactgro0_ inner join group_list groupdata1_ on contactgro0_.group_id=groupdata1_.group_id where contactgro0_.id=?
Hibernate: select contactgro0_.id as id1_0_0_, contactgro0_.group_id as group_id2_0_0_, groupdata1_.group_id as group_id1_2_1_, groupdata1_.group_footer as group_fo2_2_1_, groupdata1_.group_header as group_he3_2_1_, groupdata1_.group_name as group_na4_2_1_ from address_in_groups contactgro0_ inner join group_list groupdata1_ on contactgro0_.group_id=groupdata1_.group_id where contactgro0_.id=?
Hibernate: select contactgro0_.id as id1_0_0_, contactgro0_.group_id as group_id2_0_0_, groupdata1_.group_id as group_id1_2_1_, groupdata1_.group_footer as group_fo2_2_1_, groupdata1_.group_header as group_he3_2_1_, groupdata1_.group_name as group_na4_2_1_ from address_in_groups contactgro0_ inner join group_list groupdata1_ on contactgro0_.group_id=groupdata1_.group_id where contactgro0_.id=?
Hibernate: select contactgro0_.id as id1_0_0_, contactgro0_.group_id as group_id2_0_0_, groupdata1_.group_id as group_id1_2_1_, groupdata1_.group_footer as group_fo2_2_1_, groupdata1_.group_header as group_he3_2_1_, groupdata1_.group_name as group_na4_2_1_ from address_in_groups contactgro0_ inner join group_list groupdata1_ on contactgro0_.group_id=groupdata1_.group_id where contactgro0_.id=?
Hibernate: select contactgro0_.id as id1_0_0_, contactgro0_.group_id as group_id2_0_0_, groupdata1_.group_id as group_id1_2_1_, groupdata1_.group_footer as group_fo2_2_1_, groupdata1_.group_header as group_he3_2_1_, groupdata1_.group_name as group_na4_2_1_ from address_in_groups contactgro0_ inner join group_list groupdata1_ on contactgro0_.group_id=groupdata1_.group_id where contactgro0_.id=?
Hibernate: select contactgro0_.id as id1_0_0_, contactgro0_.group_id as group_id2_0_0_, groupdata1_.group_id as group_id1_2_1_, groupdata1_.group_footer as group_fo2_2_1_, groupdata1_.group_header as group_he3_2_1_, groupdata1_.group_name as group_na4_2_1_ from address_in_groups contactgro0_ inner join group_list groupdata1_ on contactgro0_.group_id=groupdata1_.group_id where contactgro0_.id=?
Hibernate: select contactgro0_.id as id1_0_0_, contactgro0_.group_id as group_id2_0_0_, groupdata1_.group_id as group_id1_2_1_, groupdata1_.group_footer as group_fo2_2_1_, groupdata1_.group_header as group_he3_2_1_, groupdata1_.group_name as group_na4_2_1_ from address_in_groups contactgro0_ inner join group_list groupdata1_ on contactgro0_.group_id=groupdata1_.group_id where contactgro0_.id=?
Hibernate: select groupconta0_.group_id as group_id2_0_0_, groupconta0_.id as id1_0_0_, contactdat1_.id as id1_1_1_, contactdat1_.aday as aday2_1_1_, contactdat1_.address as address3_1_1_, contactdat1_.address2 as address4_1_1_, contactdat1_.amonth as amonth5_1_1_, contactdat1_.ayear as ayear6_1_1_, contactdat1_.bday as bday7_1_1_, contactdat1_.bmonth as bmonth8_1_1_, contactdat1_.byear as byear9_1_1_, contactdat1_.company as company10_1_1_, contactdat1_.email as email11_1_1_, contactdat1_.email2 as email12_1_1_, contactdat1_.email3 as email13_1_1_, contactdat1_.fax as fax14_1_1_, contactdat1_.firstname as firstna15_1_1_, contactdat1_.home as home16_1_1_, contactdat1_.homepage as homepag17_1_1_, contactdat1_.lastname as lastnam18_1_1_, contactdat1_.middlename as middlen19_1_1_, contactdat1_.mobile as mobile20_1_1_, contactdat1_.nickname as nicknam21_1_1_, contactdat1_.notes as notes22_1_1_, contactdat1_.phone2 as phone23_1_1_, contactdat1_.photo as photo24_1_1_, contactdat1_.title as title25_1_1_, contactdat1_.work as work26_1_1_ from address_in_groups groupconta0_ inner join addressbook contactdat1_ on groupconta0_.id=contactdat1_.id where groupconta0_.group_id=?
23:05:54.429 [Test worker] INFO  qa.issart.com.tests.TestBase - Started test deleteGroupsByIndices
23:05:55.088 [Test worker] INFO  qa.issart.com.tests.TestBase - Indices for groups are [16]
23:05:55.088 [Test worker] INFO  qa.issart.com.tests.TestBase - Deleted groups are [GroupData{group_id=798, group_name='UceMVpLrOyIE53ZRkzN5'}]
Hibernate: select groupdata0_.group_id as group_id1_2_, groupdata0_.group_footer as group_fo2_2_, groupdata0_.group_header as group_he3_2_, groupdata0_.group_name as group_na4_2_ from group_list groupdata0_
Hibernate: select groupconta0_.group_id as group_id2_0_0_, groupconta0_.id as id1_0_0_, contactdat1_.id as id1_1_1_, contactdat1_.aday as aday2_1_1_, contactdat1_.address as address3_1_1_, contactdat1_.address2 as address4_1_1_, contactdat1_.amonth as amonth5_1_1_, contactdat1_.ayear as ayear6_1_1_, contactdat1_.bday as bday7_1_1_, contactdat1_.bmonth as bmonth8_1_1_, contactdat1_.byear as byear9_1_1_, contactdat1_.company as company10_1_1_, contactdat1_.email as email11_1_1_, contactdat1_.email2 as email12_1_1_, contactdat1_.email3 as email13_1_1_, contactdat1_.fax as fax14_1_1_, contactdat1_.firstname as firstna15_1_1_, contactdat1_.home as home16_1_1_, contactdat1_.homepage as homepag17_1_1_, contactdat1_.lastname as lastnam18_1_1_, contactdat1_.middlename as middlen19_1_1_, contactdat1_.mobile as mobile20_1_1_, contactdat1_.nickname as nicknam21_1_1_, contactdat1_.notes as notes22_1_1_, contactdat1_.phone2 as phone23_1_1_, contactdat1_.photo as photo24_1_1_, contactdat1_.title as title25_1_1_, contactdat1_.work as work26_1_1_ from address_in_groups groupconta0_ inner join addressbook contactdat1_ on groupconta0_.id=contactdat1_.id where groupconta0_.group_id=?
Hibernate: select groupconta0_.group_id as group_id2_0_0_, groupconta0_.id as id1_0_0_, contactdat1_.id as id1_1_1_, contactdat1_.aday as aday2_1_1_, contactdat1_.address as address3_1_1_, contactdat1_.address2 as address4_1_1_, contactdat1_.amonth as amonth5_1_1_, contactdat1_.ayear as ayear6_1_1_, contactdat1_.bday as bday7_1_1_, contactdat1_.bmonth as bmonth8_1_1_, contactdat1_.byear as byear9_1_1_, contactdat1_.company as company10_1_1_, contactdat1_.email as email11_1_1_, contactdat1_.email2 as email12_1_1_, contactdat1_.email3 as email13_1_1_, contactdat1_.fax as fax14_1_1_, contactdat1_.firstname as firstna15_1_1_, contactdat1_.home as home16_1_1_, contactdat1_.homepage as homepag17_1_1_, contactdat1_.lastname as lastnam18_1_1_, contactdat1_.middlename as middlen19_1_1_, contactdat1_.mobile as mobile20_1_1_, contactdat1_.nickname as nicknam21_1_1_, contactdat1_.notes as notes22_1_1_, contactdat1_.phone2 as phone23_1_1_, contactdat1_.photo as photo24_1_1_, contactdat1_.title as title25_1_1_, contactdat1_.work as work26_1_1_ from address_in_groups groupconta0_ inner join addressbook contactdat1_ on groupconta0_.id=contactdat1_.id where groupconta0_.group_id=?
Hibernate: select groupconta0_.group_id as group_id2_0_0_, groupconta0_.id as id1_0_0_, contactdat1_.id as id1_1_1_, contactdat1_.aday as aday2_1_1_, contactdat1_.address as address3_1_1_, contactdat1_.address2 as address4_1_1_, contactdat1_.amonth as amonth5_1_1_, contactdat1_.ayear as ayear6_1_1_, contactdat1_.bday as bday7_1_1_, contactdat1_.bmonth as bmonth8_1_1_, contactdat1_.byear as byear9_1_1_, contactdat1_.company as company10_1_1_, contactdat1_.email as email11_1_1_, contactdat1_.email2 as email12_1_1_, contactdat1_.email3 as email13_1_1_, contactdat1_.fax as fax14_1_1_, contactdat1_.firstname as firstna15_1_1_, contactdat1_.home as home16_1_1_, contactdat1_.homepage as homepag17_1_1_, contactdat1_.lastname as lastnam18_1_1_, contactdat1_.middlename as middlen19_1_1_, contactdat1_.mobile as mobile20_1_1_, contactdat1_.nickname as nicknam21_1_1_, contactdat1_.notes as notes22_1_1_, contactdat1_.phone2 as phone23_1_1_, contactdat1_.photo as photo24_1_1_, contactdat1_.title as title25_1_1_, contactdat1_.work as work26_1_1_ from address_in_groups groupconta0_ inner join addressbook contactdat1_ on groupconta0_.id=contactdat1_.id where groupconta0_.group_id=?
Hibernate: select groupconta0_.group_id as group_id2_0_0_, groupconta0_.id as id1_0_0_, contactdat1_.id as id1_1_1_, contactdat1_.aday as aday2_1_1_, contactdat1_.address as address3_1_1_, contactdat1_.address2 as address4_1_1_, contactdat1_.amonth as amonth5_1_1_, contactdat1_.ayear as ayear6_1_1_, contactdat1_.bday as bday7_1_1_, contactdat1_.bmonth as bmonth8_1_1_, contactdat1_.byear as byear9_1_1_, contactdat1_.company as company10_1_1_, contactdat1_.email as email11_1_1_, contactdat1_.email2 as email12_1_1_, contactdat1_.email3 as email13_1_1_, contactdat1_.fax as fax14_1_1_, contactdat1_.firstname as firstna15_1_1_, contactdat1_.home as home16_1_1_, contactdat1_.homepage as homepag17_1_1_, contactdat1_.lastname as lastnam18_1_1_, contactdat1_.middlename as middlen19_1_1_, contactdat1_.mobile as mobile20_1_1_, contactdat1_.nickname as nicknam21_1_1_, contactdat1_.notes as notes22_1_1_, contactdat1_.phone2 as phone23_1_1_, contactdat1_.photo as photo24_1_1_, contactdat1_.title as title25_1_1_, contactdat1_.work as work26_1_1_ from address_in_groups groupconta0_ inner join addressbook contactdat1_ on groupconta0_.id=contactdat1_.id where groupconta0_.group_id=?
Hibernate: select groupconta0_.group_id as group_id2_0_0_, groupconta0_.id as id1_0_0_, contactdat1_.id as id1_1_1_, contactdat1_.aday as aday2_1_1_, contactdat1_.address as address3_1_1_, contactdat1_.address2 as address4_1_1_, contactdat1_.amonth as amonth5_1_1_, contactdat1_.ayear as ayear6_1_1_, contactdat1_.bday as bday7_1_1_, contactdat1_.bmonth as bmonth8_1_1_, contactdat1_.byear as byear9_1_1_, contactdat1_.company as company10_1_1_, contactdat1_.email as email11_1_1_, contactdat1_.email2 as email12_1_1_, contactdat1_.email3 as email13_1_1_, contactdat1_.fax as fax14_1_1_, contactdat1_.firstname as firstna15_1_1_, contactdat1_.home as home16_1_1_, contactdat1_.homepage as homepag17_1_1_, contactdat1_.lastname as lastnam18_1_1_, contactdat1_.middlename as middlen19_1_1_, contactdat1_.mobile as mobile20_1_1_, contactdat1_.nickname as nicknam21_1_1_, contactdat1_.notes as notes22_1_1_, contactdat1_.phone2 as phone23_1_1_, contactdat1_.photo as photo24_1_1_, contactdat1_.title as title25_1_1_, contactdat1_.work as work26_1_1_ from address_in_groups groupconta0_ inner join addressbook contactdat1_ on groupconta0_.id=contactdat1_.id where groupconta0_.group_id=?
Hibernate: select groupconta0_.group_id as group_id2_0_0_, groupconta0_.id as id1_0_0_, contactdat1_.id as id1_1_1_, contactdat1_.aday as aday2_1_1_, contactdat1_.address as address3_1_1_, contactdat1_.address2 as address4_1_1_, contactdat1_.amonth as amonth5_1_1_, contactdat1_.ayear as ayear6_1_1_, contactdat1_.bday as bday7_1_1_, contactdat1_.bmonth as bmonth8_1_1_, contactdat1_.byear as byear9_1_1_, contactdat1_.company as company10_1_1_, contactdat1_.email as email11_1_1_, contactdat1_.email2 as email12_1_1_, contactdat1_.email3 as email13_1_1_, contactdat1_.fax as fax14_1_1_, contactdat1_.firstname as firstna15_1_1_, contactdat1_.home as home16_1_1_, contactdat1_.homepage as homepag17_1_1_, contactdat1_.lastname as lastnam18_1_1_, contactdat1_.middlename as middlen19_1_1_, contactdat1_.mobile as mobile20_1_1_, contactdat1_.nickname as nicknam21_1_1_, contactdat1_.notes as notes22_1_1_, contactdat1_.phone2 as phone23_1_1_, contactdat1_.photo as photo24_1_1_, contactdat1_.title as title25_1_1_, contactdat1_.work as work26_1_1_ from address_in_groups groupconta0_ inner join addressbook contactdat1_ on groupconta0_.id=contactdat1_.id where groupconta0_.group_id=?
Hibernate: select groupconta0_.group_id as group_id2_0_0_, groupconta0_.id as id1_0_0_, contactdat1_.id as id1_1_1_, contactdat1_.aday as aday2_1_1_, contactdat1_.address as address3_1_1_, contactdat1_.address2 as address4_1_1_, contactdat1_.amonth as amonth5_1_1_, contactdat1_.ayear as ayear6_1_1_, contactdat1_.bday as bday7_1_1_, contactdat1_.bmonth as bmonth8_1_1_, contactdat1_.byear as byear9_1_1_, contactdat1_.company as company10_1_1_, contactdat1_.email as email11_1_1_, contactdat1_.email2 as email12_1_1_, contactdat1_.email3 as email13_1_1_, contactdat1_.fax as fax14_1_1_, contactdat1_.firstname as firstna15_1_1_, contactdat1_.home as home16_1_1_, contactdat1_.homepage as homepag17_1_1_, contactdat1_.lastname as lastnam18_1_1_, contactdat1_.middlename as middlen19_1_1_, contactdat1_.mobile as mobile20_1_1_, contactdat1_.nickname as nicknam21_1_1_, contactdat1_.notes as notes22_1_1_, contactdat1_.phone2 as phone23_1_1_, contactdat1_.photo as photo24_1_1_, contactdat1_.title as title25_1_1_, contactdat1_.work as work26_1_1_ from address_in_groups groupconta0_ inner join addressbook contactdat1_ on groupconta0_.id=contactdat1_.id where groupconta0_.group_id=?
Hibernate: select groupconta0_.group_id as group_id2_0_0_, groupconta0_.id as id1_0_0_, contactdat1_.id as id1_1_1_, contactdat1_.aday as aday2_1_1_, contactdat1_.address as address3_1_1_, contactdat1_.address2 as address4_1_1_, contactdat1_.amonth as amonth5_1_1_, contactdat1_.ayear as ayear6_1_1_, contactdat1_.bday as bday7_1_1_, contactdat1_.bmonth as bmonth8_1_1_, contactdat1_.byear as byear9_1_1_, contactdat1_.company as company10_1_1_, contactdat1_.email as email11_1_1_, contactdat1_.email2 as email12_1_1_, contactdat1_.email3 as email13_1_1_, contactdat1_.fax as fax14_1_1_, contactdat1_.firstname as firstna15_1_1_, contactdat1_.home as home16_1_1_, contactdat1_.homepage as homepag17_1_1_, contactdat1_.lastname as lastnam18_1_1_, contactdat1_.middlename as middlen19_1_1_, contactdat1_.mobile as mobile20_1_1_, contactdat1_.nickname as nicknam21_1_1_, contactdat1_.notes as notes22_1_1_, contactdat1_.phone2 as phone23_1_1_, contactdat1_.photo as photo24_1_1_, contactdat1_.title as title25_1_1_, contactdat1_.work as work26_1_1_ from address_in_groups groupconta0_ inner join addressbook contactdat1_ on groupconta0_.id=contactdat1_.id where groupconta0_.group_id=?
Hibernate: select groupconta0_.group_id as group_id2_0_0_, groupconta0_.id as id1_0_0_, contactdat1_.id as id1_1_1_, contactdat1_.aday as aday2_1_1_, contactdat1_.address as address3_1_1_, contactdat1_.address2 as address4_1_1_, contactdat1_.amonth as amonth5_1_1_, contactdat1_.ayear as ayear6_1_1_, contactdat1_.bday as bday7_1_1_, contactdat1_.bmonth as bmonth8_1_1_, contactdat1_.byear as byear9_1_1_, contactdat1_.company as company10_1_1_, contactdat1_.email as email11_1_1_, contactdat1_.email2 as email12_1_1_, contactdat1_.email3 as email13_1_1_, contactdat1_.fax as fax14_1_1_, contactdat1_.firstname as firstna15_1_1_, contactdat1_.home as home16_1_1_, contactdat1_.homepage as homepag17_1_1_, contactdat1_.lastname as lastnam18_1_1_, contactdat1_.middlename as middlen19_1_1_, contactdat1_.mobile as mobile20_1_1_, contactdat1_.nickname as nicknam21_1_1_, contactdat1_.notes as notes22_1_1_, contactdat1_.phone2 as phone23_1_1_, contactdat1_.photo as photo24_1_1_, contactdat1_.title as title25_1_1_, contactdat1_.work as work26_1_1_ from address_in_groups groupconta0_ inner join addressbook contactdat1_ on groupconta0_.id=contactdat1_.id where groupconta0_.group_id=?
Hibernate: select groupconta0_.group_id as group_id2_0_0_, groupconta0_.id as id1_0_0_, contactdat1_.id as id1_1_1_, contactdat1_.aday as aday2_1_1_, contactdat1_.address as address3_1_1_, contactdat1_.address2 as address4_1_1_, contactdat1_.amonth as amonth5_1_1_, contactdat1_.ayear as ayear6_1_1_, contactdat1_.bday as bday7_1_1_, contactdat1_.bmonth as bmonth8_1_1_, contactdat1_.byear as byear9_1_1_, contactdat1_.company as company10_1_1_, contactdat1_.email as email11_1_1_, contactdat1_.email2 as email12_1_1_, contactdat1_.email3 as email13_1_1_, contactdat1_.fax as fax14_1_1_, contactdat1_.firstname as firstna15_1_1_, contactdat1_.home as home16_1_1_, contactdat1_.homepage as homepag17_1_1_, contactdat1_.lastname as lastnam18_1_1_, contactdat1_.middlename as middlen19_1_1_, contactdat1_.mobile as mobile20_1_1_, contactdat1_.nickname as nicknam21_1_1_, contactdat1_.notes as notes22_1_1_, contactdat1_.phone2 as phone23_1_1_, contactdat1_.photo as photo24_1_1_, contactdat1_.title as title25_1_1_, contactdat1_.work as work26_1_1_ from address_in_groups groupconta0_ inner join addressbook contactdat1_ on groupconta0_.id=contactdat1_.id where groupconta0_.group_id=?
Hibernate: select groupconta0_.group_id as group_id2_0_0_, groupconta0_.id as id1_0_0_, contactdat1_.id as id1_1_1_, contactdat1_.aday as aday2_1_1_, contactdat1_.address as address3_1_1_, contactdat1_.address2 as address4_1_1_, contactdat1_.amonth as amonth5_1_1_, contactdat1_.ayear as ayear6_1_1_, contactdat1_.bday as bday7_1_1_, contactdat1_.bmonth as bmonth8_1_1_, contactdat1_.byear as byear9_1_1_, contactdat1_.company as company10_1_1_, contactdat1_.email as email11_1_1_, contactdat1_.email2 as email12_1_1_, contactdat1_.email3 as email13_1_1_, contactdat1_.fax as fax14_1_1_, contactdat1_.firstname as firstna15_1_1_, contactdat1_.home as home16_1_1_, contactdat1_.homepage as homepag17_1_1_, contactdat1_.lastname as lastnam18_1_1_, contactdat1_.middlename as middlen19_1_1_, contactdat1_.mobile as mobile20_1_1_, contactdat1_.nickname as nicknam21_1_1_, contactdat1_.notes as notes22_1_1_, contactdat1_.phone2 as phone23_1_1_, contactdat1_.photo as photo24_1_1_, contactdat1_.title as title25_1_1_, contactdat1_.work as work26_1_1_ from address_in_groups groupconta0_ inner join addressbook contactdat1_ on groupconta0_.id=contactdat1_.id where groupconta0_.group_id=?
Hibernate: select contactgro0_.id as id1_0_0_, contactgro0_.group_id as group_id2_0_0_, groupdata1_.group_id as group_id1_2_1_, groupdata1_.group_footer as group_fo2_2_1_, groupdata1_.group_header as group_he3_2_1_, groupdata1_.group_name as group_na4_2_1_ from address_in_groups contactgro0_ inner join group_list groupdata1_ on contactgro0_.group_id=groupdata1_.group_id where contactgro0_.id=?
Hibernate: select groupconta0_.group_id as group_id2_0_0_, groupconta0_.id as id1_0_0_, contactdat1_.id as id1_1_1_, contactdat1_.aday as aday2_1_1_, contactdat1_.address as address3_1_1_, contactdat1_.address2 as address4_1_1_, contactdat1_.amonth as amonth5_1_1_, contactdat1_.ayear as ayear6_1_1_, contactdat1_.bday as bday7_1_1_, contactdat1_.bmonth as bmonth8_1_1_, contactdat1_.byear as byear9_1_1_, contactdat1_.company as company10_1_1_, contactdat1_.email as email11_1_1_, contactdat1_.email2 as email12_1_1_, contactdat1_.email3 as email13_1_1_, contactdat1_.fax as fax14_1_1_, contactdat1_.firstname as firstna15_1_1_, contactdat1_.home as home16_1_1_, contactdat1_.homepage as homepag17_1_1_, contactdat1_.lastname as lastnam18_1_1_, contactdat1_.middlename as middlen19_1_1_, contactdat1_.mobile as mobile20_1_1_, contactdat1_.nickname as nicknam21_1_1_, contactdat1_.notes as notes22_1_1_, contactdat1_.phone2 as phone23_1_1_, contactdat1_.photo as photo24_1_1_, contactdat1_.title as title25_1_1_, contactdat1_.work as work26_1_1_ from address_in_groups groupconta0_ inner join addressbook contactdat1_ on groupconta0_.id=contactdat1_.id where groupconta0_.group_id=?
Hibernate: select groupconta0_.group_id as group_id2_0_0_, groupconta0_.id as id1_0_0_, contactdat1_.id as id1_1_1_, contactdat1_.aday as aday2_1_1_, contactdat1_.address as address3_1_1_, contactdat1_.address2 as address4_1_1_, contactdat1_.amonth as amonth5_1_1_, contactdat1_.ayear as ayear6_1_1_, contactdat1_.bday as bday7_1_1_, contactdat1_.bmonth as bmonth8_1_1_, contactdat1_.byear as byear9_1_1_, contactdat1_.company as company10_1_1_, contactdat1_.email as email11_1_1_, contactdat1_.email2 as email12_1_1_, contactdat1_.email3 as email13_1_1_, contactdat1_.fax as fax14_1_1_, contactdat1_.firstname as firstna15_1_1_, contactdat1_.home as home16_1_1_, contactdat1_.homepage as homepag17_1_1_, contactdat1_.lastname as lastnam18_1_1_, contactdat1_.middlename as middlen19_1_1_, contactdat1_.mobile as mobile20_1_1_, contactdat1_.nickname as nicknam21_1_1_, contactdat1_.notes as notes22_1_1_, contactdat1_.phone2 as phone23_1_1_, contactdat1_.photo as photo24_1_1_, contactdat1_.title as title25_1_1_, contactdat1_.work as work26_1_1_ from address_in_groups groupconta0_ inner join addressbook contactdat1_ on groupconta0_.id=contactdat1_.id where groupconta0_.group_id=?
Hibernate: select contactgro0_.id as id1_0_0_, contactgro0_.group_id as group_id2_0_0_, groupdata1_.group_id as group_id1_2_1_, groupdata1_.group_footer as group_fo2_2_1_, groupdata1_.group_header as group_he3_2_1_, groupdata1_.group_name as group_na4_2_1_ from address_in_groups contactgro0_ inner join group_list groupdata1_ on contactgro0_.group_id=groupdata1_.group_id where contactgro0_.id=?
Hibernate: select groupconta0_.group_id as group_id2_0_0_, groupconta0_.id as id1_0_0_, contactdat1_.id as id1_1_1_, contactdat1_.aday as aday2_1_1_, contactdat1_.address as address3_1_1_, contactdat1_.address2 as address4_1_1_, contactdat1_.amonth as amonth5_1_1_, contactdat1_.ayear as ayear6_1_1_, contactdat1_.bday as bday7_1_1_, contactdat1_.bmonth as bmonth8_1_1_, contactdat1_.byear as byear9_1_1_, contactdat1_.company as company10_1_1_, contactdat1_.email as email11_1_1_, contactdat1_.email2 as email12_1_1_, contactdat1_.email3 as email13_1_1_, contactdat1_.fax as fax14_1_1_, contactdat1_.firstname as firstna15_1_1_, contactdat1_.home as home16_1_1_, contactdat1_.homepage as homepag17_1_1_, contactdat1_.lastname as lastnam18_1_1_, contactdat1_.middlename as middlen19_1_1_, contactdat1_.mobile as mobile20_1_1_, contactdat1_.nickname as nicknam21_1_1_, contactdat1_.notes as notes22_1_1_, contactdat1_.phone2 as phone23_1_1_, contactdat1_.photo as photo24_1_1_, contactdat1_.title as title25_1_1_, contactdat1_.work as work26_1_1_ from address_in_groups groupconta0_ inner join addressbook contactdat1_ on groupconta0_.id=contactdat1_.id where groupconta0_.group_id=?
Hibernate: select contactgro0_.id as id1_0_0_, contactgro0_.group_id as group_id2_0_0_, groupdata1_.group_id as group_id1_2_1_, groupdata1_.group_footer as group_fo2_2_1_, groupdata1_.group_header as group_he3_2_1_, groupdata1_.group_name as group_na4_2_1_ from address_in_groups contactgro0_ inner join group_list groupdata1_ on contactgro0_.group_id=groupdata1_.group_id where contactgro0_.id=?
Hibernate: select contactgro0_.id as id1_0_0_, contactgro0_.group_id as group_id2_0_0_, groupdata1_.group_id as group_id1_2_1_, groupdata1_.group_footer as group_fo2_2_1_, groupdata1_.group_header as group_he3_2_1_, groupdata1_.group_name as group_na4_2_1_ from address_in_groups contactgro0_ inner join group_list groupdata1_ on contactgro0_.group_id=groupdata1_.group_id where contactgro0_.id=?
Hibernate: select contactgro0_.id as id1_0_0_, contactgro0_.group_id as group_id2_0_0_, groupdata1_.group_id as group_id1_2_1_, groupdata1_.group_footer as group_fo2_2_1_, groupdata1_.group_header as group_he3_2_1_, groupdata1_.group_name as group_na4_2_1_ from address_in_groups contactgro0_ inner join group_list groupdata1_ on contactgro0_.group_id=groupdata1_.group_id where contactgro0_.id=?
Hibernate: select contactgro0_.id as id1_0_0_, contactgro0_.group_id as group_id2_0_0_, groupdata1_.group_id as group_id1_2_1_, groupdata1_.group_footer as group_fo2_2_1_, groupdata1_.group_header as group_he3_2_1_, groupdata1_.group_name as group_na4_2_1_ from address_in_groups contactgro0_ inner join group_list groupdata1_ on contactgro0_.group_id=groupdata1_.group_id where contactgro0_.id=?
Hibernate: select contactgro0_.id as id1_0_0_, contactgro0_.group_id as group_id2_0_0_, groupdata1_.group_id as group_id1_2_1_, groupdata1_.group_footer as group_fo2_2_1_, groupdata1_.group_header as group_he3_2_1_, groupdata1_.group_name as group_na4_2_1_ from address_in_groups contactgro0_ inner join group_list groupdata1_ on contactgro0_.group_id=groupdata1_.group_id where contactgro0_.id=?
Hibernate: select contactgro0_.id as id1_0_0_, contactgro0_.group_id as group_id2_0_0_, groupdata1_.group_id as group_id1_2_1_, groupdata1_.group_footer as group_fo2_2_1_, groupdata1_.group_header as group_he3_2_1_, groupdata1_.group_name as group_na4_2_1_ from address_in_groups contactgro0_ inner join group_list groupdata1_ on contactgro0_.group_id=groupdata1_.group_id where contactgro0_.id=?
Hibernate: select contactgro0_.id as id1_0_0_, contactgro0_.group_id as group_id2_0_0_, groupdata1_.group_id as group_id1_2_1_, groupdata1_.group_footer as group_fo2_2_1_, groupdata1_.group_header as group_he3_2_1_, groupdata1_.group_name as group_na4_2_1_ from address_in_groups contactgro0_ inner join group_list groupdata1_ on contactgro0_.group_id=groupdata1_.group_id where contactgro0_.id=?
Hibernate: select groupconta0_.group_id as group_id2_0_0_, groupconta0_.id as id1_0_0_, contactdat1_.id as id1_1_1_, contactdat1_.aday as aday2_1_1_, contactdat1_.address as address3_1_1_, contactdat1_.address2 as address4_1_1_, contactdat1_.amonth as amonth5_1_1_, contactdat1_.ayear as ayear6_1_1_, contactdat1_.bday as bday7_1_1_, contactdat1_.bmonth as bmonth8_1_1_, contactdat1_.byear as byear9_1_1_, contactdat1_.company as company10_1_1_, contactdat1_.email as email11_1_1_, contactdat1_.email2 as email12_1_1_, contactdat1_.email3 as email13_1_1_, contactdat1_.fax as fax14_1_1_, contactdat1_.firstname as firstna15_1_1_, contactdat1_.home as home16_1_1_, contactdat1_.homepage as homepag17_1_1_, contactdat1_.lastname as lastnam18_1_1_, contactdat1_.middlename as middlen19_1_1_, contactdat1_.mobile as mobile20_1_1_, contactdat1_.nickname as nicknam21_1_1_, contactdat1_.notes as notes22_1_1_, contactdat1_.phone2 as phone23_1_1_, contactdat1_.photo as photo24_1_1_, contactdat1_.title as title25_1_1_, contactdat1_.work as work26_1_1_ from address_in_groups groupconta0_ inner join addressbook contactdat1_ on groupconta0_.id=contactdat1_.id where groupconta0_.group_id=?
23:05:55.654 [Test worker] INFO  qa.issart.com.tests.TestBase - Started test deleteGroupsByIndices
23:05:56.240 [Test worker] INFO  qa.issart.com.tests.TestBase - Indices for groups are [7]
23:05:56.240 [Test worker] INFO  qa.issart.com.tests.TestBase - Deleted groups are [GroupData{group_id=802, group_name='D0m5vRXZUOV5G1xCPUFm'}]
Hibernate: select groupdata0_.group_id as group_id1_2_, groupdata0_.group_footer as group_fo2_2_, groupdata0_.group_header as group_he3_2_, groupdata0_.group_name as group_na4_2_ from group_list groupdata0_
Hibernate: select groupconta0_.group_id as group_id2_0_0_, groupconta0_.id as id1_0_0_, contactdat1_.id as id1_1_1_, contactdat1_.aday as aday2_1_1_, contactdat1_.address as address3_1_1_, contactdat1_.address2 as address4_1_1_, contactdat1_.amonth as amonth5_1_1_, contactdat1_.ayear as ayear6_1_1_, contactdat1_.bday as bday7_1_1_, contactdat1_.bmonth as bmonth8_1_1_, contactdat1_.byear as byear9_1_1_, contactdat1_.company as company10_1_1_, contactdat1_.email as email11_1_1_, contactdat1_.email2 as email12_1_1_, contactdat1_.email3 as email13_1_1_, contactdat1_.fax as fax14_1_1_, contactdat1_.firstname as firstna15_1_1_, contactdat1_.home as home16_1_1_, contactdat1_.homepage as homepag17_1_1_, contactdat1_.lastname as lastnam18_1_1_, contactdat1_.middlename as middlen19_1_1_, contactdat1_.mobile as mobile20_1_1_, contactdat1_.nickname as nicknam21_1_1_, contactdat1_.notes as notes22_1_1_, contactdat1_.phone2 as phone23_1_1_, contactdat1_.photo as photo24_1_1_, contactdat1_.title as title25_1_1_, contactdat1_.work as work26_1_1_ from address_in_groups groupconta0_ inner join addressbook contactdat1_ on groupconta0_.id=contactdat1_.id where groupconta0_.group_id=?
Hibernate: select groupconta0_.group_id as group_id2_0_0_, groupconta0_.id as id1_0_0_, contactdat1_.id as id1_1_1_, contactdat1_.aday as aday2_1_1_, contactdat1_.address as address3_1_1_, contactdat1_.address2 as address4_1_1_, contactdat1_.amonth as amonth5_1_1_, contactdat1_.ayear as ayear6_1_1_, contactdat1_.bday as bday7_1_1_, contactdat1_.bmonth as bmonth8_1_1_, contactdat1_.byear as byear9_1_1_, contactdat1_.company as company10_1_1_, contactdat1_.email as email11_1_1_, contactdat1_.email2 as email12_1_1_, contactdat1_.email3 as email13_1_1_, contactdat1_.fax as fax14_1_1_, contactdat1_.firstname as firstna15_1_1_, contactdat1_.home as home16_1_1_, contactdat1_.homepage as homepag17_1_1_, contactdat1_.lastname as lastnam18_1_1_, contactdat1_.middlename as middlen19_1_1_, contactdat1_.mobile as mobile20_1_1_, contactdat1_.nickname as nicknam21_1_1_, contactdat1_.notes as notes22_1_1_, contactdat1_.phone2 as phone23_1_1_, contactdat1_.photo as photo24_1_1_, contactdat1_.title as title25_1_1_, contactdat1_.work as work26_1_1_ from address_in_groups groupconta0_ inner join addressbook contactdat1_ on groupconta0_.id=contactdat1_.id where groupconta0_.group_id=?
Hibernate: select groupconta0_.group_id as group_id2_0_0_, groupconta0_.id as id1_0_0_, contactdat1_.id as id1_1_1_, contactdat1_.aday as aday2_1_1_, contactdat1_.address as address3_1_1_, contactdat1_.address2 as address4_1_1_, contactdat1_.amonth as amonth5_1_1_, contactdat1_.ayear as ayear6_1_1_, contactdat1_.bday as bday7_1_1_, contactdat1_.bmonth as bmonth8_1_1_, contactdat1_.byear as byear9_1_1_, contactdat1_.company as company10_1_1_, contactdat1_.email as email11_1_1_, contactdat1_.email2 as email12_1_1_, contactdat1_.email3 as email13_1_1_, contactdat1_.fax as fax14_1_1_, contactdat1_.firstname as firstna15_1_1_, contactdat1_.home as home16_1_1_, contactdat1_.homepage as homepag17_1_1_, contactdat1_.lastname as lastnam18_1_1_, contactdat1_.middlename as middlen19_1_1_, contactdat1_.mobile as mobile20_1_1_, contactdat1_.nickname as nicknam21_1_1_, contactdat1_.notes as notes22_1_1_, contactdat1_.phone2 as phone23_1_1_, contactdat1_.photo as photo24_1_1_, contactdat1_.title as title25_1_1_, contactdat1_.work as work26_1_1_ from address_in_groups groupconta0_ inner join addressbook contactdat1_ on groupconta0_.id=contactdat1_.id where groupconta0_.group_id=?
Hibernate: select groupconta0_.group_id as group_id2_0_0_, groupconta0_.id as id1_0_0_, contactdat1_.id as id1_1_1_, contactdat1_.aday as aday2_1_1_, contactdat1_.address as address3_1_1_, contactdat1_.address2 as address4_1_1_, contactdat1_.amonth as amonth5_1_1_, contactdat1_.ayear as ayear6_1_1_, contactdat1_.bday as bday7_1_1_, contactdat1_.bmonth as bmonth8_1_1_, contactdat1_.byear as byear9_1_1_, contactdat1_.company as company10_1_1_, contactdat1_.email as email11_1_1_, contactdat1_.email2 as email12_1_1_, contactdat1_.email3 as email13_1_1_, contactdat1_.fax as fax14_1_1_, contactdat1_.firstname as firstna15_1_1_, contactdat1_.home as home16_1_1_, contactdat1_.homepage as homepag17_1_1_, contactdat1_.lastname as lastnam18_1_1_, contactdat1_.middlename as middlen19_1_1_, contactdat1_.mobile as mobile20_1_1_, contactdat1_.nickname as nicknam21_1_1_, contactdat1_.notes as notes22_1_1_, contactdat1_.phone2 as phone23_1_1_, contactdat1_.photo as photo24_1_1_, contactdat1_.title as title25_1_1_, contactdat1_.work as work26_1_1_ from address_in_groups groupconta0_ inner join addressbook contactdat1_ on groupconta0_.id=contactdat1_.id where groupconta0_.group_id=?
Hibernate: select groupconta0_.group_id as group_id2_0_0_, groupconta0_.id as id1_0_0_, contactdat1_.id as id1_1_1_, contactdat1_.aday as aday2_1_1_, contactdat1_.address as address3_1_1_, contactdat1_.address2 as address4_1_1_, contactdat1_.amonth as amonth5_1_1_, contactdat1_.ayear as ayear6_1_1_, contactdat1_.bday as bday7_1_1_, contactdat1_.bmonth as bmonth8_1_1_, contactdat1_.byear as byear9_1_1_, contactdat1_.company as company10_1_1_, contactdat1_.email as email11_1_1_, contactdat1_.email2 as email12_1_1_, contactdat1_.email3 as email13_1_1_, contactdat1_.fax as fax14_1_1_, contactdat1_.firstname as firstna15_1_1_, contactdat1_.home as home16_1_1_, contactdat1_.homepage as homepag17_1_1_, contactdat1_.lastname as lastnam18_1_1_, contactdat1_.middlename as middlen19_1_1_, contactdat1_.mobile as mobile20_1_1_, contactdat1_.nickname as nicknam21_1_1_, contactdat1_.notes as notes22_1_1_, contactdat1_.phone2 as phone23_1_1_, contactdat1_.photo as photo24_1_1_, contactdat1_.title as title25_1_1_, contactdat1_.work as work26_1_1_ from address_in_groups groupconta0_ inner join addressbook contactdat1_ on groupconta0_.id=contactdat1_.id where groupconta0_.group_id=?
Hibernate: select groupconta0_.group_id as group_id2_0_0_, groupconta0_.id as id1_0_0_, contactdat1_.id as id1_1_1_, contactdat1_.aday as aday2_1_1_, contactdat1_.address as address3_1_1_, contactdat1_.address2 as address4_1_1_, contactdat1_.amonth as amonth5_1_1_, contactdat1_.ayear as ayear6_1_1_, contactdat1_.bday as bday7_1_1_, contactdat1_.bmonth as bmonth8_1_1_, contactdat1_.byear as byear9_1_1_, contactdat1_.company as company10_1_1_, contactdat1_.email as email11_1_1_, contactdat1_.email2 as email12_1_1_, contactdat1_.email3 as email13_1_1_, contactdat1_.fax as fax14_1_1_, contactdat1_.firstname as firstna15_1_1_, contactdat1_.home as home16_1_1_, contactdat1_.homepage as homepag17_1_1_, contactdat1_.lastname as lastnam18_1_1_, contactdat1_.middlename as middlen19_1_1_, contactdat1_.mobile as mobile20_1_1_, contactdat1_.nickname as nicknam21_1_1_, contactdat1_.notes as notes22_1_1_, contactdat1_.phone2 as phone23_1_1_, contactdat1_.photo as photo24_1_1_, contactdat1_.title as title25_1_1_, contactdat1_.work as work26_1_1_ from address_in_groups groupconta0_ inner join addressbook contactdat1_ on groupconta0_.id=contactdat1_.id where groupconta0_.group_id=?
Hibernate: select groupconta0_.group_id as group_id2_0_0_, groupconta0_.id as id1_0_0_, contactdat1_.id as id1_1_1_, contactdat1_.aday as aday2_1_1_, contactdat1_.address as address3_1_1_, contactdat1_.address2 as address4_1_1_, contactdat1_.amonth as amonth5_1_1_, contactdat1_.ayear as ayear6_1_1_, contactdat1_.bday as bday7_1_1_, contactdat1_.bmonth as bmonth8_1_1_, contactdat1_.byear as byear9_1_1_, contactdat1_.company as company10_1_1_, contactdat1_.email as email11_1_1_, contactdat1_.email2 as email12_1_1_, contactdat1_.email3 as email13_1_1_, contactdat1_.fax as fax14_1_1_, contactdat1_.firstname as firstna15_1_1_, contactdat1_.home as home16_1_1_, contactdat1_.homepage as homepag17_1_1_, contactdat1_.lastname as lastnam18_1_1_, contactdat1_.middlename as middlen19_1_1_, contactdat1_.mobile as mobile20_1_1_, contactdat1_.nickname as nicknam21_1_1_, contactdat1_.notes as notes22_1_1_, contactdat1_.phone2 as phone23_1_1_, contactdat1_.photo as photo24_1_1_, contactdat1_.title as title25_1_1_, contactdat1_.work as work26_1_1_ from address_in_groups groupconta0_ inner join addressbook contactdat1_ on groupconta0_.id=contactdat1_.id where groupconta0_.group_id=?
Hibernate: select groupconta0_.group_id as group_id2_0_0_, groupconta0_.id as id1_0_0_, contactdat1_.id as id1_1_1_, contactdat1_.aday as aday2_1_1_, contactdat1_.address as address3_1_1_, contactdat1_.address2 as address4_1_1_, contactdat1_.amonth as amonth5_1_1_, contactdat1_.ayear as ayear6_1_1_, contactdat1_.bday as bday7_1_1_, contactdat1_.bmonth as bmonth8_1_1_, contactdat1_.byear as byear9_1_1_, contactdat1_.company as company10_1_1_, contactdat1_.email as email11_1_1_, contactdat1_.email2 as email12_1_1_, contactdat1_.email3 as email13_1_1_, contactdat1_.fax as fax14_1_1_, contactdat1_.firstname as firstna15_1_1_, contactdat1_.home as home16_1_1_, contactdat1_.homepage as homepag17_1_1_, contactdat1_.lastname as lastnam18_1_1_, contactdat1_.middlename as middlen19_1_1_, contactdat1_.mobile as mobile20_1_1_, contactdat1_.nickname as nicknam21_1_1_, contactdat1_.notes as notes22_1_1_, contactdat1_.phone2 as phone23_1_1_, contactdat1_.photo as photo24_1_1_, contactdat1_.title as title25_1_1_, contactdat1_.work as work26_1_1_ from address_in_groups groupconta0_ inner join addressbook contactdat1_ on groupconta0_.id=contactdat1_.id where groupconta0_.group_id=?
Hibernate: select groupconta0_.group_id as group_id2_0_0_, groupconta0_.id as id1_0_0_, contactdat1_.id as id1_1_1_, contactdat1_.aday as aday2_1_1_, contactdat1_.address as address3_1_1_, contactdat1_.address2 as address4_1_1_, contactdat1_.amonth as amonth5_1_1_, contactdat1_.ayear as ayear6_1_1_, contactdat1_.bday as bday7_1_1_, contactdat1_.bmonth as bmonth8_1_1_, contactdat1_.byear as byear9_1_1_, contactdat1_.company as company10_1_1_, contactdat1_.email as email11_1_1_, contactdat1_.email2 as email12_1_1_, contactdat1_.email3 as email13_1_1_, contactdat1_.fax as fax14_1_1_, contactdat1_.firstname as firstna15_1_1_, contactdat1_.home as home16_1_1_, contactdat1_.homepage as homepag17_1_1_, contactdat1_.lastname as lastnam18_1_1_, contactdat1_.middlename as middlen19_1_1_, contactdat1_.mobile as mobile20_1_1_, contactdat1_.nickname as nicknam21_1_1_, contactdat1_.notes as notes22_1_1_, contactdat1_.phone2 as phone23_1_1_, contactdat1_.photo as photo24_1_1_, contactdat1_.title as title25_1_1_, contactdat1_.work as work26_1_1_ from address_in_groups groupconta0_ inner join addressbook contactdat1_ on groupconta0_.id=contactdat1_.id where groupconta0_.group_id=?
Hibernate: select groupconta0_.group_id as group_id2_0_0_, groupconta0_.id as id1_0_0_, contactdat1_.id as id1_1_1_, contactdat1_.aday as aday2_1_1_, contactdat1_.address as address3_1_1_, contactdat1_.address2 as address4_1_1_, contactdat1_.amonth as amonth5_1_1_, contactdat1_.ayear as ayear6_1_1_, contactdat1_.bday as bday7_1_1_, contactdat1_.bmonth as bmonth8_1_1_, contactdat1_.byear as byear9_1_1_, contactdat1_.company as company10_1_1_, contactdat1_.email as email11_1_1_, contactdat1_.email2 as email12_1_1_, contactdat1_.email3 as email13_1_1_, contactdat1_.fax as fax14_1_1_, contactdat1_.firstname as firstna15_1_1_, contactdat1_.home as home16_1_1_, contactdat1_.homepage as homepag17_1_1_, contactdat1_.lastname as lastnam18_1_1_, contactdat1_.middlename as middlen19_1_1_, contactdat1_.mobile as mobile20_1_1_, contactdat1_.nickname as nicknam21_1_1_, contactdat1_.notes as notes22_1_1_, contactdat1_.phone2 as phone23_1_1_, contactdat1_.photo as photo24_1_1_, contactdat1_.title as title25_1_1_, contactdat1_.work as work26_1_1_ from address_in_groups groupconta0_ inner join addressbook contactdat1_ on groupconta0_.id=contactdat1_.id where groupconta0_.group_id=?
Hibernate: select contactgro0_.id as id1_0_0_, contactgro0_.group_id as group_id2_0_0_, groupdata1_.group_id as group_id1_2_1_, groupdata1_.group_footer as group_fo2_2_1_, groupdata1_.group_header as group_he3_2_1_, groupdata1_.group_name as group_na4_2_1_ from address_in_groups contactgro0_ inner join group_list groupdata1_ on contactgro0_.group_id=groupdata1_.group_id where contactgro0_.id=?
Hibernate: select groupconta0_.group_id as group_id2_0_0_, groupconta0_.id as id1_0_0_, contactdat1_.id as id1_1_1_, contactdat1_.aday as aday2_1_1_, contactdat1_.address as address3_1_1_, contactdat1_.address2 as address4_1_1_, contactdat1_.amonth as amonth5_1_1_, contactdat1_.ayear as ayear6_1_1_, contactdat1_.bday as bday7_1_1_, contactdat1_.bmonth as bmonth8_1_1_, contactdat1_.byear as byear9_1_1_, contactdat1_.company as company10_1_1_, contactdat1_.email as email11_1_1_, contactdat1_.email2 as email12_1_1_, contactdat1_.email3 as email13_1_1_, contactdat1_.fax as fax14_1_1_, contactdat1_.firstname as firstna15_1_1_, contactdat1_.home as home16_1_1_, contactdat1_.homepage as homepag17_1_1_, contactdat1_.lastname as lastnam18_1_1_, contactdat1_.middlename as middlen19_1_1_, contactdat1_.mobile as mobile20_1_1_, contactdat1_.nickname as nicknam21_1_1_, contactdat1_.notes as notes22_1_1_, contactdat1_.phone2 as phone23_1_1_, contactdat1_.photo as photo24_1_1_, contactdat1_.title as title25_1_1_, contactdat1_.work as work26_1_1_ from address_in_groups groupconta0_ inner join addressbook contactdat1_ on groupconta0_.id=contactdat1_.id where groupconta0_.group_id=?
Hibernate: select groupconta0_.group_id as group_id2_0_0_, groupconta0_.id as id1_0_0_, contactdat1_.id as id1_1_1_, contactdat1_.aday as aday2_1_1_, contactdat1_.address as address3_1_1_, contactdat1_.address2 as address4_1_1_, contactdat1_.amonth as amonth5_1_1_, contactdat1_.ayear as ayear6_1_1_, contactdat1_.bday as bday7_1_1_, contactdat1_.bmonth as bmonth8_1_1_, contactdat1_.byear as byear9_1_1_, contactdat1_.company as company10_1_1_, contactdat1_.email as email11_1_1_, contactdat1_.email2 as email12_1_1_, contactdat1_.email3 as email13_1_1_, contactdat1_.fax as fax14_1_1_, contactdat1_.firstname as firstna15_1_1_, contactdat1_.home as home16_1_1_, contactdat1_.homepage as homepag17_1_1_, contactdat1_.lastname as lastnam18_1_1_, contactdat1_.middlename as middlen19_1_1_, contactdat1_.mobile as mobile20_1_1_, contactdat1_.nickname as nicknam21_1_1_, contactdat1_.notes as notes22_1_1_, contactdat1_.phone2 as phone23_1_1_, contactdat1_.photo as photo24_1_1_, contactdat1_.title as title25_1_1_, contactdat1_.work as work26_1_1_ from address_in_groups groupconta0_ inner join addressbook contactdat1_ on groupconta0_.id=contactdat1_.id where groupconta0_.group_id=?
Hibernate: select contactgro0_.id as id1_0_0_, contactgro0_.group_id as group_id2_0_0_, groupdata1_.group_id as group_id1_2_1_, groupdata1_.group_footer as group_fo2_2_1_, groupdata1_.group_header as group_he3_2_1_, groupdata1_.group_name as group_na4_2_1_ from address_in_groups contactgro0_ inner join group_list groupdata1_ on contactgro0_.group_id=groupdata1_.group_id where contactgro0_.id=?
Hibernate: select groupconta0_.group_id as group_id2_0_0_, groupconta0_.id as id1_0_0_, contactdat1_.id as id1_1_1_, contactdat1_.aday as aday2_1_1_, contactdat1_.address as address3_1_1_, contactdat1_.address2 as address4_1_1_, contactdat1_.amonth as amonth5_1_1_, contactdat1_.ayear as ayear6_1_1_, contactdat1_.bday as bday7_1_1_, contactdat1_.bmonth as bmonth8_1_1_, contactdat1_.byear as byear9_1_1_, contactdat1_.company as company10_1_1_, contactdat1_.email as email11_1_1_, contactdat1_.email2 as email12_1_1_, contactdat1_.email3 as email13_1_1_, contactdat1_.fax as fax14_1_1_, contactdat1_.firstname as firstna15_1_1_, contactdat1_.home as home16_1_1_, contactdat1_.homepage as homepag17_1_1_, contactdat1_.lastname as lastnam18_1_1_, contactdat1_.middlename as middlen19_1_1_, contactdat1_.mobile as mobile20_1_1_, contactdat1_.nickname as nicknam21_1_1_, contactdat1_.notes as notes22_1_1_, contactdat1_.phone2 as phone23_1_1_, contactdat1_.photo as photo24_1_1_, contactdat1_.title as title25_1_1_, contactdat1_.work as work26_1_1_ from address_in_groups groupconta0_ inner join addressbook contactdat1_ on groupconta0_.id=contactdat1_.id where groupconta0_.group_id=?
Hibernate: select contactgro0_.id as id1_0_0_, contactgro0_.group_id as group_id2_0_0_, groupdata1_.group_id as group_id1_2_1_, groupdata1_.group_footer as group_fo2_2_1_, groupdata1_.group_header as group_he3_2_1_, groupdata1_.group_name as group_na4_2_1_ from address_in_groups contactgro0_ inner join group_list groupdata1_ on contactgro0_.group_id=groupdata1_.group_id where contactgro0_.id=?
Hibernate: select contactgro0_.id as id1_0_0_, contactgro0_.group_id as group_id2_0_0_, groupdata1_.group_id as group_id1_2_1_, groupdata1_.group_footer as group_fo2_2_1_, groupdata1_.group_header as group_he3_2_1_, groupdata1_.group_name as group_na4_2_1_ from address_in_groups contactgro0_ inner join group_list groupdata1_ on contactgro0_.group_id=groupdata1_.group_id where contactgro0_.id=?
Hibernate: select contactgro0_.id as id1_0_0_, contactgro0_.group_id as group_id2_0_0_, groupdata1_.group_id as group_id1_2_1_, groupdata1_.group_footer as group_fo2_2_1_, groupdata1_.group_header as group_he3_2_1_, groupdata1_.group_name as group_na4_2_1_ from address_in_groups contactgro0_ inner join group_list groupdata1_ on contactgro0_.group_id=groupdata1_.group_id where contactgro0_.id=?
Hibernate: select contactgro0_.id as id1_0_0_, contactgro0_.group_id as group_id2_0_0_, groupdata1_.group_id as group_id1_2_1_, groupdata1_.group_footer as group_fo2_2_1_, groupdata1_.group_header as group_he3_2_1_, groupdata1_.group_name as group_na4_2_1_ from address_in_groups contactgro0_ inner join group_list groupdata1_ on contactgro0_.group_id=groupdata1_.group_id where contactgro0_.id=?
Hibernate: select contactgro0_.id as id1_0_0_, contactgro0_.group_id as group_id2_0_0_, groupdata1_.group_id as group_id1_2_1_, groupdata1_.group_footer as group_fo2_2_1_, groupdata1_.group_header as group_he3_2_1_, groupdata1_.group_name as group_na4_2_1_ from address_in_groups contactgro0_ inner join group_list groupdata1_ on contactgro0_.group_id=groupdata1_.group_id where contactgro0_.id=?
Hibernate: select contactgro0_.id as id1_0_0_, contactgro0_.group_id as group_id2_0_0_, groupdata1_.group_id as group_id1_2_1_, groupdata1_.group_footer as group_fo2_2_1_, groupdata1_.group_header as group_he3_2_1_, groupdata1_.group_name as group_na4_2_1_ from address_in_groups contactgro0_ inner join group_list groupdata1_ on contactgro0_.group_id=groupdata1_.group_id where contactgro0_.id=?
Hibernate: select contactgro0_.id as id1_0_0_, contactgro0_.group_id as group_id2_0_0_, groupdata1_.group_id as group_id1_2_1_, groupdata1_.group_footer as group_fo2_2_1_, groupdata1_.group_header as group_he3_2_1_, groupdata1_.group_name as group_na4_2_1_ from address_in_groups contactgro0_ inner join group_list groupdata1_ on contactgro0_.group_id=groupdata1_.group_id where contactgro0_.id=?
Hibernate: select groupconta0_.group_id as group_id2_0_0_, groupconta0_.id as id1_0_0_, contactdat1_.id as id1_1_1_, contactdat1_.aday as aday2_1_1_, contactdat1_.address as address3_1_1_, contactdat1_.address2 as address4_1_1_, contactdat1_.amonth as amonth5_1_1_, contactdat1_.ayear as ayear6_1_1_, contactdat1_.bday as bday7_1_1_, contactdat1_.bmonth as bmonth8_1_1_, contactdat1_.byear as byear9_1_1_, contactdat1_.company as company10_1_1_, contactdat1_.email as email11_1_1_, contactdat1_.email2 as email12_1_1_, contactdat1_.email3 as email13_1_1_, contactdat1_.fax as fax14_1_1_, contactdat1_.firstname as firstna15_1_1_, contactdat1_.home as home16_1_1_, contactdat1_.homepage as homepag17_1_1_, contactdat1_.lastname as lastnam18_1_1_, contactdat1_.middlename as middlen19_1_1_, contactdat1_.mobile as mobile20_1_1_, contactdat1_.nickname as nicknam21_1_1_, contactdat1_.notes as notes22_1_1_, contactdat1_.phone2 as phone23_1_1_, contactdat1_.photo as photo24_1_1_, contactdat1_.title as title25_1_1_, contactdat1_.work as work26_1_1_ from address_in_groups groupconta0_ inner join addressbook contactdat1_ on groupconta0_.id=contactdat1_.id where groupconta0_.group_id=?
23:05:56.810 [Test worker] INFO  qa.issart.com.tests.TestBase - Started test deleteGroupsByIndices
23:05:58.147 [Test worker] INFO  qa.issart.com.tests.TestBase - Indices for groups are [1, 14]
23:05:58.173 [Test worker] INFO  qa.issart.com.tests.TestBase - Deleted groups are [GroupData{group_id=803, group_name='OgnVYCu2y6QJDD7Z2zHn'}, GroupData{group_id=795, group_name='5wHeRnE3ofmPkwPz2E6d'}]
Hibernate: select groupdata0_.group_id as group_id1_2_, groupdata0_.group_footer as group_fo2_2_, groupdata0_.group_header as group_he3_2_, groupdata0_.group_name as group_na4_2_ from group_list groupdata0_
Hibernate: select groupconta0_.group_id as group_id2_0_0_, groupconta0_.id as id1_0_0_, contactdat1_.id as id1_1_1_, contactdat1_.aday as aday2_1_1_, contactdat1_.address as address3_1_1_, contactdat1_.address2 as address4_1_1_, contactdat1_.amonth as amonth5_1_1_, contactdat1_.ayear as ayear6_1_1_, contactdat1_.bday as bday7_1_1_, contactdat1_.bmonth as bmonth8_1_1_, contactdat1_.byear as byear9_1_1_, contactdat1_.company as company10_1_1_, contactdat1_.email as email11_1_1_, contactdat1_.email2 as email12_1_1_, contactdat1_.email3 as email13_1_1_, contactdat1_.fax as fax14_1_1_, contactdat1_.firstname as firstna15_1_1_, contactdat1_.home as home16_1_1_, contactdat1_.homepage as homepag17_1_1_, contactdat1_.lastname as lastnam18_1_1_, contactdat1_.middlename as middlen19_1_1_, contactdat1_.mobile as mobile20_1_1_, contactdat1_.nickname as nicknam21_1_1_, contactdat1_.notes as notes22_1_1_, contactdat1_.phone2 as phone23_1_1_, contactdat1_.photo as photo24_1_1_, contactdat1_.title as title25_1_1_, contactdat1_.work as work26_1_1_ from address_in_groups groupconta0_ inner join addressbook contactdat1_ on groupconta0_.id=contactdat1_.id where groupconta0_.group_id=?
Hibernate: select groupconta0_.group_id as group_id2_0_0_, groupconta0_.id as id1_0_0_, contactdat1_.id as id1_1_1_, contactdat1_.aday as aday2_1_1_, contactdat1_.address as address3_1_1_, contactdat1_.address2 as address4_1_1_, contactdat1_.amonth as amonth5_1_1_, contactdat1_.ayear as ayear6_1_1_, contactdat1_.bday as bday7_1_1_, contactdat1_.bmonth as bmonth8_1_1_, contactdat1_.byear as byear9_1_1_, contactdat1_.company as company10_1_1_, contactdat1_.email as email11_1_1_, contactdat1_.email2 as email12_1_1_, contactdat1_.email3 as email13_1_1_, contactdat1_.fax as fax14_1_1_, contactdat1_.firstname as firstna15_1_1_, contactdat1_.home as home16_1_1_, contactdat1_.homepage as homepag17_1_1_, contactdat1_.lastname as lastnam18_1_1_, contactdat1_.middlename as middlen19_1_1_, contactdat1_.mobile as mobile20_1_1_, contactdat1_.nickname as nicknam21_1_1_, contactdat1_.notes as notes22_1_1_, contactdat1_.phone2 as phone23_1_1_, contactdat1_.photo as photo24_1_1_, contactdat1_.title as title25_1_1_, contactdat1_.work as work26_1_1_ from address_in_groups groupconta0_ inner join addressbook contactdat1_ on groupconta0_.id=contactdat1_.id where groupconta0_.group_id=?
Hibernate: select groupconta0_.group_id as group_id2_0_0_, groupconta0_.id as id1_0_0_, contactdat1_.id as id1_1_1_, contactdat1_.aday as aday2_1_1_, contactdat1_.address as address3_1_1_, contactdat1_.address2 as address4_1_1_, contactdat1_.amonth as amonth5_1_1_, contactdat1_.ayear as ayear6_1_1_, contactdat1_.bday as bday7_1_1_, contactdat1_.bmonth as bmonth8_1_1_, contactdat1_.byear as byear9_1_1_, contactdat1_.company as company10_1_1_, contactdat1_.email as email11_1_1_, contactdat1_.email2 as email12_1_1_, contactdat1_.email3 as email13_1_1_, contactdat1_.fax as fax14_1_1_, contactdat1_.firstname as firstna15_1_1_, contactdat1_.home as home16_1_1_, contactdat1_.homepage as homepag17_1_1_, contactdat1_.lastname as lastnam18_1_1_, contactdat1_.middlename as middlen19_1_1_, contactdat1_.mobile as mobile20_1_1_, contactdat1_.nickname as nicknam21_1_1_, contactdat1_.notes as notes22_1_1_, contactdat1_.phone2 as phone23_1_1_, contactdat1_.photo as photo24_1_1_, contactdat1_.title as title25_1_1_, contactdat1_.work as work26_1_1_ from address_in_groups groupconta0_ inner join addressbook contactdat1_ on groupconta0_.id=contactdat1_.id where groupconta0_.group_id=?
Hibernate: select groupconta0_.group_id as group_id2_0_0_, groupconta0_.id as id1_0_0_, contactdat1_.id as id1_1_1_, contactdat1_.aday as aday2_1_1_, contactdat1_.address as address3_1_1_, contactdat1_.address2 as address4_1_1_, contactdat1_.amonth as amonth5_1_1_, contactdat1_.ayear as ayear6_1_1_, contactdat1_.bday as bday7_1_1_, contactdat1_.bmonth as bmonth8_1_1_, contactdat1_.byear as byear9_1_1_, contactdat1_.company as company10_1_1_, contactdat1_.email as email11_1_1_, contactdat1_.email2 as email12_1_1_, contactdat1_.email3 as email13_1_1_, contactdat1_.fax as fax14_1_1_, contactdat1_.firstname as firstna15_1_1_, contactdat1_.home as home16_1_1_, contactdat1_.homepage as homepag17_1_1_, contactdat1_.lastname as lastnam18_1_1_, contactdat1_.middlename as middlen19_1_1_, contactdat1_.mobile as mobile20_1_1_, contactdat1_.nickname as nicknam21_1_1_, contactdat1_.notes as notes22_1_1_, contactdat1_.phone2 as phone23_1_1_, contactdat1_.photo as photo24_1_1_, contactdat1_.title as title25_1_1_, contactdat1_.work as work26_1_1_ from address_in_groups groupconta0_ inner join addressbook contactdat1_ on groupconta0_.id=contactdat1_.id where groupconta0_.group_id=?
Hibernate: select groupconta0_.group_id as group_id2_0_0_, groupconta0_.id as id1_0_0_, contactdat1_.id as id1_1_1_, contactdat1_.aday as aday2_1_1_, contactdat1_.address as address3_1_1_, contactdat1_.address2 as address4_1_1_, contactdat1_.amonth as amonth5_1_1_, contactdat1_.ayear as ayear6_1_1_, contactdat1_.bday as bday7_1_1_, contactdat1_.bmonth as bmonth8_1_1_, contactdat1_.byear as byear9_1_1_, contactdat1_.company as company10_1_1_, contactdat1_.email as email11_1_1_, contactdat1_.email2 as email12_1_1_, contactdat1_.email3 as email13_1_1_, contactdat1_.fax as fax14_1_1_, contactdat1_.firstname as firstna15_1_1_, contactdat1_.home as home16_1_1_, contactdat1_.homepage as homepag17_1_1_, contactdat1_.lastname as lastnam18_1_1_, contactdat1_.middlename as middlen19_1_1_, contactdat1_.mobile as mobile20_1_1_, contactdat1_.nickname as nicknam21_1_1_, contactdat1_.notes as notes22_1_1_, contactdat1_.phone2 as phone23_1_1_, contactdat1_.photo as photo24_1_1_, contactdat1_.title as title25_1_1_, contactdat1_.work as work26_1_1_ from address_in_groups groupconta0_ inner join addressbook contactdat1_ on groupconta0_.id=contactdat1_.id where groupconta0_.group_id=?
Hibernate: select groupconta0_.group_id as group_id2_0_0_, groupconta0_.id as id1_0_0_, contactdat1_.id as id1_1_1_, contactdat1_.aday as aday2_1_1_, contactdat1_.address as address3_1_1_, contactdat1_.address2 as address4_1_1_, contactdat1_.amonth as amonth5_1_1_, contactdat1_.ayear as ayear6_1_1_, contactdat1_.bday as bday7_1_1_, contactdat1_.bmonth as bmonth8_1_1_, contactdat1_.byear as byear9_1_1_, contactdat1_.company as company10_1_1_, contactdat1_.email as email11_1_1_, contactdat1_.email2 as email12_1_1_, contactdat1_.email3 as email13_1_1_, contactdat1_.fax as fax14_1_1_, contactdat1_.firstname as firstna15_1_1_, contactdat1_.home as home16_1_1_, contactdat1_.homepage as homepag17_1_1_, contactdat1_.lastname as lastnam18_1_1_, contactdat1_.middlename as middlen19_1_1_, contactdat1_.mobile as mobile20_1_1_, contactdat1_.nickname as nicknam21_1_1_, contactdat1_.notes as notes22_1_1_, contactdat1_.phone2 as phone23_1_1_, contactdat1_.photo as photo24_1_1_, contactdat1_.title as title25_1_1_, contactdat1_.work as work26_1_1_ from address_in_groups groupconta0_ inner join addressbook contactdat1_ on groupconta0_.id=contactdat1_.id where groupconta0_.group_id=?
Hibernate: select groupconta0_.group_id as group_id2_0_0_, groupconta0_.id as id1_0_0_, contactdat1_.id as id1_1_1_, contactdat1_.aday as aday2_1_1_, contactdat1_.address as address3_1_1_, contactdat1_.address2 as address4_1_1_, contactdat1_.amonth as amonth5_1_1_, contactdat1_.ayear as ayear6_1_1_, contactdat1_.bday as bday7_1_1_, contactdat1_.bmonth as bmonth8_1_1_, contactdat1_.byear as byear9_1_1_, contactdat1_.company as company10_1_1_, contactdat1_.email as email11_1_1_, contactdat1_.email2 as email12_1_1_, contactdat1_.email3 as email13_1_1_, contactdat1_.fax as fax14_1_1_, contactdat1_.firstname as firstna15_1_1_, contactdat1_.home as home16_1_1_, contactdat1_.homepage as homepag17_1_1_, contactdat1_.lastname as lastnam18_1_1_, contactdat1_.middlename as middlen19_1_1_, contactdat1_.mobile as mobile20_1_1_, contactdat1_.nickname as nicknam21_1_1_, contactdat1_.notes as notes22_1_1_, contactdat1_.phone2 as phone23_1_1_, contactdat1_.photo as photo24_1_1_, contactdat1_.title as title25_1_1_, contactdat1_.work as work26_1_1_ from address_in_groups groupconta0_ inner join addressbook contactdat1_ on groupconta0_.id=contactdat1_.id where groupconta0_.group_id=?
Hibernate: select groupconta0_.group_id as group_id2_0_0_, groupconta0_.id as id1_0_0_, contactdat1_.id as id1_1_1_, contactdat1_.aday as aday2_1_1_, contactdat1_.address as address3_1_1_, contactdat1_.address2 as address4_1_1_, contactdat1_.amonth as amonth5_1_1_, contactdat1_.ayear as ayear6_1_1_, contactdat1_.bday as bday7_1_1_, contactdat1_.bmonth as bmonth8_1_1_, contactdat1_.byear as byear9_1_1_, contactdat1_.company as company10_1_1_, contactdat1_.email as email11_1_1_, contactdat1_.email2 as email12_1_1_, contactdat1_.email3 as email13_1_1_, contactdat1_.fax as fax14_1_1_, contactdat1_.firstname as firstna15_1_1_, contactdat1_.home as home16_1_1_, contactdat1_.homepage as homepag17_1_1_, contactdat1_.lastname as lastnam18_1_1_, contactdat1_.middlename as middlen19_1_1_, contactdat1_.mobile as mobile20_1_1_, contactdat1_.nickname as nicknam21_1_1_, contactdat1_.notes as notes22_1_1_, contactdat1_.phone2 as phone23_1_1_, contactdat1_.photo as photo24_1_1_, contactdat1_.title as title25_1_1_, contactdat1_.work as work26_1_1_ from address_in_groups groupconta0_ inner join addressbook contactdat1_ on groupconta0_.id=contactdat1_.id where groupconta0_.group_id=?
Hibernate: select groupconta0_.group_id as group_id2_0_0_, groupconta0_.id as id1_0_0_, contactdat1_.id as id1_1_1_, contactdat1_.aday as aday2_1_1_, contactdat1_.address as address3_1_1_, contactdat1_.address2 as address4_1_1_, contactdat1_.amonth as amonth5_1_1_, contactdat1_.ayear as ayear6_1_1_, contactdat1_.bday as bday7_1_1_, contactdat1_.bmonth as bmonth8_1_1_, contactdat1_.byear as byear9_1_1_, contactdat1_.company as company10_1_1_, contactdat1_.email as email11_1_1_, contactdat1_.email2 as email12_1_1_, contactdat1_.email3 as email13_1_1_, contactdat1_.fax as fax14_1_1_, contactdat1_.firstname as firstna15_1_1_, contactdat1_.home as home16_1_1_, contactdat1_.homepage as homepag17_1_1_, contactdat1_.lastname as lastnam18_1_1_, contactdat1_.middlename as middlen19_1_1_, contactdat1_.mobile as mobile20_1_1_, contactdat1_.nickname as nicknam21_1_1_, contactdat1_.notes as notes22_1_1_, contactdat1_.phone2 as phone23_1_1_, contactdat1_.photo as photo24_1_1_, contactdat1_.title as title25_1_1_, contactdat1_.work as work26_1_1_ from address_in_groups groupconta0_ inner join addressbook contactdat1_ on groupconta0_.id=contactdat1_.id where groupconta0_.group_id=?
Hibernate: select contactgro0_.id as id1_0_0_, contactgro0_.group_id as group_id2_0_0_, groupdata1_.group_id as group_id1_2_1_, groupdata1_.group_footer as group_fo2_2_1_, groupdata1_.group_header as group_he3_2_1_, groupdata1_.group_name as group_na4_2_1_ from address_in_groups contactgro0_ inner join group_list groupdata1_ on contactgro0_.group_id=groupdata1_.group_id where contactgro0_.id=?
Hibernate: select groupconta0_.group_id as group_id2_0_0_, groupconta0_.id as id1_0_0_, contactdat1_.id as id1_1_1_, contactdat1_.aday as aday2_1_1_, contactdat1_.address as address3_1_1_, contactdat1_.address2 as address4_1_1_, contactdat1_.amonth as amonth5_1_1_, contactdat1_.ayear as ayear6_1_1_, contactdat1_.bday as bday7_1_1_, contactdat1_.bmonth as bmonth8_1_1_, contactdat1_.byear as byear9_1_1_, contactdat1_.company as company10_1_1_, contactdat1_.email as email11_1_1_, contactdat1_.email2 as email12_1_1_, contactdat1_.email3 as email13_1_1_, contactdat1_.fax as fax14_1_1_, contactdat1_.firstname as firstna15_1_1_, contactdat1_.home as home16_1_1_, contactdat1_.homepage as homepag17_1_1_, contactdat1_.lastname as lastnam18_1_1_, contactdat1_.middlename as middlen19_1_1_, contactdat1_.mobile as mobile20_1_1_, contactdat1_.nickname as nicknam21_1_1_, contactdat1_.notes as notes22_1_1_, contactdat1_.phone2 as phone23_1_1_, contactdat1_.photo as photo24_1_1_, contactdat1_.title as title25_1_1_, contactdat1_.work as work26_1_1_ from address_in_groups groupconta0_ inner join addressbook contactdat1_ on groupconta0_.id=contactdat1_.id where groupconta0_.group_id=?
Hibernate: select groupconta0_.group_id as group_id2_0_0_, groupconta0_.id as id1_0_0_, contactdat1_.id as id1_1_1_, contactdat1_.aday as aday2_1_1_, contactdat1_.address as address3_1_1_, contactdat1_.address2 as address4_1_1_, contactdat1_.amonth as amonth5_1_1_, contactdat1_.ayear as ayear6_1_1_, contactdat1_.bday as bday7_1_1_, contactdat1_.bmonth as bmonth8_1_1_, contactdat1_.byear as byear9_1_1_, contactdat1_.company as company10_1_1_, contactdat1_.email as email11_1_1_, contactdat1_.email2 as email12_1_1_, contactdat1_.email3 as email13_1_1_, contactdat1_.fax as fax14_1_1_, contactdat1_.firstname as firstna15_1_1_, contactdat1_.home as home16_1_1_, contactdat1_.homepage as homepag17_1_1_, contactdat1_.lastname as lastnam18_1_1_, contactdat1_.middlename as middlen19_1_1_, contactdat1_.mobile as mobile20_1_1_, contactdat1_.nickname as nicknam21_1_1_, contactdat1_.notes as notes22_1_1_, contactdat1_.phone2 as phone23_1_1_, contactdat1_.photo as photo24_1_1_, contactdat1_.title as title25_1_1_, contactdat1_.work as work26_1_1_ from address_in_groups groupconta0_ inner join addressbook contactdat1_ on groupconta0_.id=contactdat1_.id where groupconta0_.group_id=?
Hibernate: select contactgro0_.id as id1_0_0_, contactgro0_.group_id as group_id2_0_0_, groupdata1_.group_id as group_id1_2_1_, groupdata1_.group_footer as group_fo2_2_1_, groupdata1_.group_header as group_he3_2_1_, groupdata1_.group_name as group_na4_2_1_ from address_in_groups contactgro0_ inner join group_list groupdata1_ on contactgro0_.group_id=groupdata1_.group_id where contactgro0_.id=?
Hibernate: select groupconta0_.group_id as group_id2_0_0_, groupconta0_.id as id1_0_0_, contactdat1_.id as id1_1_1_, contactdat1_.aday as aday2_1_1_, contactdat1_.address as address3_1_1_, contactdat1_.address2 as address4_1_1_, contactdat1_.amonth as amonth5_1_1_, contactdat1_.ayear as ayear6_1_1_, contactdat1_.bday as bday7_1_1_, contactdat1_.bmonth as bmonth8_1_1_, contactdat1_.byear as byear9_1_1_, contactdat1_.company as company10_1_1_, contactdat1_.email as email11_1_1_, contactdat1_.email2 as email12_1_1_, contactdat1_.email3 as email13_1_1_, contactdat1_.fax as fax14_1_1_, contactdat1_.firstname as firstna15_1_1_, contactdat1_.home as home16_1_1_, contactdat1_.homepage as homepag17_1_1_, contactdat1_.lastname as lastnam18_1_1_, contactdat1_.middlename as middlen19_1_1_, contactdat1_.mobile as mobile20_1_1_, contactdat1_.nickname as nicknam21_1_1_, contactdat1_.notes as notes22_1_1_, contactdat1_.phone2 as phone23_1_1_, contactdat1_.photo as photo24_1_1_, contactdat1_.title as title25_1_1_, contactdat1_.work as work26_1_1_ from address_in_groups groupconta0_ inner join addressbook contactdat1_ on groupconta0_.id=contactdat1_.id where groupconta0_.group_id=?
23:05:58.666 [Test worker] INFO  qa.issart.com.tests.TestBase - Started test deleteGroupsByIndices
23:06:00.353 [Test worker] INFO  qa.issart.com.tests.TestBase - Indices for groups are [1, 12, 5]
23:06:00.353 [Test worker] INFO  qa.issart.com.tests.TestBase - Deleted groups are [GroupData{group_id=794, group_name='NyTVs5fX8sVrmgZFnckG'}, GroupData{group_id=796, group_name='CWEpdoHKjGqP9Gt1Brzz'}, GroupData{group_id=799, group_name='7DKvbDS9VtsoGNox9gCQ'}]
Hibernate: select groupdata0_.group_id as group_id1_2_, groupdata0_.group_footer as group_fo2_2_, groupdata0_.group_header as group_he3_2_, groupdata0_.group_name as group_na4_2_ from group_list groupdata0_
Hibernate: select groupconta0_.group_id as group_id2_0_0_, groupconta0_.id as id1_0_0_, contactdat1_.id as id1_1_1_, contactdat1_.aday as aday2_1_1_, contactdat1_.address as address3_1_1_, contactdat1_.address2 as address4_1_1_, contactdat1_.amonth as amonth5_1_1_, contactdat1_.ayear as ayear6_1_1_, contactdat1_.bday as bday7_1_1_, contactdat1_.bmonth as bmonth8_1_1_, contactdat1_.byear as byear9_1_1_, contactdat1_.company as company10_1_1_, contactdat1_.email as email11_1_1_, contactdat1_.email2 as email12_1_1_, contactdat1_.email3 as email13_1_1_, contactdat1_.fax as fax14_1_1_, contactdat1_.firstname as firstna15_1_1_, contactdat1_.home as home16_1_1_, contactdat1_.homepage as homepag17_1_1_, contactdat1_.lastname as lastnam18_1_1_, contactdat1_.middlename as middlen19_1_1_, contactdat1_.mobile as mobile20_1_1_, contactdat1_.nickname as nicknam21_1_1_, contactdat1_.notes as notes22_1_1_, contactdat1_.phone2 as phone23_1_1_, contactdat1_.photo as photo24_1_1_, contactdat1_.title as title25_1_1_, contactdat1_.work as work26_1_1_ from address_in_groups groupconta0_ inner join addressbook contactdat1_ on groupconta0_.id=contactdat1_.id where groupconta0_.group_id=?
Hibernate: select groupconta0_.group_id as group_id2_0_0_, groupconta0_.id as id1_0_0_, contactdat1_.id as id1_1_1_, contactdat1_.aday as aday2_1_1_, contactdat1_.address as address3_1_1_, contactdat1_.address2 as address4_1_1_, contactdat1_.amonth as amonth5_1_1_, contactdat1_.ayear as ayear6_1_1_, contactdat1_.bday as bday7_1_1_, contactdat1_.bmonth as bmonth8_1_1_, contactdat1_.byear as byear9_1_1_, contactdat1_.company as company10_1_1_, contactdat1_.email as email11_1_1_, contactdat1_.email2 as email12_1_1_, contactdat1_.email3 as email13_1_1_, contactdat1_.fax as fax14_1_1_, contactdat1_.firstname as firstna15_1_1_, contactdat1_.home as home16_1_1_, contactdat1_.homepage as homepag17_1_1_, contactdat1_.lastname as lastnam18_1_1_, contactdat1_.middlename as middlen19_1_1_, contactdat1_.mobile as mobile20_1_1_, contactdat1_.nickname as nicknam21_1_1_, contactdat1_.notes as notes22_1_1_, contactdat1_.phone2 as phone23_1_1_, contactdat1_.photo as photo24_1_1_, contactdat1_.title as title25_1_1_, contactdat1_.work as work26_1_1_ from address_in_groups groupconta0_ inner join addressbook contactdat1_ on groupconta0_.id=contactdat1_.id where groupconta0_.group_id=?
Hibernate: select groupconta0_.group_id as group_id2_0_0_, groupconta0_.id as id1_0_0_, contactdat1_.id as id1_1_1_, contactdat1_.aday as aday2_1_1_, contactdat1_.address as address3_1_1_, contactdat1_.address2 as address4_1_1_, contactdat1_.amonth as amonth5_1_1_, contactdat1_.ayear as ayear6_1_1_, contactdat1_.bday as bday7_1_1_, contactdat1_.bmonth as bmonth8_1_1_, contactdat1_.byear as byear9_1_1_, contactdat1_.company as company10_1_1_, contactdat1_.email as email11_1_1_, contactdat1_.email2 as email12_1_1_, contactdat1_.email3 as email13_1_1_, contactdat1_.fax as fax14_1_1_, contactdat1_.firstname as firstna15_1_1_, contactdat1_.home as home16_1_1_, contactdat1_.homepage as homepag17_1_1_, contactdat1_.lastname as lastnam18_1_1_, contactdat1_.middlename as middlen19_1_1_, contactdat1_.mobile as mobile20_1_1_, contactdat1_.nickname as nicknam21_1_1_, contactdat1_.notes as notes22_1_1_, contactdat1_.phone2 as phone23_1_1_, contactdat1_.photo as photo24_1_1_, contactdat1_.title as title25_1_1_, contactdat1_.work as work26_1_1_ from address_in_groups groupconta0_ inner join addressbook contactdat1_ on groupconta0_.id=contactdat1_.id where groupconta0_.group_id=?
Hibernate: select groupconta0_.group_id as group_id2_0_0_, groupconta0_.id as id1_0_0_, contactdat1_.id as id1_1_1_, contactdat1_.aday as aday2_1_1_, contactdat1_.address as address3_1_1_, contactdat1_.address2 as address4_1_1_, contactdat1_.amonth as amonth5_1_1_, contactdat1_.ayear as ayear6_1_1_, contactdat1_.bday as bday7_1_1_, contactdat1_.bmonth as bmonth8_1_1_, contactdat1_.byear as byear9_1_1_, contactdat1_.company as company10_1_1_, contactdat1_.email as email11_1_1_, contactdat1_.email2 as email12_1_1_, contactdat1_.email3 as email13_1_1_, contactdat1_.fax as fax14_1_1_, contactdat1_.firstname as firstna15_1_1_, contactdat1_.home as home16_1_1_, contactdat1_.homepage as homepag17_1_1_, contactdat1_.lastname as lastnam18_1_1_, contactdat1_.middlename as middlen19_1_1_, contactdat1_.mobile as mobile20_1_1_, contactdat1_.nickname as nicknam21_1_1_, contactdat1_.notes as notes22_1_1_, contactdat1_.phone2 as phone23_1_1_, contactdat1_.photo as photo24_1_1_, contactdat1_.title as title25_1_1_, contactdat1_.work as work26_1_1_ from address_in_groups groupconta0_ inner join addressbook contactdat1_ on groupconta0_.id=contactdat1_.id where groupconta0_.group_id=?
Hibernate: select groupconta0_.group_id as group_id2_0_0_, groupconta0_.id as id1_0_0_, contactdat1_.id as id1_1_1_, contactdat1_.aday as aday2_1_1_, contactdat1_.address as address3_1_1_, contactdat1_.address2 as address4_1_1_, contactdat1_.amonth as amonth5_1_1_, contactdat1_.ayear as ayear6_1_1_, contactdat1_.bday as bday7_1_1_, contactdat1_.bmonth as bmonth8_1_1_, contactdat1_.byear as byear9_1_1_, contactdat1_.company as company10_1_1_, contactdat1_.email as email11_1_1_, contactdat1_.email2 as email12_1_1_, contactdat1_.email3 as email13_1_1_, contactdat1_.fax as fax14_1_1_, contactdat1_.firstname as firstna15_1_1_, contactdat1_.home as home16_1_1_, contactdat1_.homepage as homepag17_1_1_, contactdat1_.lastname as lastnam18_1_1_, contactdat1_.middlename as middlen19_1_1_, contactdat1_.mobile as mobile20_1_1_, contactdat1_.nickname as nicknam21_1_1_, contactdat1_.notes as notes22_1_1_, contactdat1_.phone2 as phone23_1_1_, contactdat1_.photo as photo24_1_1_, contactdat1_.title as title25_1_1_, contactdat1_.work as work26_1_1_ from address_in_groups groupconta0_ inner join addressbook contactdat1_ on groupconta0_.id=contactdat1_.id where groupconta0_.group_id=?
Hibernate: select groupconta0_.group_id as group_id2_0_0_, groupconta0_.id as id1_0_0_, contactdat1_.id as id1_1_1_, contactdat1_.aday as aday2_1_1_, contactdat1_.address as address3_1_1_, contactdat1_.address2 as address4_1_1_, contactdat1_.amonth as amonth5_1_1_, contactdat1_.ayear as ayear6_1_1_, contactdat1_.bday as bday7_1_1_, contactdat1_.bmonth as bmonth8_1_1_, contactdat1_.byear as byear9_1_1_, contactdat1_.company as company10_1_1_, contactdat1_.email as email11_1_1_, contactdat1_.email2 as email12_1_1_, contactdat1_.email3 as email13_1_1_, contactdat1_.fax as fax14_1_1_, contactdat1_.firstname as firstna15_1_1_, contactdat1_.home as home16_1_1_, contactdat1_.homepage as homepag17_1_1_, contactdat1_.lastname as lastnam18_1_1_, contactdat1_.middlename as middlen19_1_1_, contactdat1_.mobile as mobile20_1_1_, contactdat1_.nickname as nicknam21_1_1_, contactdat1_.notes as notes22_1_1_, contactdat1_.phone2 as phone23_1_1_, contactdat1_.photo as photo24_1_1_, contactdat1_.title as title25_1_1_, contactdat1_.work as work26_1_1_ from address_in_groups groupconta0_ inner join addressbook contactdat1_ on groupconta0_.id=contactdat1_.id where groupconta0_.group_id=?
Hibernate: select groupconta0_.group_id as group_id2_0_0_, groupconta0_.id as id1_0_0_, contactdat1_.id as id1_1_1_, contactdat1_.aday as aday2_1_1_, contactdat1_.address as address3_1_1_, contactdat1_.address2 as address4_1_1_, contactdat1_.amonth as amonth5_1_1_, contactdat1_.ayear as ayear6_1_1_, contactdat1_.bday as bday7_1_1_, contactdat1_.bmonth as bmonth8_1_1_, contactdat1_.byear as byear9_1_1_, contactdat1_.company as company10_1_1_, contactdat1_.email as email11_1_1_, contactdat1_.email2 as email12_1_1_, contactdat1_.email3 as email13_1_1_, contactdat1_.fax as fax14_1_1_, contactdat1_.firstname as firstna15_1_1_, contactdat1_.home as home16_1_1_, contactdat1_.homepage as homepag17_1_1_, contactdat1_.lastname as lastnam18_1_1_, contactdat1_.middlename as middlen19_1_1_, contactdat1_.mobile as mobile20_1_1_, contactdat1_.nickname as nicknam21_1_1_, contactdat1_.notes as notes22_1_1_, contactdat1_.phone2 as phone23_1_1_, contactdat1_.photo as photo24_1_1_, contactdat1_.title as title25_1_1_, contactdat1_.work as work26_1_1_ from address_in_groups groupconta0_ inner join addressbook contactdat1_ on groupconta0_.id=contactdat1_.id where groupconta0_.group_id=?
Hibernate: select groupconta0_.group_id as group_id2_0_0_, groupconta0_.id as id1_0_0_, contactdat1_.id as id1_1_1_, contactdat1_.aday as aday2_1_1_, contactdat1_.address as address3_1_1_, contactdat1_.address2 as address4_1_1_, contactdat1_.amonth as amonth5_1_1_, contactdat1_.ayear as ayear6_1_1_, contactdat1_.bday as bday7_1_1_, contactdat1_.bmonth as bmonth8_1_1_, contactdat1_.byear as byear9_1_1_, contactdat1_.company as company10_1_1_, contactdat1_.email as email11_1_1_, contactdat1_.email2 as email12_1_1_, contactdat1_.email3 as email13_1_1_, contactdat1_.fax as fax14_1_1_, contactdat1_.firstname as firstna15_1_1_, contactdat1_.home as home16_1_1_, contactdat1_.homepage as homepag17_1_1_, contactdat1_.lastname as lastnam18_1_1_, contactdat1_.middlename as middlen19_1_1_, contactdat1_.mobile as mobile20_1_1_, contactdat1_.nickname as nicknam21_1_1_, contactdat1_.notes as notes22_1_1_, contactdat1_.phone2 as phone23_1_1_, contactdat1_.photo as photo24_1_1_, contactdat1_.title as title25_1_1_, contactdat1_.work as work26_1_1_ from address_in_groups groupconta0_ inner join addressbook contactdat1_ on groupconta0_.id=contactdat1_.id where groupconta0_.group_id=?
Hibernate: select groupconta0_.group_id as group_id2_0_0_, groupconta0_.id as id1_0_0_, contactdat1_.id as id1_1_1_, contactdat1_.aday as aday2_1_1_, contactdat1_.address as address3_1_1_, contactdat1_.address2 as address4_1_1_, contactdat1_.amonth as amonth5_1_1_, contactdat1_.ayear as ayear6_1_1_, contactdat1_.bday as bday7_1_1_, contactdat1_.bmonth as bmonth8_1_1_, contactdat1_.byear as byear9_1_1_, contactdat1_.company as company10_1_1_, contactdat1_.email as email11_1_1_, contactdat1_.email2 as email12_1_1_, contactdat1_.email3 as email13_1_1_, contactdat1_.fax as fax14_1_1_, contactdat1_.firstname as firstna15_1_1_, contactdat1_.home as home16_1_1_, contactdat1_.homepage as homepag17_1_1_, contactdat1_.lastname as lastnam18_1_1_, contactdat1_.middlename as middlen19_1_1_, contactdat1_.mobile as mobile20_1_1_, contactdat1_.nickname as nicknam21_1_1_, contactdat1_.notes as notes22_1_1_, contactdat1_.phone2 as phone23_1_1_, contactdat1_.photo as photo24_1_1_, contactdat1_.title as title25_1_1_, contactdat1_.work as work26_1_1_ from address_in_groups groupconta0_ inner join addressbook contactdat1_ on groupconta0_.id=contactdat1_.id where groupconta0_.group_id=?
Hibernate: select contactgro0_.id as id1_0_0_, contactgro0_.group_id as group_id2_0_0_, groupdata1_.group_id as group_id1_2_1_, groupdata1_.group_footer as group_fo2_2_1_, groupdata1_.group_header as group_he3_2_1_, groupdata1_.group_name as group_na4_2_1_ from address_in_groups contactgro0_ inner join group_list groupdata1_ on contactgro0_.group_id=groupdata1_.group_id where contactgro0_.id=?
]]></system-out>
  <system-err><![CDATA[]]></system-err>
</testsuite>
