<?xml version="1.0" encoding="UTF-8"?>
<testsuite name="qa.issart.com.tests.ContactDeletionTests" tests="5" skipped="0" failures="0" errors="0" timestamp="2021-10-04T17:06:17" hostname="ALPHARETTA" time="159.651">
  <properties/>
  <testcase name="deleteContactsByIndices[0]([Ljava.lang.String;@48a4d5c5)" classname="qa.issart.com.tests.ContactDeletionTests" time="19.301"/>
  <testcase name="deleteContactsByIndices[1]([Ljava.lang.String;@9fcdbbd)" classname="qa.issart.com.tests.ContactDeletionTests" time="18.929"/>
  <testcase name="deleteContactsByIndices[2]([Ljava.lang.String;@3ecdba76)" classname="qa.issart.com.tests.ContactDeletionTests" time="18.958"/>
  <testcase name="deleteContactsByIndices[3]([Ljava.lang.String;@5fe24dc)" classname="qa.issart.com.tests.ContactDeletionTests" time="19.458"/>
  <testcase name="deleteContactsByIndices[4]([Ljava.lang.String;@672c009f)" classname="qa.issart.com.tests.ContactDeletionTests" time="19.859"/>
  <system-out><![CDATA[23:06:17.213 [Test worker] INFO  qa.issart.com.tests.TestBase - Started test deleteContactsByIndices
23:06:36.401 [Test worker] INFO  qa.issart.com.tests.TestBase - Indices for contacts are [0]
23:06:36.403 [Test worker] INFO  qa.issart.com.tests.TestBase - Deleted contacts are  id: 707 first name: bqc5r24A2V3ojr3TSYta last name 0dAkF6nmukZVkoRn62EX

Hibernate: select contactdat0_.id as id1_1_, contactdat0_.aday as aday2_1_, contactdat0_.address as address3_1_, contactdat0_.address2 as address4_1_, contactdat0_.amonth as amonth5_1_, contactdat0_.ayear as ayear6_1_, contactdat0_.bday as bday7_1_, contactdat0_.bmonth as bmonth8_1_, contactdat0_.byear as byear9_1_, contactdat0_.company as company10_1_, contactdat0_.email as email11_1_, contactdat0_.email2 as email12_1_, contactdat0_.email3 as email13_1_, contactdat0_.fax as fax14_1_, contactdat0_.firstname as firstna15_1_, contactdat0_.home as home16_1_, contactdat0_.homepage as homepag17_1_, contactdat0_.lastname as lastnam18_1_, contactdat0_.middlename as middlen19_1_, contactdat0_.mobile as mobile20_1_, contactdat0_.nickname as nicknam21_1_, contactdat0_.notes as notes22_1_, contactdat0_.phone2 as phone23_1_, contactdat0_.photo as photo24_1_, contactdat0_.title as title25_1_, contactdat0_.work as work26_1_ from addressbook contactdat0_ where deprecated=''
Hibernate: select contactgro0_.id as id1_0_0_, contactgro0_.group_id as group_id2_0_0_, groupdata1_.group_id as group_id1_2_1_, groupdata1_.group_footer as group_fo2_2_1_, groupdata1_.group_header as group_he3_2_1_, groupdata1_.group_name as group_na4_2_1_ from address_in_groups contactgro0_ inner join group_list groupdata1_ on contactgro0_.group_id=groupdata1_.group_id where contactgro0_.id=?
Hibernate: select contactgro0_.id as id1_0_0_, contactgro0_.group_id as group_id2_0_0_, groupdata1_.group_id as group_id1_2_1_, groupdata1_.group_footer as group_fo2_2_1_, groupdata1_.group_header as group_he3_2_1_, groupdata1_.group_name as group_na4_2_1_ from address_in_groups contactgro0_ inner join group_list groupdata1_ on contactgro0_.group_id=groupdata1_.group_id where contactgro0_.id=?
Hibernate: select contactgro0_.id as id1_0_0_, contactgro0_.group_id as group_id2_0_0_, groupdata1_.group_id as group_id1_2_1_, groupdata1_.group_footer as group_fo2_2_1_, groupdata1_.group_header as group_he3_2_1_, groupdata1_.group_name as group_na4_2_1_ from address_in_groups contactgro0_ inner join group_list groupdata1_ on contactgro0_.group_id=groupdata1_.group_id where contactgro0_.id=?
Hibernate: select groupconta0_.group_id as group_id2_0_0_, groupconta0_.id as id1_0_0_, contactdat1_.id as id1_1_1_, contactdat1_.aday as aday2_1_1_, contactdat1_.address as address3_1_1_, contactdat1_.address2 as address4_1_1_, contactdat1_.amonth as amonth5_1_1_, contactdat1_.ayear as ayear6_1_1_, contactdat1_.bday as bday7_1_1_, contactdat1_.bmonth as bmonth8_1_1_, contactdat1_.byear as byear9_1_1_, contactdat1_.company as company10_1_1_, contactdat1_.email as email11_1_1_, contactdat1_.email2 as email12_1_1_, contactdat1_.email3 as email13_1_1_, contactdat1_.fax as fax14_1_1_, contactdat1_.firstname as firstna15_1_1_, contactdat1_.home as home16_1_1_, contactdat1_.homepage as homepag17_1_1_, contactdat1_.lastname as lastnam18_1_1_, contactdat1_.middlename as middlen19_1_1_, contactdat1_.mobile as mobile20_1_1_, contactdat1_.nickname as nicknam21_1_1_, contactdat1_.notes as notes22_1_1_, contactdat1_.phone2 as phone23_1_1_, contactdat1_.photo as photo24_1_1_, contactdat1_.title as title25_1_1_, contactdat1_.work as work26_1_1_ from address_in_groups groupconta0_ inner join addressbook contactdat1_ on groupconta0_.id=contactdat1_.id where groupconta0_.group_id=?
Hibernate: select contactgro0_.id as id1_0_0_, contactgro0_.group_id as group_id2_0_0_, groupdata1_.group_id as group_id1_2_1_, groupdata1_.group_footer as group_fo2_2_1_, groupdata1_.group_header as group_he3_2_1_, groupdata1_.group_name as group_na4_2_1_ from address_in_groups contactgro0_ inner join group_list groupdata1_ on contactgro0_.group_id=groupdata1_.group_id where contactgro0_.id=?
Hibernate: select contactgro0_.id as id1_0_0_, contactgro0_.group_id as group_id2_0_0_, groupdata1_.group_id as group_id1_2_1_, groupdata1_.group_footer as group_fo2_2_1_, groupdata1_.group_header as group_he3_2_1_, groupdata1_.group_name as group_na4_2_1_ from address_in_groups contactgro0_ inner join group_list groupdata1_ on contactgro0_.group_id=groupdata1_.group_id where contactgro0_.id=?
Hibernate: select contactgro0_.id as id1_0_0_, contactgro0_.group_id as group_id2_0_0_, groupdata1_.group_id as group_id1_2_1_, groupdata1_.group_footer as group_fo2_2_1_, groupdata1_.group_header as group_he3_2_1_, groupdata1_.group_name as group_na4_2_1_ from address_in_groups contactgro0_ inner join group_list groupdata1_ on contactgro0_.group_id=groupdata1_.group_id where contactgro0_.id=?
Hibernate: select contactgro0_.id as id1_0_0_, contactgro0_.group_id as group_id2_0_0_, groupdata1_.group_id as group_id1_2_1_, groupdata1_.group_footer as group_fo2_2_1_, groupdata1_.group_header as group_he3_2_1_, groupdata1_.group_name as group_na4_2_1_ from address_in_groups contactgro0_ inner join group_list groupdata1_ on contactgro0_.group_id=groupdata1_.group_id where contactgro0_.id=?
Hibernate: select contactgro0_.id as id1_0_0_, contactgro0_.group_id as group_id2_0_0_, groupdata1_.group_id as group_id1_2_1_, groupdata1_.group_footer as group_fo2_2_1_, groupdata1_.group_header as group_he3_2_1_, groupdata1_.group_name as group_na4_2_1_ from address_in_groups contactgro0_ inner join group_list groupdata1_ on contactgro0_.group_id=groupdata1_.group_id where contactgro0_.id=?
Hibernate: select contactgro0_.id as id1_0_0_, contactgro0_.group_id as group_id2_0_0_, groupdata1_.group_id as group_id1_2_1_, groupdata1_.group_footer as group_fo2_2_1_, groupdata1_.group_header as group_he3_2_1_, groupdata1_.group_name as group_na4_2_1_ from address_in_groups contactgro0_ inner join group_list groupdata1_ on contactgro0_.group_id=groupdata1_.group_id where contactgro0_.id=?
Hibernate: select contactgro0_.id as id1_0_0_, contactgro0_.group_id as group_id2_0_0_, groupdata1_.group_id as group_id1_2_1_, groupdata1_.group_footer as group_fo2_2_1_, groupdata1_.group_header as group_he3_2_1_, groupdata1_.group_name as group_na4_2_1_ from address_in_groups contactgro0_ inner join group_list groupdata1_ on contactgro0_.group_id=groupdata1_.group_id where contactgro0_.id=?
Hibernate: select contactgro0_.id as id1_0_0_, contactgro0_.group_id as group_id2_0_0_, groupdata1_.group_id as group_id1_2_1_, groupdata1_.group_footer as group_fo2_2_1_, groupdata1_.group_header as group_he3_2_1_, groupdata1_.group_name as group_na4_2_1_ from address_in_groups contactgro0_ inner join group_list groupdata1_ on contactgro0_.group_id=groupdata1_.group_id where contactgro0_.id=?
23:06:52.517 [Test worker] INFO  qa.issart.com.tests.TestBase - Started test deleteContactsByIndices
23:07:11.305 [Test worker] INFO  qa.issart.com.tests.TestBase - Indices for contacts are [10]
23:07:11.306 [Test worker] INFO  qa.issart.com.tests.TestBase - Deleted contacts are  id: 704 first name: sNjEahSISRat2SgeeAJA last name Xzsz7dMObqKRcfERfSs6

Hibernate: select contactdat0_.id as id1_1_, contactdat0_.aday as aday2_1_, contactdat0_.address as address3_1_, contactdat0_.address2 as address4_1_, contactdat0_.amonth as amonth5_1_, contactdat0_.ayear as ayear6_1_, contactdat0_.bday as bday7_1_, contactdat0_.bmonth as bmonth8_1_, contactdat0_.byear as byear9_1_, contactdat0_.company as company10_1_, contactdat0_.email as email11_1_, contactdat0_.email2 as email12_1_, contactdat0_.email3 as email13_1_, contactdat0_.fax as fax14_1_, contactdat0_.firstname as firstna15_1_, contactdat0_.home as home16_1_, contactdat0_.homepage as homepag17_1_, contactdat0_.lastname as lastnam18_1_, contactdat0_.middlename as middlen19_1_, contactdat0_.mobile as mobile20_1_, contactdat0_.nickname as nicknam21_1_, contactdat0_.notes as notes22_1_, contactdat0_.phone2 as phone23_1_, contactdat0_.photo as photo24_1_, contactdat0_.title as title25_1_, contactdat0_.work as work26_1_ from addressbook contactdat0_ where deprecated=''
Hibernate: select contactgro0_.id as id1_0_0_, contactgro0_.group_id as group_id2_0_0_, groupdata1_.group_id as group_id1_2_1_, groupdata1_.group_footer as group_fo2_2_1_, groupdata1_.group_header as group_he3_2_1_, groupdata1_.group_name as group_na4_2_1_ from address_in_groups contactgro0_ inner join group_list groupdata1_ on contactgro0_.group_id=groupdata1_.group_id where contactgro0_.id=?
Hibernate: select contactgro0_.id as id1_0_0_, contactgro0_.group_id as group_id2_0_0_, groupdata1_.group_id as group_id1_2_1_, groupdata1_.group_footer as group_fo2_2_1_, groupdata1_.group_header as group_he3_2_1_, groupdata1_.group_name as group_na4_2_1_ from address_in_groups contactgro0_ inner join group_list groupdata1_ on contactgro0_.group_id=groupdata1_.group_id where contactgro0_.id=?
Hibernate: select contactgro0_.id as id1_0_0_, contactgro0_.group_id as group_id2_0_0_, groupdata1_.group_id as group_id1_2_1_, groupdata1_.group_footer as group_fo2_2_1_, groupdata1_.group_header as group_he3_2_1_, groupdata1_.group_name as group_na4_2_1_ from address_in_groups contactgro0_ inner join group_list groupdata1_ on contactgro0_.group_id=groupdata1_.group_id where contactgro0_.id=?
Hibernate: select groupconta0_.group_id as group_id2_0_0_, groupconta0_.id as id1_0_0_, contactdat1_.id as id1_1_1_, contactdat1_.aday as aday2_1_1_, contactdat1_.address as address3_1_1_, contactdat1_.address2 as address4_1_1_, contactdat1_.amonth as amonth5_1_1_, contactdat1_.ayear as ayear6_1_1_, contactdat1_.bday as bday7_1_1_, contactdat1_.bmonth as bmonth8_1_1_, contactdat1_.byear as byear9_1_1_, contactdat1_.company as company10_1_1_, contactdat1_.email as email11_1_1_, contactdat1_.email2 as email12_1_1_, contactdat1_.email3 as email13_1_1_, contactdat1_.fax as fax14_1_1_, contactdat1_.firstname as firstna15_1_1_, contactdat1_.home as home16_1_1_, contactdat1_.homepage as homepag17_1_1_, contactdat1_.lastname as lastnam18_1_1_, contactdat1_.middlename as middlen19_1_1_, contactdat1_.mobile as mobile20_1_1_, contactdat1_.nickname as nicknam21_1_1_, contactdat1_.notes as notes22_1_1_, contactdat1_.phone2 as phone23_1_1_, contactdat1_.photo as photo24_1_1_, contactdat1_.title as title25_1_1_, contactdat1_.work as work26_1_1_ from address_in_groups groupconta0_ inner join addressbook contactdat1_ on groupconta0_.id=contactdat1_.id where groupconta0_.group_id=?
Hibernate: select contactgro0_.id as id1_0_0_, contactgro0_.group_id as group_id2_0_0_, groupdata1_.group_id as group_id1_2_1_, groupdata1_.group_footer as group_fo2_2_1_, groupdata1_.group_header as group_he3_2_1_, groupdata1_.group_name as group_na4_2_1_ from address_in_groups contactgro0_ inner join group_list groupdata1_ on contactgro0_.group_id=groupdata1_.group_id where contactgro0_.id=?
Hibernate: select contactgro0_.id as id1_0_0_, contactgro0_.group_id as group_id2_0_0_, groupdata1_.group_id as group_id1_2_1_, groupdata1_.group_footer as group_fo2_2_1_, groupdata1_.group_header as group_he3_2_1_, groupdata1_.group_name as group_na4_2_1_ from address_in_groups contactgro0_ inner join group_list groupdata1_ on contactgro0_.group_id=groupdata1_.group_id where contactgro0_.id=?
Hibernate: select contactgro0_.id as id1_0_0_, contactgro0_.group_id as group_id2_0_0_, groupdata1_.group_id as group_id1_2_1_, groupdata1_.group_footer as group_fo2_2_1_, groupdata1_.group_header as group_he3_2_1_, groupdata1_.group_name as group_na4_2_1_ from address_in_groups contactgro0_ inner join group_list groupdata1_ on contactgro0_.group_id=groupdata1_.group_id where contactgro0_.id=?
Hibernate: select contactgro0_.id as id1_0_0_, contactgro0_.group_id as group_id2_0_0_, groupdata1_.group_id as group_id1_2_1_, groupdata1_.group_footer as group_fo2_2_1_, groupdata1_.group_header as group_he3_2_1_, groupdata1_.group_name as group_na4_2_1_ from address_in_groups contactgro0_ inner join group_list groupdata1_ on contactgro0_.group_id=groupdata1_.group_id where contactgro0_.id=?
Hibernate: select contactgro0_.id as id1_0_0_, contactgro0_.group_id as group_id2_0_0_, groupdata1_.group_id as group_id1_2_1_, groupdata1_.group_footer as group_fo2_2_1_, groupdata1_.group_header as group_he3_2_1_, groupdata1_.group_name as group_na4_2_1_ from address_in_groups contactgro0_ inner join group_list groupdata1_ on contactgro0_.group_id=groupdata1_.group_id where contactgro0_.id=?
Hibernate: select contactgro0_.id as id1_0_0_, contactgro0_.group_id as group_id2_0_0_, groupdata1_.group_id as group_id1_2_1_, groupdata1_.group_footer as group_fo2_2_1_, groupdata1_.group_header as group_he3_2_1_, groupdata1_.group_name as group_na4_2_1_ from address_in_groups contactgro0_ inner join group_list groupdata1_ on contactgro0_.group_id=groupdata1_.group_id where contactgro0_.id=?
Hibernate: select contactgro0_.id as id1_0_0_, contactgro0_.group_id as group_id2_0_0_, groupdata1_.group_id as group_id1_2_1_, groupdata1_.group_footer as group_fo2_2_1_, groupdata1_.group_header as group_he3_2_1_, groupdata1_.group_name as group_na4_2_1_ from address_in_groups contactgro0_ inner join group_list groupdata1_ on contactgro0_.group_id=groupdata1_.group_id where contactgro0_.id=?
23:07:27.209 [Test worker] INFO  qa.issart.com.tests.TestBase - Started test deleteContactsByIndices
23:07:46.035 [Test worker] INFO  qa.issart.com.tests.TestBase - Indices for contacts are [8]
23:07:46.036 [Test worker] INFO  qa.issart.com.tests.TestBase - Deleted contacts are  id: 705 first name: rpd0dXDoVRcosEXX6aVK last name u36sGRh6aOLoIlFACMDJ

Hibernate: select contactdat0_.id as id1_1_, contactdat0_.aday as aday2_1_, contactdat0_.address as address3_1_, contactdat0_.address2 as address4_1_, contactdat0_.amonth as amonth5_1_, contactdat0_.ayear as ayear6_1_, contactdat0_.bday as bday7_1_, contactdat0_.bmonth as bmonth8_1_, contactdat0_.byear as byear9_1_, contactdat0_.company as company10_1_, contactdat0_.email as email11_1_, contactdat0_.email2 as email12_1_, contactdat0_.email3 as email13_1_, contactdat0_.fax as fax14_1_, contactdat0_.firstname as firstna15_1_, contactdat0_.home as home16_1_, contactdat0_.homepage as homepag17_1_, contactdat0_.lastname as lastnam18_1_, contactdat0_.middlename as middlen19_1_, contactdat0_.mobile as mobile20_1_, contactdat0_.nickname as nicknam21_1_, contactdat0_.notes as notes22_1_, contactdat0_.phone2 as phone23_1_, contactdat0_.photo as photo24_1_, contactdat0_.title as title25_1_, contactdat0_.work as work26_1_ from addressbook contactdat0_ where deprecated=''
Hibernate: select contactgro0_.id as id1_0_0_, contactgro0_.group_id as group_id2_0_0_, groupdata1_.group_id as group_id1_2_1_, groupdata1_.group_footer as group_fo2_2_1_, groupdata1_.group_header as group_he3_2_1_, groupdata1_.group_name as group_na4_2_1_ from address_in_groups contactgro0_ inner join group_list groupdata1_ on contactgro0_.group_id=groupdata1_.group_id where contactgro0_.id=?
Hibernate: select contactgro0_.id as id1_0_0_, contactgro0_.group_id as group_id2_0_0_, groupdata1_.group_id as group_id1_2_1_, groupdata1_.group_footer as group_fo2_2_1_, groupdata1_.group_header as group_he3_2_1_, groupdata1_.group_name as group_na4_2_1_ from address_in_groups contactgro0_ inner join group_list groupdata1_ on contactgro0_.group_id=groupdata1_.group_id where contactgro0_.id=?
Hibernate: select contactgro0_.id as id1_0_0_, contactgro0_.group_id as group_id2_0_0_, groupdata1_.group_id as group_id1_2_1_, groupdata1_.group_footer as group_fo2_2_1_, groupdata1_.group_header as group_he3_2_1_, groupdata1_.group_name as group_na4_2_1_ from address_in_groups contactgro0_ inner join group_list groupdata1_ on contactgro0_.group_id=groupdata1_.group_id where contactgro0_.id=?
Hibernate: select groupconta0_.group_id as group_id2_0_0_, groupconta0_.id as id1_0_0_, contactdat1_.id as id1_1_1_, contactdat1_.aday as aday2_1_1_, contactdat1_.address as address3_1_1_, contactdat1_.address2 as address4_1_1_, contactdat1_.amonth as amonth5_1_1_, contactdat1_.ayear as ayear6_1_1_, contactdat1_.bday as bday7_1_1_, contactdat1_.bmonth as bmonth8_1_1_, contactdat1_.byear as byear9_1_1_, contactdat1_.company as company10_1_1_, contactdat1_.email as email11_1_1_, contactdat1_.email2 as email12_1_1_, contactdat1_.email3 as email13_1_1_, contactdat1_.fax as fax14_1_1_, contactdat1_.firstname as firstna15_1_1_, contactdat1_.home as home16_1_1_, contactdat1_.homepage as homepag17_1_1_, contactdat1_.lastname as lastnam18_1_1_, contactdat1_.middlename as middlen19_1_1_, contactdat1_.mobile as mobile20_1_1_, contactdat1_.nickname as nicknam21_1_1_, contactdat1_.notes as notes22_1_1_, contactdat1_.phone2 as phone23_1_1_, contactdat1_.photo as photo24_1_1_, contactdat1_.title as title25_1_1_, contactdat1_.work as work26_1_1_ from address_in_groups groupconta0_ inner join addressbook contactdat1_ on groupconta0_.id=contactdat1_.id where groupconta0_.group_id=?
Hibernate: select contactgro0_.id as id1_0_0_, contactgro0_.group_id as group_id2_0_0_, groupdata1_.group_id as group_id1_2_1_, groupdata1_.group_footer as group_fo2_2_1_, groupdata1_.group_header as group_he3_2_1_, groupdata1_.group_name as group_na4_2_1_ from address_in_groups contactgro0_ inner join group_list groupdata1_ on contactgro0_.group_id=groupdata1_.group_id where contactgro0_.id=?
Hibernate: select contactgro0_.id as id1_0_0_, contactgro0_.group_id as group_id2_0_0_, groupdata1_.group_id as group_id1_2_1_, groupdata1_.group_footer as group_fo2_2_1_, groupdata1_.group_header as group_he3_2_1_, groupdata1_.group_name as group_na4_2_1_ from address_in_groups contactgro0_ inner join group_list groupdata1_ on contactgro0_.group_id=groupdata1_.group_id where contactgro0_.id=?
Hibernate: select contactgro0_.id as id1_0_0_, contactgro0_.group_id as group_id2_0_0_, groupdata1_.group_id as group_id1_2_1_, groupdata1_.group_footer as group_fo2_2_1_, groupdata1_.group_header as group_he3_2_1_, groupdata1_.group_name as group_na4_2_1_ from address_in_groups contactgro0_ inner join group_list groupdata1_ on contactgro0_.group_id=groupdata1_.group_id where contactgro0_.id=?
Hibernate: select contactgro0_.id as id1_0_0_, contactgro0_.group_id as group_id2_0_0_, groupdata1_.group_id as group_id1_2_1_, groupdata1_.group_footer as group_fo2_2_1_, groupdata1_.group_header as group_he3_2_1_, groupdata1_.group_name as group_na4_2_1_ from address_in_groups contactgro0_ inner join group_list groupdata1_ on contactgro0_.group_id=groupdata1_.group_id where contactgro0_.id=?
Hibernate: select contactgro0_.id as id1_0_0_, contactgro0_.group_id as group_id2_0_0_, groupdata1_.group_id as group_id1_2_1_, groupdata1_.group_footer as group_fo2_2_1_, groupdata1_.group_header as group_he3_2_1_, groupdata1_.group_name as group_na4_2_1_ from address_in_groups contactgro0_ inner join group_list groupdata1_ on contactgro0_.group_id=groupdata1_.group_id where contactgro0_.id=?
Hibernate: select contactgro0_.id as id1_0_0_, contactgro0_.group_id as group_id2_0_0_, groupdata1_.group_id as group_id1_2_1_, groupdata1_.group_footer as group_fo2_2_1_, groupdata1_.group_header as group_he3_2_1_, groupdata1_.group_name as group_na4_2_1_ from address_in_groups contactgro0_ inner join group_list groupdata1_ on contactgro0_.group_id=groupdata1_.group_id where contactgro0_.id=?
23:08:01.867 [Test worker] INFO  qa.issart.com.tests.TestBase - Started test deleteContactsByIndices
23:08:21.176 [Test worker] INFO  qa.issart.com.tests.TestBase - Indices for contacts are [0, 8]
23:08:21.177 [Test worker] INFO  qa.issart.com.tests.TestBase - Deleted contacts are  id: 702 first name: 2t5kYLSZ1zZK3XqQjn5C last name 7kpoxZIDs42NpWsmr9sV
 id: 706 first name:  last name XKOxrV7pR5RRWl0XYGHS

Hibernate: select contactdat0_.id as id1_1_, contactdat0_.aday as aday2_1_, contactdat0_.address as address3_1_, contactdat0_.address2 as address4_1_, contactdat0_.amonth as amonth5_1_, contactdat0_.ayear as ayear6_1_, contactdat0_.bday as bday7_1_, contactdat0_.bmonth as bmonth8_1_, contactdat0_.byear as byear9_1_, contactdat0_.company as company10_1_, contactdat0_.email as email11_1_, contactdat0_.email2 as email12_1_, contactdat0_.email3 as email13_1_, contactdat0_.fax as fax14_1_, contactdat0_.firstname as firstna15_1_, contactdat0_.home as home16_1_, contactdat0_.homepage as homepag17_1_, contactdat0_.lastname as lastnam18_1_, contactdat0_.middlename as middlen19_1_, contactdat0_.mobile as mobile20_1_, contactdat0_.nickname as nicknam21_1_, contactdat0_.notes as notes22_1_, contactdat0_.phone2 as phone23_1_, contactdat0_.photo as photo24_1_, contactdat0_.title as title25_1_, contactdat0_.work as work26_1_ from addressbook contactdat0_ where deprecated=''
Hibernate: select contactgro0_.id as id1_0_0_, contactgro0_.group_id as group_id2_0_0_, groupdata1_.group_id as group_id1_2_1_, groupdata1_.group_footer as group_fo2_2_1_, groupdata1_.group_header as group_he3_2_1_, groupdata1_.group_name as group_na4_2_1_ from address_in_groups contactgro0_ inner join group_list groupdata1_ on contactgro0_.group_id=groupdata1_.group_id where contactgro0_.id=?
Hibernate: select contactgro0_.id as id1_0_0_, contactgro0_.group_id as group_id2_0_0_, groupdata1_.group_id as group_id1_2_1_, groupdata1_.group_footer as group_fo2_2_1_, groupdata1_.group_header as group_he3_2_1_, groupdata1_.group_name as group_na4_2_1_ from address_in_groups contactgro0_ inner join group_list groupdata1_ on contactgro0_.group_id=groupdata1_.group_id where contactgro0_.id=?
Hibernate: select contactgro0_.id as id1_0_0_, contactgro0_.group_id as group_id2_0_0_, groupdata1_.group_id as group_id1_2_1_, groupdata1_.group_footer as group_fo2_2_1_, groupdata1_.group_header as group_he3_2_1_, groupdata1_.group_name as group_na4_2_1_ from address_in_groups contactgro0_ inner join group_list groupdata1_ on contactgro0_.group_id=groupdata1_.group_id where contactgro0_.id=?
Hibernate: select groupconta0_.group_id as group_id2_0_0_, groupconta0_.id as id1_0_0_, contactdat1_.id as id1_1_1_, contactdat1_.aday as aday2_1_1_, contactdat1_.address as address3_1_1_, contactdat1_.address2 as address4_1_1_, contactdat1_.amonth as amonth5_1_1_, contactdat1_.ayear as ayear6_1_1_, contactdat1_.bday as bday7_1_1_, contactdat1_.bmonth as bmonth8_1_1_, contactdat1_.byear as byear9_1_1_, contactdat1_.company as company10_1_1_, contactdat1_.email as email11_1_1_, contactdat1_.email2 as email12_1_1_, contactdat1_.email3 as email13_1_1_, contactdat1_.fax as fax14_1_1_, contactdat1_.firstname as firstna15_1_1_, contactdat1_.home as home16_1_1_, contactdat1_.homepage as homepag17_1_1_, contactdat1_.lastname as lastnam18_1_1_, contactdat1_.middlename as middlen19_1_1_, contactdat1_.mobile as mobile20_1_1_, contactdat1_.nickname as nicknam21_1_1_, contactdat1_.notes as notes22_1_1_, contactdat1_.phone2 as phone23_1_1_, contactdat1_.photo as photo24_1_1_, contactdat1_.title as title25_1_1_, contactdat1_.work as work26_1_1_ from address_in_groups groupconta0_ inner join addressbook contactdat1_ on groupconta0_.id=contactdat1_.id where groupconta0_.group_id=?
Hibernate: select contactgro0_.id as id1_0_0_, contactgro0_.group_id as group_id2_0_0_, groupdata1_.group_id as group_id1_2_1_, groupdata1_.group_footer as group_fo2_2_1_, groupdata1_.group_header as group_he3_2_1_, groupdata1_.group_name as group_na4_2_1_ from address_in_groups contactgro0_ inner join group_list groupdata1_ on contactgro0_.group_id=groupdata1_.group_id where contactgro0_.id=?
Hibernate: select contactgro0_.id as id1_0_0_, contactgro0_.group_id as group_id2_0_0_, groupdata1_.group_id as group_id1_2_1_, groupdata1_.group_footer as group_fo2_2_1_, groupdata1_.group_header as group_he3_2_1_, groupdata1_.group_name as group_na4_2_1_ from address_in_groups contactgro0_ inner join group_list groupdata1_ on contactgro0_.group_id=groupdata1_.group_id where contactgro0_.id=?
Hibernate: select contactgro0_.id as id1_0_0_, contactgro0_.group_id as group_id2_0_0_, groupdata1_.group_id as group_id1_2_1_, groupdata1_.group_footer as group_fo2_2_1_, groupdata1_.group_header as group_he3_2_1_, groupdata1_.group_name as group_na4_2_1_ from address_in_groups contactgro0_ inner join group_list groupdata1_ on contactgro0_.group_id=groupdata1_.group_id where contactgro0_.id=?
Hibernate: select contactgro0_.id as id1_0_0_, contactgro0_.group_id as group_id2_0_0_, groupdata1_.group_id as group_id1_2_1_, groupdata1_.group_footer as group_fo2_2_1_, groupdata1_.group_header as group_he3_2_1_, groupdata1_.group_name as group_na4_2_1_ from address_in_groups contactgro0_ inner join group_list groupdata1_ on contactgro0_.group_id=groupdata1_.group_id where contactgro0_.id=?
23:08:37.005 [Test worker] INFO  qa.issart.com.tests.TestBase - Started test deleteContactsByIndices
23:08:56.755 [Test worker] INFO  qa.issart.com.tests.TestBase - Indices for contacts are [0, 6, 3]
23:08:56.755 [Test worker] INFO  qa.issart.com.tests.TestBase - Deleted contacts are  id: 703 first name: 2t5kYLSZ1zZK3XqQjn5C last name 7kpoxZIDs42NpWsmr9sV
 id: 701 first name: edIf8FbwLfQ1KtnPGBJO last name FyTkSLMWLKxGKj3B3jsu
 id: 712 first name: DR88tvsNQiwOoujvz2V4 last name rBZ7UxUpBzWG2rlaIdpR

Hibernate: select contactdat0_.id as id1_1_, contactdat0_.aday as aday2_1_, contactdat0_.address as address3_1_, contactdat0_.address2 as address4_1_, contactdat0_.amonth as amonth5_1_, contactdat0_.ayear as ayear6_1_, contactdat0_.bday as bday7_1_, contactdat0_.bmonth as bmonth8_1_, contactdat0_.byear as byear9_1_, contactdat0_.company as company10_1_, contactdat0_.email as email11_1_, contactdat0_.email2 as email12_1_, contactdat0_.email3 as email13_1_, contactdat0_.fax as fax14_1_, contactdat0_.firstname as firstna15_1_, contactdat0_.home as home16_1_, contactdat0_.homepage as homepag17_1_, contactdat0_.lastname as lastnam18_1_, contactdat0_.middlename as middlen19_1_, contactdat0_.mobile as mobile20_1_, contactdat0_.nickname as nicknam21_1_, contactdat0_.notes as notes22_1_, contactdat0_.phone2 as phone23_1_, contactdat0_.photo as photo24_1_, contactdat0_.title as title25_1_, contactdat0_.work as work26_1_ from addressbook contactdat0_ where deprecated=''
Hibernate: select contactgro0_.id as id1_0_0_, contactgro0_.group_id as group_id2_0_0_, groupdata1_.group_id as group_id1_2_1_, groupdata1_.group_footer as group_fo2_2_1_, groupdata1_.group_header as group_he3_2_1_, groupdata1_.group_name as group_na4_2_1_ from address_in_groups contactgro0_ inner join group_list groupdata1_ on contactgro0_.group_id=groupdata1_.group_id where contactgro0_.id=?
Hibernate: select contactgro0_.id as id1_0_0_, contactgro0_.group_id as group_id2_0_0_, groupdata1_.group_id as group_id1_2_1_, groupdata1_.group_footer as group_fo2_2_1_, groupdata1_.group_header as group_he3_2_1_, groupdata1_.group_name as group_na4_2_1_ from address_in_groups contactgro0_ inner join group_list groupdata1_ on contactgro0_.group_id=groupdata1_.group_id where contactgro0_.id=?
Hibernate: select groupconta0_.group_id as group_id2_0_0_, groupconta0_.id as id1_0_0_, contactdat1_.id as id1_1_1_, contactdat1_.aday as aday2_1_1_, contactdat1_.address as address3_1_1_, contactdat1_.address2 as address4_1_1_, contactdat1_.amonth as amonth5_1_1_, contactdat1_.ayear as ayear6_1_1_, contactdat1_.bday as bday7_1_1_, contactdat1_.bmonth as bmonth8_1_1_, contactdat1_.byear as byear9_1_1_, contactdat1_.company as company10_1_1_, contactdat1_.email as email11_1_1_, contactdat1_.email2 as email12_1_1_, contactdat1_.email3 as email13_1_1_, contactdat1_.fax as fax14_1_1_, contactdat1_.firstname as firstna15_1_1_, contactdat1_.home as home16_1_1_, contactdat1_.homepage as homepag17_1_1_, contactdat1_.lastname as lastnam18_1_1_, contactdat1_.middlename as middlen19_1_1_, contactdat1_.mobile as mobile20_1_1_, contactdat1_.nickname as nicknam21_1_1_, contactdat1_.notes as notes22_1_1_, contactdat1_.phone2 as phone23_1_1_, contactdat1_.photo as photo24_1_1_, contactdat1_.title as title25_1_1_, contactdat1_.work as work26_1_1_ from address_in_groups groupconta0_ inner join addressbook contactdat1_ on groupconta0_.id=contactdat1_.id where groupconta0_.group_id=?
Hibernate: select contactgro0_.id as id1_0_0_, contactgro0_.group_id as group_id2_0_0_, groupdata1_.group_id as group_id1_2_1_, groupdata1_.group_footer as group_fo2_2_1_, groupdata1_.group_header as group_he3_2_1_, groupdata1_.group_name as group_na4_2_1_ from address_in_groups contactgro0_ inner join group_list groupdata1_ on contactgro0_.group_id=groupdata1_.group_id where contactgro0_.id=?
Hibernate: select contactgro0_.id as id1_0_0_, contactgro0_.group_id as group_id2_0_0_, groupdata1_.group_id as group_id1_2_1_, groupdata1_.group_footer as group_fo2_2_1_, groupdata1_.group_header as group_he3_2_1_, groupdata1_.group_name as group_na4_2_1_ from address_in_groups contactgro0_ inner join group_list groupdata1_ on contactgro0_.group_id=groupdata1_.group_id where contactgro0_.id=?
]]></system-out>
  <system-err><![CDATA[JavaScript error: resource://activity-stream/lib/PersonalityProvider/PersonalityProvider.jsm, line 73: TypeError: http://%(server)s/dummy/blocklist// is not a valid URL.
]]></system-err>
</testsuite>
